{
  "/Users/Denis/rs/React/src/store/formSlice.ts": {
    "path": "/Users/Denis/rs/React/src/store/formSlice.ts",
    "statementMap": {
      "0": {
        "start": {
          "line": 2,
          "column": 21
        },
        "end": {
          "line": 4,
          "column": 1
        }
      },
      "1": {
        "start": {
          "line": 5,
          "column": 18
        },
        "end": {
          "line": 13,
          "column": 2
        }
      },
      "2": {
        "start": {
          "line": 10,
          "column": 6
        },
        "end": {
          "line": 10,
          "column": 43
        }
      },
      "3": {
        "start": {
          "line": 14,
          "column": 31
        },
        "end": {
          "line": 14,
          "column": 48
        }
      }
    },
    "fnMap": {
      "0": {
        "name": "(anonymous_0)",
        "decl": {
          "start": {
            "line": 9,
            "column": 4
          },
          "end": {
            "line": 9,
            "column": 5
          }
        },
        "loc": {
          "start": {
            "line": 9,
            "column": 31
          },
          "end": {
            "line": 11,
            "column": 5
          }
        },
        "line": 9
      }
    },
    "branchMap": {},
    "s": {
      "0": 7,
      "1": 7,
      "2": 1,
      "3": 7
    },
    "f": {
      "0": 1
    },
    "b": {},
    "inputSourceMap": {
      "version": 3,
      "sources": [
        "/Users/Denis/rs/React/src/store/formSlice.ts"
      ],
      "mappings": "AAAA,SAAS,mBAAkC;AAO3C,MAAM,eAA+B;AAAA,EACnC,WAAW,CAAC;AACd;AAEA,MAAM,YAAY,YAAY;AAAA,EAC5B,MAAM;AAAA,EACN;AAAA,EACA,UAAU;AAAA,IACR,YAAY,OAAO,QAAkC;AACnD,YAAM,UAAU,KAAK,OAAO,OAAO;AAAA,IACrC;AAAA,EACF;AACF,CAAC;AAEM,aAAM,EAAE,YAAY,IAAI,UAAU;AACzC,eAAe,UAAU;",
      "names": []
    },
    "_coverageSchema": "1a1c01bbd47fc00a2c39e90264f33305004495a9",
    "hash": "c3d72ce9471c591039627982e67ee0c05cb40dce"
  },
  "/Users/Denis/rs/React/src/store/searchSlice.ts": {
    "path": "/Users/Denis/rs/React/src/store/searchSlice.ts",
    "statementMap": {
      "0": {
        "start": {
          "line": 2,
          "column": 21
        },
        "end": {
          "line": 4,
          "column": 1
        }
      },
      "1": {
        "start": {
          "line": 5,
          "column": 20
        },
        "end": {
          "line": 13,
          "column": 2
        }
      },
      "2": {
        "start": {
          "line": 10,
          "column": 6
        },
        "end": {
          "line": 10,
          "column": 41
        }
      },
      "3": {
        "start": {
          "line": 14,
          "column": 39
        },
        "end": {
          "line": 14,
          "column": 58
        }
      }
    },
    "fnMap": {
      "0": {
        "name": "(anonymous_0)",
        "decl": {
          "start": {
            "line": 9,
            "column": 4
          },
          "end": {
            "line": 9,
            "column": 5
          }
        },
        "loc": {
          "start": {
            "line": 9,
            "column": 39
          },
          "end": {
            "line": 11,
            "column": 5
          }
        },
        "line": 9
      }
    },
    "branchMap": {},
    "s": {
      "0": 7,
      "1": 7,
      "2": 1,
      "3": 7
    },
    "f": {
      "0": 1
    },
    "b": {},
    "inputSourceMap": {
      "version": 3,
      "sources": [
        "/Users/Denis/rs/React/src/store/searchSlice.ts"
      ],
      "mappings": "AAAA,SAAS,mBAAmB;AAM5B,MAAM,eAA4B;AAAA,EAChC,aAAa;AACf;AAEA,MAAM,cAAc,YAAY;AAAA,EAC9B,MAAM;AAAA,EACN;AAAA,EACA,UAAU;AAAA,IACR,oBAAoB,OAAO,QAAQ;AACjC,YAAM,cAAc,OAAO;AAAA,IAC7B;AAAA,EACF;AACF,CAAC;AAEM,aAAM,EAAE,oBAAoB,IAAI,YAAY;AACnD,eAAe,YAAY;",
      "names": []
    },
    "_coverageSchema": "1a1c01bbd47fc00a2c39e90264f33305004495a9",
    "hash": "4c1a9422a2ec9e22e0c1582cd04ca500e04220a5"
  },
  "/Users/Denis/rs/React/src/utils/api.ts": {
    "path": "/Users/Denis/rs/React/src/utils/api.ts",
    "statementMap": {
      "0": {
        "start": {
          "line": 1,
          "column": 22
        },
        "end": {
          "line": 1,
          "column": 66
        }
      }
    },
    "fnMap": {},
    "branchMap": {},
    "s": {
      "0": 7
    },
    "f": {},
    "b": {},
    "inputSourceMap": {
      "version": 3,
      "sources": [
        "/Users/Denis/rs/React/src/utils/api.ts"
      ],
      "mappings": "AAAO,aAAM,SAAS;",
      "names": []
    },
    "_coverageSchema": "1a1c01bbd47fc00a2c39e90264f33305004495a9",
    "hash": "5b88ba947c1392ff35b90a7791d0c78416e79371"
  },
  "/Users/Denis/rs/React/src/store/API.ts": {
    "path": "/Users/Denis/rs/React/src/store/API.ts",
    "statementMap": {
      "0": {
        "start": {
          "line": 9,
          "column": 18
        },
        "end": {
          "line": 12,
          "column": 1
        }
      },
      "1": {
        "start": {
          "line": 13,
          "column": 28
        },
        "end": {
          "line": 24,
          "column": 2
        }
      },
      "2": {
        "start": {
          "line": 16,
          "column": 25
        },
        "end": {
          "line": 23,
          "column": 3
        }
      },
      "3": {
        "start": {
          "line": 18,
          "column": 24
        },
        "end": {
          "line": 18,
          "column": 40
        }
      },
      "4": {
        "start": {
          "line": 21,
          "column": 21
        },
        "end": {
          "line": 21,
          "column": 28
        }
      },
      "5": {
        "start": {
          "line": 25,
          "column": 73
        },
        "end": {
          "line": 25,
          "column": 85
        }
      }
    },
    "fnMap": {
      "0": {
        "name": "(anonymous_0)",
        "decl": {
          "start": {
            "line": 16,
            "column": 13
          },
          "end": {
            "line": 16,
            "column": 14
          }
        },
        "loc": {
          "start": {
            "line": 16,
            "column": 25
          },
          "end": {
            "line": 23,
            "column": 3
          }
        },
        "line": 16
      },
      "1": {
        "name": "(anonymous_1)",
        "decl": {
          "start": {
            "line": 18,
            "column": 13
          },
          "end": {
            "line": 18,
            "column": 14
          }
        },
        "loc": {
          "start": {
            "line": 18,
            "column": 24
          },
          "end": {
            "line": 18,
            "column": 40
          }
        },
        "line": 18
      },
      "2": {
        "name": "(anonymous_2)",
        "decl": {
          "start": {
            "line": 21,
            "column": 13
          },
          "end": {
            "line": 21,
            "column": 14
          }
        },
        "loc": {
          "start": {
            "line": 21,
            "column": 21
          },
          "end": {
            "line": 21,
            "column": 28
          }
        },
        "line": 21
      }
    },
    "branchMap": {},
    "s": {
      "0": 7,
      "1": 7,
      "2": 7,
      "3": 7,
      "4": 1,
      "5": 7
    },
    "f": {
      "0": 7,
      "1": 7,
      "2": 1
    },
    "b": {},
    "inputSourceMap": {
      "version": 3,
      "sources": [
        "/Users/Denis/rs/React/src/store/API.ts"
      ],
      "mappings": "AAAA;AAAA,EACE;AAAA,EACA;AAAA,EACA;AAAA,EACA;AAAA,OACK;AAEP,SAAS,cAAc;AAEvB,YAAY,YAAY;AAIxB,MAAM,YAAY;AAAA,EAChB,WAAW;AAAA,EACX,iBAAiB,EAAE,+BAA+B,KAAK,CAAC;AAC1D;AAEO,aAAM,eAAe,UAAU;AAAA,EACpC,aAAa;AAAA,EACb,WAAW,eAAe,EAAE,SAAS,QAAQ,SAAS,OAAO,CAAC;AAAA,EAC9D,WAAW,CAAC,WAAW;AAAA,IACrB,eAAe,MAAM,MAA6B;AAAA,MAChD,OAAO,CAAC,UAAkB,SAAS;AAAA,IACrC,CAAC;AAAA,IACD,wBAAwB,MAAM,MAAyB;AAAA,MACrD,OAAO,CAAC,OAAe,GAAG;AAAA,IAC5B,CAAC;AAAA,EACH;AACF,CAAC;AAEM,aAAM,EAAE,uBAAuB,+BAA+B,IACnE;",
      "names": []
    },
    "_coverageSchema": "1a1c01bbd47fc00a2c39e90264f33305004495a9",
    "hash": "dc147f9c2145ac317ed611dec9d0419938cd447f"
  },
  "/Users/Denis/rs/React/src/store/index.ts": {
    "path": "/Users/Denis/rs/React/src/store/index.ts",
    "statementMap": {
      "0": {
        "start": {
          "line": 8,
          "column": 20
        },
        "end": {
          "line": 12,
          "column": 2
        }
      },
      "1": {
        "start": {
          "line": 13,
          "column": 14
        },
        "end": {
          "line": 22,
          "column": 1
        }
      },
      "2": {
        "start": {
          "line": 14,
          "column": 2
        },
        "end": {
          "line": 21,
          "column": 5
        }
      },
      "3": {
        "start": {
          "line": 17,
          "column": 42
        },
        "end": {
          "line": 20,
          "column": 38
        }
      }
    },
    "fnMap": {
      "0": {
        "name": "(anonymous_0)",
        "decl": {
          "start": {
            "line": 13,
            "column": 14
          },
          "end": {
            "line": 13,
            "column": 15
          }
        },
        "loc": {
          "start": {
            "line": 13,
            "column": 34
          },
          "end": {
            "line": 22,
            "column": 1
          }
        },
        "line": 13
      },
      "1": {
        "name": "(anonymous_1)",
        "decl": {
          "start": {
            "line": 17,
            "column": 16
          },
          "end": {
            "line": 17,
            "column": 17
          }
        },
        "loc": {
          "start": {
            "line": 17,
            "column": 42
          },
          "end": {
            "line": 20,
            "column": 38
          }
        },
        "line": 17
      }
    },
    "branchMap": {},
    "s": {
      "0": 7,
      "1": 7,
      "2": 7,
      "3": 7
    },
    "f": {
      "0": 7,
      "1": 7
    },
    "b": {},
    "inputSourceMap": {
      "version": 3,
      "sources": [
        "/Users/Denis/rs/React/src/store/index.ts"
      ],
      "mappings": "AAAA;AAAA,EACE;AAAA,EAEA;AAAA,OACK;AACP,OAAO,iBAAiB;AACxB,OAAO,mBAAmB;AAC1B,SAAS,oBAAoB;AAE7B,MAAM,cAAc,gBAAgB;AAAA,EAClC,WAAW;AAAA,EACX,CAAC,aAAa,WAAW,GAAG,aAAa;AAAA,EACzC,aAAa;AACf,CAAC;AAED,MAAM,QAAQ,CAAC,mBAA+C;AAC5D,SAAO,eAAe;AAAA,IACpB,SAAS;AAAA,IACT;AAAA,IACA,YAAY,CAAC,yBACX,qBAAqB;AAAA,MACnB,gBAAgB;AAAA,MAChB,mBAAmB;AAAA,IACrB,CAAC,EAAE,OAAO,aAAa,UAAU;AAAA,EACrC,CAAC;AACH;AAEA,eAAe;",
      "names": []
    },
    "_coverageSchema": "1a1c01bbd47fc00a2c39e90264f33305004495a9",
    "hash": "d994b94052c2169a9ec8a7b92e5b4c32057a1296"
  },
  "/Users/Denis/rs/React/src/store/reduxHooks.ts": {
    "path": "/Users/Denis/rs/React/src/store/reduxHooks.ts",
    "statementMap": {
      "0": {
        "start": {
          "line": 2,
          "column": 30
        },
        "end": {
          "line": 2,
          "column": 49
        }
      },
      "1": {
        "start": {
          "line": 2,
          "column": 36
        },
        "end": {
          "line": 2,
          "column": 49
        }
      },
      "2": {
        "start": {
          "line": 3,
          "column": 30
        },
        "end": {
          "line": 3,
          "column": 41
        }
      }
    },
    "fnMap": {
      "0": {
        "name": "(anonymous_0)",
        "decl": {
          "start": {
            "line": 2,
            "column": 30
          },
          "end": {
            "line": 2,
            "column": 31
          }
        },
        "loc": {
          "start": {
            "line": 2,
            "column": 36
          },
          "end": {
            "line": 2,
            "column": 49
          }
        },
        "line": 2
      }
    },
    "branchMap": {},
    "s": {
      "0": 7,
      "1": 16,
      "2": 7
    },
    "f": {
      "0": 16
    },
    "b": {},
    "inputSourceMap": {
      "version": 3,
      "sources": [
        "/Users/Denis/rs/React/src/store/reduxHooks.ts"
      ],
      "mappings": "AAAA,SAAS,aAAa,mBAAyC;AAGxD,aAAM,iBAAiB,MAAM,YAAyB;AACtD,aAAM,iBAAkD;",
      "names": []
    },
    "_coverageSchema": "1a1c01bbd47fc00a2c39e90264f33305004495a9",
    "hash": "ceff828a7e7e0f2b0996f04f82f6f0857f3c0362"
  },
  "/Users/Denis/rs/React/src/components/search.tsx": {
    "path": "/Users/Denis/rs/React/src/components/search.tsx",
    "statementMap": {
      "0": {
        "start": {
          "line": 5,
          "column": 0
        },
        "end": {
          "line": 15,
          "column": 1
        }
      },
      "1": {
        "start": {
          "line": 6,
          "column": 2
        },
        "end": {
          "line": 8,
          "column": 3
        }
      },
      "2": {
        "start": {
          "line": 7,
          "column": 4
        },
        "end": {
          "line": 7,
          "column": 165
        }
      },
      "3": {
        "start": {
          "line": 9,
          "column": 2
        },
        "end": {
          "line": 9,
          "column": 39
        }
      },
      "4": {
        "start": {
          "line": 10,
          "column": 2
        },
        "end": {
          "line": 10,
          "column": 39
        }
      },
      "5": {
        "start": {
          "line": 11,
          "column": 2
        },
        "end": {
          "line": 13,
          "column": 4
        }
      },
      "6": {
        "start": {
          "line": 12,
          "column": 4
        },
        "end": {
          "line": 12,
          "column": 91
        }
      },
      "7": {
        "start": {
          "line": 14,
          "column": 2
        },
        "end": {
          "line": 14,
          "column": 75
        }
      },
      "8": {
        "start": {
          "line": 16,
          "column": 9
        },
        "end": {
          "line": 16,
          "column": 23
        }
      },
      "9": {
        "start": {
          "line": 20,
          "column": 26
        },
        "end": {
          "line": 52,
          "column": 1
        }
      },
      "10": {
        "start": {
          "line": 21,
          "column": 2
        },
        "end": {
          "line": 21,
          "column": 7
        }
      },
      "11": {
        "start": {
          "line": 25,
          "column": 6
        },
        "end": {
          "line": 25,
          "column": 15
        }
      },
      "12": {
        "start": {
          "line": 26,
          "column": 19
        },
        "end": {
          "line": 26,
          "column": 35
        }
      },
      "13": {
        "start": {
          "line": 27,
          "column": 21
        },
        "end": {
          "line": 29,
          "column": 3
        }
      },
      "14": {
        "start": {
          "line": 28,
          "column": 4
        },
        "end": {
          "line": 28,
          "column": 47
        }
      },
      "15": {
        "start": {
          "line": 30,
          "column": 2
        },
        "end": {
          "line": 51,
          "column": 11
        }
      },
      "16": {
        "start": {
          "line": 53,
          "column": 0
        },
        "end": {
          "line": 55,
          "column": 3
        }
      },
      "17": {
        "start": {
          "line": 54,
          "column": 2
        },
        "end": {
          "line": 54,
          "column": 35
        }
      },
      "18": {
        "start": {
          "line": 56,
          "column": 0
        },
        "end": {
          "line": 56,
          "column": 16
        }
      },
      "19": {
        "start": {
          "line": 58,
          "column": 0
        },
        "end": {
          "line": 58,
          "column": 31
        }
      },
      "20": {
        "start": {
          "line": 59,
          "column": 0
        },
        "end": {
          "line": 75,
          "column": 1
        }
      },
      "21": {
        "start": {
          "line": 60,
          "column": 2
        },
        "end": {
          "line": 60,
          "column": 39
        }
      },
      "22": {
        "start": {
          "line": 61,
          "column": 2
        },
        "end": {
          "line": 61,
          "column": 39
        }
      },
      "23": {
        "start": {
          "line": 62,
          "column": 2
        },
        "end": {
          "line": 74,
          "column": 5
        }
      },
      "24": {
        "start": {
          "line": 66,
          "column": 4
        },
        "end": {
          "line": 66,
          "column": 117
        }
      },
      "25": {
        "start": {
          "line": 67,
          "column": 4
        },
        "end": {
          "line": 73,
          "column": 7
        }
      },
      "26": {
        "start": {
          "line": 68,
          "column": 6
        },
        "end": {
          "line": 69,
          "column": 15
        }
      },
      "27": {
        "start": {
          "line": 69,
          "column": 8
        },
        "end": {
          "line": 69,
          "column": 15
        }
      },
      "28": {
        "start": {
          "line": 70,
          "column": 32
        },
        "end": {
          "line": 70,
          "column": 115
        }
      },
      "29": {
        "start": {
          "line": 71,
          "column": 6
        },
        "end": {
          "line": 72,
          "column": 54
        }
      },
      "30": {
        "start": {
          "line": 72,
          "column": 8
        },
        "end": {
          "line": 72,
          "column": 54
        }
      }
    },
    "fnMap": {
      "0": {
        "name": "(anonymous_0)",
        "decl": {
          "start": {
            "line": 11,
            "column": 24
          },
          "end": {
            "line": 11,
            "column": 25
          }
        },
        "loc": {
          "start": {
            "line": 11,
            "column": 38
          },
          "end": {
            "line": 13,
            "column": 3
          }
        },
        "line": 11
      },
      "1": {
        "name": "(anonymous_1)",
        "decl": {
          "start": {
            "line": 20,
            "column": 26
          },
          "end": {
            "line": 20,
            "column": 27
          }
        },
        "loc": {
          "start": {
            "line": 20,
            "column": 37
          },
          "end": {
            "line": 52,
            "column": 1
          }
        },
        "line": 20
      },
      "2": {
        "name": "(anonymous_2)",
        "decl": {
          "start": {
            "line": 27,
            "column": 21
          },
          "end": {
            "line": 27,
            "column": 22
          }
        },
        "loc": {
          "start": {
            "line": 27,
            "column": 31
          },
          "end": {
            "line": 29,
            "column": 3
          }
        },
        "line": 27
      },
      "3": {
        "name": "(anonymous_3)",
        "decl": {
          "start": {
            "line": 53,
            "column": 54
          },
          "end": {
            "line": 53,
            "column": 55
          }
        },
        "loc": {
          "start": {
            "line": 53,
            "column": 65
          },
          "end": {
            "line": 55,
            "column": 1
          }
        },
        "line": 53
      },
      "4": {
        "name": "(anonymous_4)",
        "decl": {
          "start": {
            "line": 65,
            "column": 9
          },
          "end": {
            "line": 65,
            "column": 10
          }
        },
        "loc": {
          "start": {
            "line": 65,
            "column": 29
          },
          "end": {
            "line": 74,
            "column": 3
          }
        },
        "line": 65
      },
      "5": {
        "name": "(anonymous_5)",
        "decl": {
          "start": {
            "line": 67,
            "column": 27
          },
          "end": {
            "line": 67,
            "column": 28
          }
        },
        "loc": {
          "start": {
            "line": 67,
            "column": 44
          },
          "end": {
            "line": 73,
            "column": 5
          }
        },
        "line": 67
      }
    },
    "branchMap": {
      "0": {
        "loc": {
          "start": {
            "line": 5,
            "column": 0
          },
          "end": {
            "line": 15,
            "column": 1
          }
        },
        "type": "if",
        "locations": [
          {
            "start": {
              "line": 5,
              "column": 0
            },
            "end": {
              "line": 15,
              "column": 1
            }
          },
          {
            "start": {},
            "end": {}
          }
        ],
        "line": 5
      },
      "1": {
        "loc": {
          "start": {
            "line": 6,
            "column": 2
          },
          "end": {
            "line": 8,
            "column": 3
          }
        },
        "type": "if",
        "locations": [
          {
            "start": {
              "line": 6,
              "column": 2
            },
            "end": {
              "line": 8,
              "column": 3
            }
          },
          {
            "start": {},
            "end": {}
          }
        ],
        "line": 6
      },
      "2": {
        "loc": {
          "start": {
            "line": 59,
            "column": 0
          },
          "end": {
            "line": 75,
            "column": 1
          }
        },
        "type": "if",
        "locations": [
          {
            "start": {
              "line": 59,
              "column": 0
            },
            "end": {
              "line": 75,
              "column": 1
            }
          },
          {
            "start": {},
            "end": {}
          }
        ],
        "line": 59
      },
      "3": {
        "loc": {
          "start": {
            "line": 68,
            "column": 6
          },
          "end": {
            "line": 69,
            "column": 15
          }
        },
        "type": "if",
        "locations": [
          {
            "start": {
              "line": 68,
              "column": 6
            },
            "end": {
              "line": 69,
              "column": 15
            }
          },
          {
            "start": {},
            "end": {}
          }
        ],
        "line": 68
      },
      "4": {
        "loc": {
          "start": {
            "line": 71,
            "column": 6
          },
          "end": {
            "line": 72,
            "column": 54
          }
        },
        "type": "if",
        "locations": [
          {
            "start": {
              "line": 71,
              "column": 6
            },
            "end": {
              "line": 72,
              "column": 54
            }
          },
          {
            "start": {},
            "end": {}
          }
        ],
        "line": 71
      }
    },
    "s": {
      "0": 7,
      "1": 7,
      "2": 0,
      "3": 7,
      "4": 7,
      "5": 7,
      "6": 7,
      "7": 7,
      "8": 7,
      "9": 7,
      "10": 12,
      "11": 12,
      "12": 12,
      "13": 12,
      "14": 1,
      "15": 12,
      "16": 7,
      "17": 6,
      "18": 7,
      "19": 7,
      "20": 7,
      "21": 7,
      "22": 7,
      "23": 7,
      "24": 6,
      "25": 6,
      "26": 0,
      "27": 0,
      "28": 0,
      "29": 0,
      "30": 0
    },
    "f": {
      "0": 7,
      "1": 12,
      "2": 1,
      "3": 6,
      "4": 6,
      "5": 0
    },
    "b": {
      "0": [
        7,
        0
      ],
      "1": [
        0,
        7
      ],
      "2": [
        7,
        0
      ],
      "3": [
        0,
        0
      ],
      "4": [
        0,
        0
      ]
    },
    "inputSourceMap": {
      "version": 3,
      "mappings": "AAgBQ;;;;;;;;;;;;;;;;AAhBR,SAASA,eAAe;AAExB,SAASC,sBAAsB;AAC/B,SAASC,2BAA2B;AAE7B,aAAMC,aAAaA,CAACC,UAA2B;AAAAC;AACpD,QAAM;AAAA,IAAEC;AAAAA,IAAUC;AAAAA,EAAa,IAAIP,QAAuB;AAC1D,QAAMQ,WAAWP,eAAc;AAE/B,QAAMQ,aAAaA,CAACC,SAAyB;AAC3CF,aAASN,oBAAoBQ,KAAKC,MAAM,CAAC;AAAA,EAC3C;AAEA,SACE,uBAAC,SAAI,WAAU,gBACb,iCAAC,UAAK,WAAU,QAAO,UAAUJ,aAAaE,UAAU,GACtD;AAAA,2BAAC,WACC,MAAK,UACL,aAAY,yBACZ,GAAIH,SAAS,UAAU;AAAA,MACrBM,OAAOR,MAAMS;AAAAA,IACf,CAAC,GACD,eAAY,YANd;AAAA;AAAA;AAAA;AAAA,WAMsB;AAAA,IAEtB,uBAAC,YAAO,sBAAR;AAAA;AAAA;AAAA;AAAA,WAAc;AAAA,OAThB;AAAA;AAAA;AAAA;AAAA,SAUA,KAXF;AAAA;AAAA;AAAA;AAAA,SAYA;AAEJ;AAAER,GAvBWF,YAAU;AAAA,UACcH,SAClBC,cAAc;AAAA;AAAAa,KAFpBX;AAAU;AAAAY",
      "names": [
        "useForm",
        "useAppDispatch",
        "setStateSearchValue",
        "SearchForm",
        "props",
        "_s",
        "register",
        "handleSubmit",
        "dispatch",
        "submitForm",
        "data",
        "search",
        "value",
        "searchValue",
        "_c",
        "$RefreshReg$"
      ],
      "sources": [
        "/Users/Denis/rs/React/src/components/search.tsx"
      ],
      "file": "/Users/Denis/rs/React/src/components/search.tsx"
    },
    "_coverageSchema": "1a1c01bbd47fc00a2c39e90264f33305004495a9",
    "hash": "f4a195dde98332e32ccd2a2b6208aa43e59b91b2"
  },
  "/Users/Denis/rs/React/src/components/searchCard.tsx": {
    "path": "/Users/Denis/rs/React/src/components/searchCard.tsx",
    "statementMap": {
      "0": {
        "start": {
          "line": 5,
          "column": 0
        },
        "end": {
          "line": 15,
          "column": 1
        }
      },
      "1": {
        "start": {
          "line": 6,
          "column": 2
        },
        "end": {
          "line": 8,
          "column": 3
        }
      },
      "2": {
        "start": {
          "line": 7,
          "column": 4
        },
        "end": {
          "line": 7,
          "column": 165
        }
      },
      "3": {
        "start": {
          "line": 9,
          "column": 2
        },
        "end": {
          "line": 9,
          "column": 39
        }
      },
      "4": {
        "start": {
          "line": 10,
          "column": 2
        },
        "end": {
          "line": 10,
          "column": 39
        }
      },
      "5": {
        "start": {
          "line": 11,
          "column": 2
        },
        "end": {
          "line": 13,
          "column": 4
        }
      },
      "6": {
        "start": {
          "line": 12,
          "column": 4
        },
        "end": {
          "line": 12,
          "column": 95
        }
      },
      "7": {
        "start": {
          "line": 14,
          "column": 2
        },
        "end": {
          "line": 14,
          "column": 75
        }
      },
      "8": {
        "start": {
          "line": 16,
          "column": 26
        },
        "end": {
          "line": 46,
          "column": 1
        }
      },
      "9": {
        "start": {
          "line": 17,
          "column": 23
        },
        "end": {
          "line": 20,
          "column": 3
        }
      },
      "10": {
        "start": {
          "line": 18,
          "column": 4
        },
        "end": {
          "line": 18,
          "column": 42
        }
      },
      "11": {
        "start": {
          "line": 19,
          "column": 4
        },
        "end": {
          "line": 19,
          "column": 25
        }
      },
      "12": {
        "start": {
          "line": 21,
          "column": 2
        },
        "end": {
          "line": 45,
          "column": 11
        }
      },
      "13": {
        "start": {
          "line": 47,
          "column": 0
        },
        "end": {
          "line": 47,
          "column": 16
        }
      },
      "14": {
        "start": {
          "line": 49,
          "column": 0
        },
        "end": {
          "line": 49,
          "column": 31
        }
      },
      "15": {
        "start": {
          "line": 50,
          "column": 0
        },
        "end": {
          "line": 66,
          "column": 1
        }
      },
      "16": {
        "start": {
          "line": 51,
          "column": 2
        },
        "end": {
          "line": 51,
          "column": 39
        }
      },
      "17": {
        "start": {
          "line": 52,
          "column": 2
        },
        "end": {
          "line": 52,
          "column": 39
        }
      },
      "18": {
        "start": {
          "line": 53,
          "column": 2
        },
        "end": {
          "line": 65,
          "column": 5
        }
      },
      "19": {
        "start": {
          "line": 57,
          "column": 4
        },
        "end": {
          "line": 57,
          "column": 121
        }
      },
      "20": {
        "start": {
          "line": 58,
          "column": 4
        },
        "end": {
          "line": 64,
          "column": 7
        }
      },
      "21": {
        "start": {
          "line": 59,
          "column": 6
        },
        "end": {
          "line": 60,
          "column": 15
        }
      },
      "22": {
        "start": {
          "line": 60,
          "column": 8
        },
        "end": {
          "line": 60,
          "column": 15
        }
      },
      "23": {
        "start": {
          "line": 61,
          "column": 32
        },
        "end": {
          "line": 61,
          "column": 115
        }
      },
      "24": {
        "start": {
          "line": 62,
          "column": 6
        },
        "end": {
          "line": 63,
          "column": 54
        }
      },
      "25": {
        "start": {
          "line": 63,
          "column": 8
        },
        "end": {
          "line": 63,
          "column": 54
        }
      }
    },
    "fnMap": {
      "0": {
        "name": "(anonymous_0)",
        "decl": {
          "start": {
            "line": 11,
            "column": 24
          },
          "end": {
            "line": 11,
            "column": 25
          }
        },
        "loc": {
          "start": {
            "line": 11,
            "column": 38
          },
          "end": {
            "line": 13,
            "column": 3
          }
        },
        "line": 11
      },
      "1": {
        "name": "(anonymous_1)",
        "decl": {
          "start": {
            "line": 16,
            "column": 26
          },
          "end": {
            "line": 16,
            "column": 27
          }
        },
        "loc": {
          "start": {
            "line": 16,
            "column": 37
          },
          "end": {
            "line": 46,
            "column": 1
          }
        },
        "line": 16
      },
      "2": {
        "name": "(anonymous_2)",
        "decl": {
          "start": {
            "line": 17,
            "column": 23
          },
          "end": {
            "line": 17,
            "column": 24
          }
        },
        "loc": {
          "start": {
            "line": 17,
            "column": 29
          },
          "end": {
            "line": 20,
            "column": 3
          }
        },
        "line": 17
      },
      "3": {
        "name": "(anonymous_3)",
        "decl": {
          "start": {
            "line": 56,
            "column": 9
          },
          "end": {
            "line": 56,
            "column": 10
          }
        },
        "loc": {
          "start": {
            "line": 56,
            "column": 29
          },
          "end": {
            "line": 65,
            "column": 3
          }
        },
        "line": 56
      },
      "4": {
        "name": "(anonymous_4)",
        "decl": {
          "start": {
            "line": 58,
            "column": 27
          },
          "end": {
            "line": 58,
            "column": 28
          }
        },
        "loc": {
          "start": {
            "line": 58,
            "column": 44
          },
          "end": {
            "line": 64,
            "column": 5
          }
        },
        "line": 58
      }
    },
    "branchMap": {
      "0": {
        "loc": {
          "start": {
            "line": 5,
            "column": 0
          },
          "end": {
            "line": 15,
            "column": 1
          }
        },
        "type": "if",
        "locations": [
          {
            "start": {
              "line": 5,
              "column": 0
            },
            "end": {
              "line": 15,
              "column": 1
            }
          },
          {
            "start": {},
            "end": {}
          }
        ],
        "line": 5
      },
      "1": {
        "loc": {
          "start": {
            "line": 6,
            "column": 2
          },
          "end": {
            "line": 8,
            "column": 3
          }
        },
        "type": "if",
        "locations": [
          {
            "start": {
              "line": 6,
              "column": 2
            },
            "end": {
              "line": 8,
              "column": 3
            }
          },
          {
            "start": {},
            "end": {}
          }
        ],
        "line": 6
      },
      "2": {
        "loc": {
          "start": {
            "line": 50,
            "column": 0
          },
          "end": {
            "line": 66,
            "column": 1
          }
        },
        "type": "if",
        "locations": [
          {
            "start": {
              "line": 50,
              "column": 0
            },
            "end": {
              "line": 66,
              "column": 1
            }
          },
          {
            "start": {},
            "end": {}
          }
        ],
        "line": 50
      },
      "3": {
        "loc": {
          "start": {
            "line": 59,
            "column": 6
          },
          "end": {
            "line": 60,
            "column": 15
          }
        },
        "type": "if",
        "locations": [
          {
            "start": {
              "line": 59,
              "column": 6
            },
            "end": {
              "line": 60,
              "column": 15
            }
          },
          {
            "start": {},
            "end": {}
          }
        ],
        "line": 59
      },
      "4": {
        "loc": {
          "start": {
            "line": 62,
            "column": 6
          },
          "end": {
            "line": 63,
            "column": 54
          }
        },
        "type": "if",
        "locations": [
          {
            "start": {
              "line": 62,
              "column": 6
            },
            "end": {
              "line": 63,
              "column": 54
            }
          },
          {
            "start": {},
            "end": {}
          }
        ],
        "line": 62
      }
    },
    "s": {
      "0": 7,
      "1": 7,
      "2": 0,
      "3": 7,
      "4": 7,
      "5": 7,
      "6": 7,
      "7": 7,
      "8": 7,
      "9": 120,
      "10": 1,
      "11": 1,
      "12": 120,
      "13": 7,
      "14": 7,
      "15": 7,
      "16": 7,
      "17": 7,
      "18": 7,
      "19": 6,
      "20": 6,
      "21": 0,
      "22": 0,
      "23": 0,
      "24": 0,
      "25": 0
    },
    "f": {
      "0": 7,
      "1": 120,
      "2": 1,
      "3": 6,
      "4": 0
    },
    "b": {
      "0": [
        7,
        0
      ],
      "1": [
        0,
        7
      ],
      "2": [
        7,
        0
      ],
      "3": [
        0,
        0
      ],
      "4": [
        0,
        0
      ]
    },
    "inputSourceMap": {
      "version": 3,
      "mappings": "AASM;AATN,2BAAuB;AAAQ;AAAwB;AAAA;AAAA;AAAA;AAAA;AAAA;AAAA;AAAA;AAAA;AAAA;AAAA;AAAA;AAEhD,aAAMA,aAAaA,CAACC,UAA0B;AACnD,QAAMC,eAAeA,MAAM;AACzBD,UAAME,cAAcC,OAAOH,MAAMI,EAAE,CAAC;AACpCJ,UAAMK,SAAS,IAAI;AAAA,EACrB;AACA,SACE,uBAAC,QAAG,WAAU,iBAAgB,IAAIF,OAAOH,MAAMI,EAAE,GAAG,SAASH,cAC3D;AAAA,2BAAC,UAAK,WAAU,cAAcD,gBAAMM,QAApC;AAAA;AAAA;AAAA;AAAA,WAAyC;AAAA,IACzC,uBAAC,UAAK,WAAU,eAAeN,gBAAMO,WAArC;AAAA;AAAA;AAAA;AAAA,WAA6C;AAAA,IAC7C,uBAAC,SAAI,WAAU,qCACb,iCAAC,SAAI,KAAKP,MAAMQ,OAAO,KAAI,aAAY,WAAU,wBAAjD;AAAA;AAAA;AAAA;AAAA,WAAqE,KADvE;AAAA;AAAA;AAAA;AAAA,WAEA;AAAA,OALF;AAAA;AAAA;AAAA;AAAA,SAMA;AAEJ;AAAEC,KAdWV;AAAU;AAAAW",
      "names": [
        "SearchCard",
        "props",
        "handleSubmit",
        "setChildrenID",
        "String",
        "id",
        "setPopUp",
        "name",
        "species",
        "image",
        "_c",
        "$RefreshReg$"
      ],
      "sources": [
        "/Users/Denis/rs/React/src/components/searchCard.tsx"
      ],
      "file": "/Users/Denis/rs/React/src/components/searchCard.tsx"
    },
    "_coverageSchema": "1a1c01bbd47fc00a2c39e90264f33305004495a9",
    "hash": "4daad8420f23b11db5619046a4f8e30c406506d0"
  },
  "/Users/Denis/rs/React/src/components/popUp.tsx": {
    "path": "/Users/Denis/rs/React/src/components/popUp.tsx",
    "statementMap": {
      "0": {
        "start": {
          "line": 5,
          "column": 0
        },
        "end": {
          "line": 15,
          "column": 1
        }
      },
      "1": {
        "start": {
          "line": 6,
          "column": 2
        },
        "end": {
          "line": 8,
          "column": 3
        }
      },
      "2": {
        "start": {
          "line": 7,
          "column": 4
        },
        "end": {
          "line": 7,
          "column": 165
        }
      },
      "3": {
        "start": {
          "line": 9,
          "column": 2
        },
        "end": {
          "line": 9,
          "column": 39
        }
      },
      "4": {
        "start": {
          "line": 10,
          "column": 2
        },
        "end": {
          "line": 10,
          "column": 39
        }
      },
      "5": {
        "start": {
          "line": 11,
          "column": 2
        },
        "end": {
          "line": 13,
          "column": 4
        }
      },
      "6": {
        "start": {
          "line": 12,
          "column": 4
        },
        "end": {
          "line": 12,
          "column": 90
        }
      },
      "7": {
        "start": {
          "line": 14,
          "column": 2
        },
        "end": {
          "line": 14,
          "column": 75
        }
      },
      "8": {
        "start": {
          "line": 16,
          "column": 21
        },
        "end": {
          "line": 26,
          "column": 1
        }
      },
      "9": {
        "start": {
          "line": 17,
          "column": 2
        },
        "end": {
          "line": 25,
          "column": 11
        }
      },
      "10": {
        "start": {
          "line": 17,
          "column": 110
        },
        "end": {
          "line": 17,
          "column": 131
        }
      },
      "11": {
        "start": {
          "line": 17,
          "column": 221
        },
        "end": {
          "line": 17,
          "column": 240
        }
      },
      "12": {
        "start": {
          "line": 27,
          "column": 0
        },
        "end": {
          "line": 27,
          "column": 11
        }
      },
      "13": {
        "start": {
          "line": 29,
          "column": 0
        },
        "end": {
          "line": 29,
          "column": 26
        }
      },
      "14": {
        "start": {
          "line": 30,
          "column": 0
        },
        "end": {
          "line": 46,
          "column": 1
        }
      },
      "15": {
        "start": {
          "line": 31,
          "column": 2
        },
        "end": {
          "line": 31,
          "column": 39
        }
      },
      "16": {
        "start": {
          "line": 32,
          "column": 2
        },
        "end": {
          "line": 32,
          "column": 39
        }
      },
      "17": {
        "start": {
          "line": 33,
          "column": 2
        },
        "end": {
          "line": 45,
          "column": 5
        }
      },
      "18": {
        "start": {
          "line": 37,
          "column": 4
        },
        "end": {
          "line": 37,
          "column": 116
        }
      },
      "19": {
        "start": {
          "line": 38,
          "column": 4
        },
        "end": {
          "line": 44,
          "column": 7
        }
      },
      "20": {
        "start": {
          "line": 39,
          "column": 6
        },
        "end": {
          "line": 40,
          "column": 15
        }
      },
      "21": {
        "start": {
          "line": 40,
          "column": 8
        },
        "end": {
          "line": 40,
          "column": 15
        }
      },
      "22": {
        "start": {
          "line": 41,
          "column": 32
        },
        "end": {
          "line": 41,
          "column": 115
        }
      },
      "23": {
        "start": {
          "line": 42,
          "column": 6
        },
        "end": {
          "line": 43,
          "column": 54
        }
      },
      "24": {
        "start": {
          "line": 43,
          "column": 8
        },
        "end": {
          "line": 43,
          "column": 54
        }
      }
    },
    "fnMap": {
      "0": {
        "name": "(anonymous_0)",
        "decl": {
          "start": {
            "line": 11,
            "column": 24
          },
          "end": {
            "line": 11,
            "column": 25
          }
        },
        "loc": {
          "start": {
            "line": 11,
            "column": 38
          },
          "end": {
            "line": 13,
            "column": 3
          }
        },
        "line": 11
      },
      "1": {
        "name": "(anonymous_1)",
        "decl": {
          "start": {
            "line": 16,
            "column": 21
          },
          "end": {
            "line": 16,
            "column": 22
          }
        },
        "loc": {
          "start": {
            "line": 16,
            "column": 32
          },
          "end": {
            "line": 26,
            "column": 1
          }
        },
        "line": 16
      },
      "2": {
        "name": "(anonymous_2)",
        "decl": {
          "start": {
            "line": 17,
            "column": 104
          },
          "end": {
            "line": 17,
            "column": 105
          }
        },
        "loc": {
          "start": {
            "line": 17,
            "column": 110
          },
          "end": {
            "line": 17,
            "column": 131
          }
        },
        "line": 17
      },
      "3": {
        "name": "(anonymous_3)",
        "decl": {
          "start": {
            "line": 17,
            "column": 214
          },
          "end": {
            "line": 17,
            "column": 215
          }
        },
        "loc": {
          "start": {
            "line": 17,
            "column": 221
          },
          "end": {
            "line": 17,
            "column": 240
          }
        },
        "line": 17
      },
      "4": {
        "name": "(anonymous_4)",
        "decl": {
          "start": {
            "line": 36,
            "column": 9
          },
          "end": {
            "line": 36,
            "column": 10
          }
        },
        "loc": {
          "start": {
            "line": 36,
            "column": 29
          },
          "end": {
            "line": 45,
            "column": 3
          }
        },
        "line": 36
      },
      "5": {
        "name": "(anonymous_5)",
        "decl": {
          "start": {
            "line": 38,
            "column": 27
          },
          "end": {
            "line": 38,
            "column": 28
          }
        },
        "loc": {
          "start": {
            "line": 38,
            "column": 44
          },
          "end": {
            "line": 44,
            "column": 5
          }
        },
        "line": 38
      }
    },
    "branchMap": {
      "0": {
        "loc": {
          "start": {
            "line": 5,
            "column": 0
          },
          "end": {
            "line": 15,
            "column": 1
          }
        },
        "type": "if",
        "locations": [
          {
            "start": {
              "line": 5,
              "column": 0
            },
            "end": {
              "line": 15,
              "column": 1
            }
          },
          {
            "start": {},
            "end": {}
          }
        ],
        "line": 5
      },
      "1": {
        "loc": {
          "start": {
            "line": 6,
            "column": 2
          },
          "end": {
            "line": 8,
            "column": 3
          }
        },
        "type": "if",
        "locations": [
          {
            "start": {
              "line": 6,
              "column": 2
            },
            "end": {
              "line": 8,
              "column": 3
            }
          },
          {
            "start": {},
            "end": {}
          }
        ],
        "line": 6
      },
      "2": {
        "loc": {
          "start": {
            "line": 17,
            "column": 52
          },
          "end": {
            "line": 17,
            "column": 93
          }
        },
        "type": "cond-expr",
        "locations": [
          {
            "start": {
              "line": 17,
              "column": 67
            },
            "end": {
              "line": 17,
              "column": 82
            }
          },
          {
            "start": {
              "line": 17,
              "column": 85
            },
            "end": {
              "line": 17,
              "column": 93
            }
          }
        ],
        "line": 17
      },
      "3": {
        "loc": {
          "start": {
            "line": 30,
            "column": 0
          },
          "end": {
            "line": 46,
            "column": 1
          }
        },
        "type": "if",
        "locations": [
          {
            "start": {
              "line": 30,
              "column": 0
            },
            "end": {
              "line": 46,
              "column": 1
            }
          },
          {
            "start": {},
            "end": {}
          }
        ],
        "line": 30
      },
      "4": {
        "loc": {
          "start": {
            "line": 39,
            "column": 6
          },
          "end": {
            "line": 40,
            "column": 15
          }
        },
        "type": "if",
        "locations": [
          {
            "start": {
              "line": 39,
              "column": 6
            },
            "end": {
              "line": 40,
              "column": 15
            }
          },
          {
            "start": {},
            "end": {}
          }
        ],
        "line": 39
      },
      "5": {
        "loc": {
          "start": {
            "line": 42,
            "column": 6
          },
          "end": {
            "line": 43,
            "column": 54
          }
        },
        "type": "if",
        "locations": [
          {
            "start": {
              "line": 42,
              "column": 6
            },
            "end": {
              "line": 43,
              "column": 54
            }
          },
          {
            "start": {},
            "end": {}
          }
        ],
        "line": 42
      }
    },
    "s": {
      "0": 7,
      "1": 7,
      "2": 0,
      "3": 7,
      "4": 7,
      "5": 7,
      "6": 7,
      "7": 7,
      "8": 7,
      "9": 5,
      "10": 0,
      "11": 3,
      "12": 7,
      "13": 7,
      "14": 7,
      "15": 7,
      "16": 7,
      "17": 7,
      "18": 6,
      "19": 6,
      "20": 0,
      "21": 0,
      "22": 0,
      "23": 0,
      "24": 0
    },
    "f": {
      "0": 7,
      "1": 5,
      "2": 0,
      "3": 3,
      "4": 6,
      "5": 0
    },
    "b": {
      "0": [
        7,
        0
      ],
      "1": [
        0,
        7
      ],
      "2": [
        2,
        3
      ],
      "3": [
        7,
        0
      ],
      "4": [
        0,
        0
      ],
      "5": [
        0,
        0
      ]
    },
    "inputSourceMap": {
      "version": 3,
      "mappings": "AAQM;AARN,2BAA2B;AAAA;AAAwB;AAAA;AAAA;AAAA;AAAA;AAAA;AAAA;AAAA;AAAA;AAAA;AAAA;AAAA;AAE5C,aAAMA,QAAQA,CAACC,UAAsB;AAC1C,SACE,uBAAC,SACC,WAAWA,MAAMC,SAAS,kBAAkB,UAC5C,SAAS,MAAMD,MAAME,SAAS,KAAK,GAEnC,iCAAC,SAAI,WAAU,mBAAkB,SAAUC,OAAMA,EAAEC,gBAAe,GAC/DJ,gBAAMK,YADT;AAAA;AAAA;AAAA;AAAA,SAEA,KANF;AAAA;AAAA;AAAA;AAAA,SAOA;AAEJ;AAAEC,KAXWP;AAAK;AAAAQ",
      "names": [
        "PopUP",
        "props",
        "status",
        "setPopUP",
        "e",
        "stopPropagation",
        "children",
        "_c",
        "$RefreshReg$"
      ],
      "sources": [
        "/Users/Denis/rs/React/src/components/popUp.tsx"
      ],
      "file": "/Users/Denis/rs/React/src/components/popUp.tsx"
    },
    "_coverageSchema": "1a1c01bbd47fc00a2c39e90264f33305004495a9",
    "hash": "0196b9b3bdfd380ef2d56c33fbb6ebdb82980271"
  },
  "/Users/Denis/rs/React/src/components/spinner.tsx": {
    "path": "/Users/Denis/rs/React/src/components/spinner.tsx",
    "statementMap": {
      "0": {
        "start": {
          "line": 5,
          "column": 0
        },
        "end": {
          "line": 15,
          "column": 1
        }
      },
      "1": {
        "start": {
          "line": 6,
          "column": 2
        },
        "end": {
          "line": 8,
          "column": 3
        }
      },
      "2": {
        "start": {
          "line": 7,
          "column": 4
        },
        "end": {
          "line": 7,
          "column": 165
        }
      },
      "3": {
        "start": {
          "line": 9,
          "column": 2
        },
        "end": {
          "line": 9,
          "column": 39
        }
      },
      "4": {
        "start": {
          "line": 10,
          "column": 2
        },
        "end": {
          "line": 10,
          "column": 39
        }
      },
      "5": {
        "start": {
          "line": 11,
          "column": 2
        },
        "end": {
          "line": 13,
          "column": 4
        }
      },
      "6": {
        "start": {
          "line": 12,
          "column": 4
        },
        "end": {
          "line": 12,
          "column": 92
        }
      },
      "7": {
        "start": {
          "line": 14,
          "column": 2
        },
        "end": {
          "line": 14,
          "column": 75
        }
      },
      "8": {
        "start": {
          "line": 16,
          "column": 23
        },
        "end": {
          "line": 26,
          "column": 1
        }
      },
      "9": {
        "start": {
          "line": 17,
          "column": 2
        },
        "end": {
          "line": 25,
          "column": 11
        }
      },
      "10": {
        "start": {
          "line": 27,
          "column": 0
        },
        "end": {
          "line": 27,
          "column": 13
        }
      },
      "11": {
        "start": {
          "line": 29,
          "column": 0
        },
        "end": {
          "line": 29,
          "column": 28
        }
      },
      "12": {
        "start": {
          "line": 30,
          "column": 0
        },
        "end": {
          "line": 46,
          "column": 1
        }
      },
      "13": {
        "start": {
          "line": 31,
          "column": 2
        },
        "end": {
          "line": 31,
          "column": 39
        }
      },
      "14": {
        "start": {
          "line": 32,
          "column": 2
        },
        "end": {
          "line": 32,
          "column": 39
        }
      },
      "15": {
        "start": {
          "line": 33,
          "column": 2
        },
        "end": {
          "line": 45,
          "column": 5
        }
      },
      "16": {
        "start": {
          "line": 37,
          "column": 4
        },
        "end": {
          "line": 37,
          "column": 118
        }
      },
      "17": {
        "start": {
          "line": 38,
          "column": 4
        },
        "end": {
          "line": 44,
          "column": 7
        }
      },
      "18": {
        "start": {
          "line": 39,
          "column": 6
        },
        "end": {
          "line": 40,
          "column": 15
        }
      },
      "19": {
        "start": {
          "line": 40,
          "column": 8
        },
        "end": {
          "line": 40,
          "column": 15
        }
      },
      "20": {
        "start": {
          "line": 41,
          "column": 32
        },
        "end": {
          "line": 41,
          "column": 115
        }
      },
      "21": {
        "start": {
          "line": 42,
          "column": 6
        },
        "end": {
          "line": 43,
          "column": 54
        }
      },
      "22": {
        "start": {
          "line": 43,
          "column": 8
        },
        "end": {
          "line": 43,
          "column": 54
        }
      }
    },
    "fnMap": {
      "0": {
        "name": "(anonymous_0)",
        "decl": {
          "start": {
            "line": 11,
            "column": 24
          },
          "end": {
            "line": 11,
            "column": 25
          }
        },
        "loc": {
          "start": {
            "line": 11,
            "column": 38
          },
          "end": {
            "line": 13,
            "column": 3
          }
        },
        "line": 11
      },
      "1": {
        "name": "(anonymous_1)",
        "decl": {
          "start": {
            "line": 16,
            "column": 23
          },
          "end": {
            "line": 16,
            "column": 24
          }
        },
        "loc": {
          "start": {
            "line": 16,
            "column": 29
          },
          "end": {
            "line": 26,
            "column": 1
          }
        },
        "line": 16
      },
      "2": {
        "name": "(anonymous_2)",
        "decl": {
          "start": {
            "line": 36,
            "column": 9
          },
          "end": {
            "line": 36,
            "column": 10
          }
        },
        "loc": {
          "start": {
            "line": 36,
            "column": 29
          },
          "end": {
            "line": 45,
            "column": 3
          }
        },
        "line": 36
      },
      "3": {
        "name": "(anonymous_3)",
        "decl": {
          "start": {
            "line": 38,
            "column": 27
          },
          "end": {
            "line": 38,
            "column": 28
          }
        },
        "loc": {
          "start": {
            "line": 38,
            "column": 44
          },
          "end": {
            "line": 44,
            "column": 5
          }
        },
        "line": 38
      }
    },
    "branchMap": {
      "0": {
        "loc": {
          "start": {
            "line": 5,
            "column": 0
          },
          "end": {
            "line": 15,
            "column": 1
          }
        },
        "type": "if",
        "locations": [
          {
            "start": {
              "line": 5,
              "column": 0
            },
            "end": {
              "line": 15,
              "column": 1
            }
          },
          {
            "start": {},
            "end": {}
          }
        ],
        "line": 5
      },
      "1": {
        "loc": {
          "start": {
            "line": 6,
            "column": 2
          },
          "end": {
            "line": 8,
            "column": 3
          }
        },
        "type": "if",
        "locations": [
          {
            "start": {
              "line": 6,
              "column": 2
            },
            "end": {
              "line": 8,
              "column": 3
            }
          },
          {
            "start": {},
            "end": {}
          }
        ],
        "line": 6
      },
      "2": {
        "loc": {
          "start": {
            "line": 30,
            "column": 0
          },
          "end": {
            "line": 46,
            "column": 1
          }
        },
        "type": "if",
        "locations": [
          {
            "start": {
              "line": 30,
              "column": 0
            },
            "end": {
              "line": 46,
              "column": 1
            }
          },
          {
            "start": {},
            "end": {}
          }
        ],
        "line": 30
      },
      "3": {
        "loc": {
          "start": {
            "line": 39,
            "column": 6
          },
          "end": {
            "line": 40,
            "column": 15
          }
        },
        "type": "if",
        "locations": [
          {
            "start": {
              "line": 39,
              "column": 6
            },
            "end": {
              "line": 40,
              "column": 15
            }
          },
          {
            "start": {},
            "end": {}
          }
        ],
        "line": 39
      },
      "4": {
        "loc": {
          "start": {
            "line": 42,
            "column": 6
          },
          "end": {
            "line": 43,
            "column": 54
          }
        },
        "type": "if",
        "locations": [
          {
            "start": {
              "line": 42,
              "column": 6
            },
            "end": {
              "line": 43,
              "column": 54
            }
          },
          {
            "start": {},
            "end": {}
          }
        ],
        "line": 42
      }
    },
    "s": {
      "0": 7,
      "1": 7,
      "2": 0,
      "3": 7,
      "4": 7,
      "5": 7,
      "6": 7,
      "7": 7,
      "8": 7,
      "9": 7,
      "10": 7,
      "11": 7,
      "12": 7,
      "13": 7,
      "14": 7,
      "15": 7,
      "16": 6,
      "17": 6,
      "18": 0,
      "19": 0,
      "20": 0,
      "21": 0,
      "22": 0
    },
    "f": {
      "0": 7,
      "1": 7,
      "2": 6,
      "3": 0
    },
    "b": {
      "0": [
        7,
        0
      ],
      "1": [
        0,
        7
      ],
      "2": [
        7,
        0
      ],
      "3": [
        0,
        0
      ],
      "4": [
        0,
        0
      ]
    },
    "inputSourceMap": {
      "version": 3,
      "mappings": "AAGM;AAHN,OAAO,oBAAgB;AAAM;AAAA;AAAA;AAAA;AAAA;AAAA;AAAA;AAAA;AAAA;AAAA;AAAA;AAAA;AAAA;AAAA;AAC3B,SACE,uBAAC,SAAI,WAAU,mBACb,iCAAC,SAAI,WAAU,aAAf;AAAA;AAAA;AAAA;AAAA,SAAyB,KAD3B;AAAA;AAAA;AAAA;AAAA,SAEA;AAEJ;AAAEA,KANWC;AAAO;AAAAC",
      "names": [
        "_c",
        "Spinner",
        "$RefreshReg$"
      ],
      "sources": [
        "/Users/Denis/rs/React/src/components/spinner.tsx"
      ],
      "file": "/Users/Denis/rs/React/src/components/spinner.tsx"
    },
    "_coverageSchema": "1a1c01bbd47fc00a2c39e90264f33305004495a9",
    "hash": "5589fc3f771715010d89e8d1f0d90ca61caef649"
  },
  "/Users/Denis/rs/React/src/constants/UI.ts": {
    "path": "/Users/Denis/rs/React/src/constants/UI.ts",
    "statementMap": {
      "0": {
        "start": {
          "line": 1,
          "column": 35
        },
        "end": {
          "line": 6,
          "column": 15
        }
      },
      "1": {
        "start": {
          "line": 2,
          "column": 2
        },
        "end": {
          "line": 2,
          "column": 47
        }
      },
      "2": {
        "start": {
          "line": 3,
          "column": 2
        },
        "end": {
          "line": 3,
          "column": 58
        }
      },
      "3": {
        "start": {
          "line": 4,
          "column": 2
        },
        "end": {
          "line": 4,
          "column": 46
        }
      },
      "4": {
        "start": {
          "line": 5,
          "column": 2
        },
        "end": {
          "line": 5,
          "column": 16
        }
      },
      "5": {
        "start": {
          "line": 7,
          "column": 42
        },
        "end": {
          "line": 15,
          "column": 22
        }
      },
      "6": {
        "start": {
          "line": 8,
          "column": 2
        },
        "end": {
          "line": 8,
          "column": 43
        }
      },
      "7": {
        "start": {
          "line": 9,
          "column": 2
        },
        "end": {
          "line": 9,
          "column": 37
        }
      },
      "8": {
        "start": {
          "line": 10,
          "column": 2
        },
        "end": {
          "line": 10,
          "column": 39
        }
      },
      "9": {
        "start": {
          "line": 11,
          "column": 2
        },
        "end": {
          "line": 11,
          "column": 37
        }
      },
      "10": {
        "start": {
          "line": 12,
          "column": 2
        },
        "end": {
          "line": 12,
          "column": 43
        }
      },
      "11": {
        "start": {
          "line": 13,
          "column": 2
        },
        "end": {
          "line": 13,
          "column": 37
        }
      },
      "12": {
        "start": {
          "line": 14,
          "column": 2
        },
        "end": {
          "line": 14,
          "column": 23
        }
      },
      "13": {
        "start": {
          "line": 16,
          "column": 40
        },
        "end": {
          "line": 21,
          "column": 20
        }
      },
      "14": {
        "start": {
          "line": 17,
          "column": 2
        },
        "end": {
          "line": 17,
          "column": 31
        }
      },
      "15": {
        "start": {
          "line": 18,
          "column": 2
        },
        "end": {
          "line": 18,
          "column": 33
        }
      },
      "16": {
        "start": {
          "line": 19,
          "column": 2
        },
        "end": {
          "line": 19,
          "column": 31
        }
      },
      "17": {
        "start": {
          "line": 20,
          "column": 2
        },
        "end": {
          "line": 20,
          "column": 21
        }
      },
      "18": {
        "start": {
          "line": 22,
          "column": 36
        },
        "end": {
          "line": 25,
          "column": 16
        }
      },
      "19": {
        "start": {
          "line": 23,
          "column": 2
        },
        "end": {
          "line": 23,
          "column": 27
        }
      },
      "20": {
        "start": {
          "line": 24,
          "column": 2
        },
        "end": {
          "line": 24,
          "column": 17
        }
      },
      "21": {
        "start": {
          "line": 26,
          "column": 41
        },
        "end": {
          "line": 32,
          "column": 21
        }
      },
      "22": {
        "start": {
          "line": 27,
          "column": 2
        },
        "end": {
          "line": 27,
          "column": 38
        }
      },
      "23": {
        "start": {
          "line": 28,
          "column": 2
        },
        "end": {
          "line": 28,
          "column": 42
        }
      },
      "24": {
        "start": {
          "line": 29,
          "column": 2
        },
        "end": {
          "line": 29,
          "column": 38
        }
      },
      "25": {
        "start": {
          "line": 30,
          "column": 2
        },
        "end": {
          "line": 30,
          "column": 52
        }
      },
      "26": {
        "start": {
          "line": 31,
          "column": 2
        },
        "end": {
          "line": 31,
          "column": 22
        }
      },
      "27": {
        "start": {
          "line": 33,
          "column": 39
        },
        "end": {
          "line": 40,
          "column": 19
        }
      },
      "28": {
        "start": {
          "line": 34,
          "column": 2
        },
        "end": {
          "line": 34,
          "column": 38
        }
      },
      "29": {
        "start": {
          "line": 35,
          "column": 2
        },
        "end": {
          "line": 35,
          "column": 40
        }
      },
      "30": {
        "start": {
          "line": 36,
          "column": 2
        },
        "end": {
          "line": 36,
          "column": 38
        }
      },
      "31": {
        "start": {
          "line": 37,
          "column": 2
        },
        "end": {
          "line": 37,
          "column": 30
        }
      },
      "32": {
        "start": {
          "line": 38,
          "column": 2
        },
        "end": {
          "line": 38,
          "column": 32
        }
      },
      "33": {
        "start": {
          "line": 39,
          "column": 2
        },
        "end": {
          "line": 39,
          "column": 20
        }
      }
    },
    "fnMap": {
      "0": {
        "name": "(anonymous_0)",
        "decl": {
          "start": {
            "line": 1,
            "column": 36
          },
          "end": {
            "line": 1,
            "column": 37
          }
        },
        "loc": {
          "start": {
            "line": 1,
            "column": 48
          },
          "end": {
            "line": 6,
            "column": 1
          }
        },
        "line": 1
      },
      "1": {
        "name": "(anonymous_1)",
        "decl": {
          "start": {
            "line": 7,
            "column": 43
          },
          "end": {
            "line": 7,
            "column": 44
          }
        },
        "loc": {
          "start": {
            "line": 7,
            "column": 62
          },
          "end": {
            "line": 15,
            "column": 1
          }
        },
        "line": 7
      },
      "2": {
        "name": "(anonymous_2)",
        "decl": {
          "start": {
            "line": 16,
            "column": 41
          },
          "end": {
            "line": 16,
            "column": 42
          }
        },
        "loc": {
          "start": {
            "line": 16,
            "column": 58
          },
          "end": {
            "line": 21,
            "column": 1
          }
        },
        "line": 16
      },
      "3": {
        "name": "(anonymous_3)",
        "decl": {
          "start": {
            "line": 22,
            "column": 37
          },
          "end": {
            "line": 22,
            "column": 38
          }
        },
        "loc": {
          "start": {
            "line": 22,
            "column": 50
          },
          "end": {
            "line": 25,
            "column": 1
          }
        },
        "line": 22
      },
      "4": {
        "name": "(anonymous_4)",
        "decl": {
          "start": {
            "line": 26,
            "column": 42
          },
          "end": {
            "line": 26,
            "column": 43
          }
        },
        "loc": {
          "start": {
            "line": 26,
            "column": 60
          },
          "end": {
            "line": 32,
            "column": 1
          }
        },
        "line": 26
      },
      "5": {
        "name": "(anonymous_5)",
        "decl": {
          "start": {
            "line": 33,
            "column": 40
          },
          "end": {
            "line": 33,
            "column": 41
          }
        },
        "loc": {
          "start": {
            "line": 33,
            "column": 56
          },
          "end": {
            "line": 40,
            "column": 1
          }
        },
        "line": 33
      }
    },
    "branchMap": {
      "0": {
        "loc": {
          "start": {
            "line": 6,
            "column": 3
          },
          "end": {
            "line": 6,
            "column": 14
          }
        },
        "type": "binary-expr",
        "locations": [
          {
            "start": {
              "line": 6,
              "column": 3
            },
            "end": {
              "line": 6,
              "column": 8
            }
          },
          {
            "start": {
              "line": 6,
              "column": 12
            },
            "end": {
              "line": 6,
              "column": 14
            }
          }
        ],
        "line": 6
      },
      "1": {
        "loc": {
          "start": {
            "line": 15,
            "column": 3
          },
          "end": {
            "line": 15,
            "column": 21
          }
        },
        "type": "binary-expr",
        "locations": [
          {
            "start": {
              "line": 15,
              "column": 3
            },
            "end": {
              "line": 15,
              "column": 15
            }
          },
          {
            "start": {
              "line": 15,
              "column": 19
            },
            "end": {
              "line": 15,
              "column": 21
            }
          }
        ],
        "line": 15
      },
      "2": {
        "loc": {
          "start": {
            "line": 21,
            "column": 3
          },
          "end": {
            "line": 21,
            "column": 19
          }
        },
        "type": "binary-expr",
        "locations": [
          {
            "start": {
              "line": 21,
              "column": 3
            },
            "end": {
              "line": 21,
              "column": 13
            }
          },
          {
            "start": {
              "line": 21,
              "column": 17
            },
            "end": {
              "line": 21,
              "column": 19
            }
          }
        ],
        "line": 21
      },
      "3": {
        "loc": {
          "start": {
            "line": 25,
            "column": 3
          },
          "end": {
            "line": 25,
            "column": 15
          }
        },
        "type": "binary-expr",
        "locations": [
          {
            "start": {
              "line": 25,
              "column": 3
            },
            "end": {
              "line": 25,
              "column": 9
            }
          },
          {
            "start": {
              "line": 25,
              "column": 13
            },
            "end": {
              "line": 25,
              "column": 15
            }
          }
        ],
        "line": 25
      },
      "4": {
        "loc": {
          "start": {
            "line": 32,
            "column": 3
          },
          "end": {
            "line": 32,
            "column": 20
          }
        },
        "type": "binary-expr",
        "locations": [
          {
            "start": {
              "line": 32,
              "column": 3
            },
            "end": {
              "line": 32,
              "column": 14
            }
          },
          {
            "start": {
              "line": 32,
              "column": 18
            },
            "end": {
              "line": 32,
              "column": 20
            }
          }
        ],
        "line": 32
      },
      "5": {
        "loc": {
          "start": {
            "line": 40,
            "column": 3
          },
          "end": {
            "line": 40,
            "column": 18
          }
        },
        "type": "binary-expr",
        "locations": [
          {
            "start": {
              "line": 40,
              "column": 3
            },
            "end": {
              "line": 40,
              "column": 12
            }
          },
          {
            "start": {
              "line": 40,
              "column": 16
            },
            "end": {
              "line": 40,
              "column": 18
            }
          }
        ],
        "line": 40
      }
    },
    "s": {
      "0": 7,
      "1": 7,
      "2": 7,
      "3": 7,
      "4": 7,
      "5": 7,
      "6": 7,
      "7": 7,
      "8": 7,
      "9": 7,
      "10": 7,
      "11": 7,
      "12": 7,
      "13": 7,
      "14": 7,
      "15": 7,
      "16": 7,
      "17": 7,
      "18": 7,
      "19": 7,
      "20": 7,
      "21": 7,
      "22": 7,
      "23": 7,
      "24": 7,
      "25": 7,
      "26": 7,
      "27": 7,
      "28": 7,
      "29": 7,
      "30": 7,
      "31": 7,
      "32": 7,
      "33": 7
    },
    "f": {
      "0": 7,
      "1": 7,
      "2": 7,
      "3": 7,
      "4": 7,
      "5": 7
    },
    "b": {
      "0": [
        7,
        7
      ],
      "1": [
        7,
        7
      ],
      "2": [
        7,
        7
      ],
      "3": [
        7,
        7
      ],
      "4": [
        7,
        7
      ],
      "5": [
        7,
        7
      ]
    },
    "inputSourceMap": {
      "version": 3,
      "sources": [
        "/Users/Denis/rs/React/src/constants/UI.ts"
      ],
      "mappings": "AAAO,WAAK,QAAL,kBAAKA,WAAL;AACL,EAAAA,OAAA,WAAQ;AACR,EAAAA,OAAA,WAAQ;AACR,EAAAA,OAAA,aAAU;AAHA,SAAAA;AAAA,GAAA;AAML,WAAK,eAAL,kBAAKC,kBAAL;AACL,EAAAA,cAAA,cAAW;AACX,EAAAA,cAAA,WAAQ;AACR,EAAAA,cAAA,YAAS;AACT,EAAAA,cAAA,WAAQ;AACR,EAAAA,cAAA,cAAW;AACX,EAAAA,cAAA,WAAQ;AANE,SAAAA;AAAA,GAAA;AASL,WAAK,aAAL,kBAAKC,gBAAL;AACL,EAAAA,YAAA,UAAO;AACP,EAAAA,YAAA,WAAQ;AACR,EAAAA,YAAA,UAAO;AAHG,SAAAA;AAAA,GAAA;AAML,WAAK,SAAL,kBAAKC,YAAL;AACL,EAAAA,QAAA,UAAO;AADG,SAAAA;AAAA,GAAA;AAIL,WAAK,cAAL,kBAAKC,iBAAL;AACL,EAAAA,aAAA,YAAS;AACT,EAAAA,aAAA,cAAW;AACX,EAAAA,aAAA,YAAS;AACT,EAAAA,aAAA,cAAW;AAJD,SAAAA;AAAA,GAAA;AAOL,WAAK,YAAL,kBAAKC,eAAL;AACL,EAAAA,WAAA,aAAU;AACV,EAAAA,WAAA,cAAW;AACX,EAAAA,WAAA,WAAQ;AACR,EAAAA,WAAA,SAAM;AACN,EAAAA,WAAA,UAAO;AALG,SAAAA;AAAA,GAAA;",
      "names": [
        "PAGES",
        "PRODUCT_CARD",
        "HEADER_NAV",
        "FOOTER",
        "SEARCH_CARD",
        "USER_CARD"
      ]
    },
    "_coverageSchema": "1a1c01bbd47fc00a2c39e90264f33305004495a9",
    "hash": "1648e1230f1310affad417454322667ec4884e9c"
  },
  "/Users/Denis/rs/React/src/components/searchCardBig.tsx": {
    "path": "/Users/Denis/rs/React/src/components/searchCardBig.tsx",
    "statementMap": {
      "0": {
        "start": {
          "line": 5,
          "column": 0
        },
        "end": {
          "line": 15,
          "column": 1
        }
      },
      "1": {
        "start": {
          "line": 6,
          "column": 2
        },
        "end": {
          "line": 8,
          "column": 3
        }
      },
      "2": {
        "start": {
          "line": 7,
          "column": 4
        },
        "end": {
          "line": 7,
          "column": 165
        }
      },
      "3": {
        "start": {
          "line": 9,
          "column": 2
        },
        "end": {
          "line": 9,
          "column": 39
        }
      },
      "4": {
        "start": {
          "line": 10,
          "column": 2
        },
        "end": {
          "line": 10,
          "column": 39
        }
      },
      "5": {
        "start": {
          "line": 11,
          "column": 2
        },
        "end": {
          "line": 13,
          "column": 4
        }
      },
      "6": {
        "start": {
          "line": 12,
          "column": 4
        },
        "end": {
          "line": 12,
          "column": 98
        }
      },
      "7": {
        "start": {
          "line": 14,
          "column": 2
        },
        "end": {
          "line": 14,
          "column": 75
        }
      },
      "8": {
        "start": {
          "line": 16,
          "column": 9
        },
        "end": {
          "line": 16,
          "column": 23
        }
      },
      "9": {
        "start": {
          "line": 20,
          "column": 29
        },
        "end": {
          "line": 112,
          "column": 1
        }
      },
      "10": {
        "start": {
          "line": 21,
          "column": 2
        },
        "end": {
          "line": 21,
          "column": 7
        }
      },
      "11": {
        "start": {
          "line": 26,
          "column": 6
        },
        "end": {
          "line": 26,
          "column": 46
        }
      },
      "12": {
        "start": {
          "line": 27,
          "column": 2
        },
        "end": {
          "line": 111,
          "column": 11
        }
      },
      "13": {
        "start": {
          "line": 94,
          "column": 71
        },
        "end": {
          "line": 94,
          "column": 92
        }
      },
      "14": {
        "start": {
          "line": 113,
          "column": 0
        },
        "end": {
          "line": 115,
          "column": 3
        }
      },
      "15": {
        "start": {
          "line": 114,
          "column": 2
        },
        "end": {
          "line": 114,
          "column": 42
        }
      },
      "16": {
        "start": {
          "line": 116,
          "column": 0
        },
        "end": {
          "line": 116,
          "column": 19
        }
      },
      "17": {
        "start": {
          "line": 118,
          "column": 0
        },
        "end": {
          "line": 118,
          "column": 34
        }
      },
      "18": {
        "start": {
          "line": 119,
          "column": 0
        },
        "end": {
          "line": 135,
          "column": 1
        }
      },
      "19": {
        "start": {
          "line": 120,
          "column": 2
        },
        "end": {
          "line": 120,
          "column": 39
        }
      },
      "20": {
        "start": {
          "line": 121,
          "column": 2
        },
        "end": {
          "line": 121,
          "column": 39
        }
      },
      "21": {
        "start": {
          "line": 122,
          "column": 2
        },
        "end": {
          "line": 134,
          "column": 5
        }
      },
      "22": {
        "start": {
          "line": 126,
          "column": 4
        },
        "end": {
          "line": 126,
          "column": 124
        }
      },
      "23": {
        "start": {
          "line": 127,
          "column": 4
        },
        "end": {
          "line": 133,
          "column": 7
        }
      },
      "24": {
        "start": {
          "line": 128,
          "column": 6
        },
        "end": {
          "line": 129,
          "column": 15
        }
      },
      "25": {
        "start": {
          "line": 129,
          "column": 8
        },
        "end": {
          "line": 129,
          "column": 15
        }
      },
      "26": {
        "start": {
          "line": 130,
          "column": 32
        },
        "end": {
          "line": 130,
          "column": 115
        }
      },
      "27": {
        "start": {
          "line": 131,
          "column": 6
        },
        "end": {
          "line": 132,
          "column": 54
        }
      },
      "28": {
        "start": {
          "line": 132,
          "column": 8
        },
        "end": {
          "line": 132,
          "column": 54
        }
      }
    },
    "fnMap": {
      "0": {
        "name": "(anonymous_0)",
        "decl": {
          "start": {
            "line": 11,
            "column": 24
          },
          "end": {
            "line": 11,
            "column": 25
          }
        },
        "loc": {
          "start": {
            "line": 11,
            "column": 38
          },
          "end": {
            "line": 13,
            "column": 3
          }
        },
        "line": 11
      },
      "1": {
        "name": "(anonymous_1)",
        "decl": {
          "start": {
            "line": 20,
            "column": 29
          },
          "end": {
            "line": 20,
[...]
          "column": 6
        },
        "end": {
          "line": 59,
          "column": 15
        }
      },
      "19": {
        "start": {
          "line": 59,
          "column": 8
        },
        "end": {
          "line": 59,
          "column": 15
        }
      },
      "20": {
        "start": {
          "line": 60,
          "column": 32
        },
        "end": {
          "line": 60,
          "column": 115
        }
      },
      "21": {
        "start": {
          "line": 61,
          "column": 6
        },
        "end": {
          "line": 62,
          "column": 54
        }
      },
      "22": {
        "start": {
          "line": 62,
          "column": 8
        },
        "end": {
          "line": 62,
          "column": 54
        }
      }
    },
    "fnMap": {
      "0": {
        "name": "(anonymous_0)",
        "decl": {
          "start": {
            "line": 11,
            "column": 24
          },
          "end": {
            "line": 11,
            "column": 25
          }
        },
        "loc": {
          "start": {
            "line": 11,
            "column": 38
          },
          "end": {
            "line": 13,
            "column": 3
          }
        },
        "line": 11
      },
      "1": {
        "name": "(anonymous_1)",
        "decl": {
          "start": {
            "line": 19,
            "column": 22
          },
          "end": {
            "line": 19,
            "column": 23
          }
        },
        "loc": {
          "start": {
            "line": 19,
            "column": 28
          },
          "end": {
            "line": 45,
            "column": 1
          }
        },
        "line": 19
      },
      "2": {
        "name": "(anonymous_2)",
        "decl": {
          "start": {
            "line": 55,
            "column": 9
          },
          "end": {
            "line": 55,
            "column": 10
          }
        },
        "loc": {
          "start": {
            "line": 55,
            "column": 29
          },
          "end": {
            "line": 64,
            "column": 3
          }
        },
        "line": 55
      },
      "3": {
        "name": "(anonymous_3)",
        "decl": {
          "start": {
            "line": 57,
            "column": 27
          },
          "end": {
            "line": 57,
            "column": 28
          }
        },
        "loc": {
          "start": {
            "line": 57,
            "column": 44
          },
          "end": {
            "line": 63,
            "column": 5
          }
        },
        "line": 57
      }
    },
    "branchMap": {
      "0": {
        "loc": {
          "start": {
            "line": 5,
            "column": 0
          },
          "end": {
            "line": 15,
            "column": 1
          }
        },
        "type": "if",
        "locations": [
          {
            "start": {
              "line": 5,
              "column": 0
            },
            "end": {
              "line": 15,
              "column": 1
            }
          },
          {
            "start": {},
            "end": {}
          }
        ],
        "line": 5
      },
      "1": {
        "loc": {
          "start": {
            "line": 6,
            "column": 2
          },
          "end": {
            "line": 8,
            "column": 3
          }
        },
        "type": "if",
        "locations": [
          {
            "start": {
              "line": 6,
              "column": 2
            },
            "end": {
              "line": 8,
              "column": 3
            }
          },
          {
            "start": {},
            "end": {}
          }
        ],
        "line": 6
      },
      "2": {
        "loc": {
          "start": {
            "line": 49,
            "column": 0
          },
          "end": {
            "line": 65,
            "column": 1
          }
        },
        "type": "if",
        "locations": [
          {
            "start": {
              "line": 49,
              "column": 0
            },
            "end": {
              "line": 65,
              "column": 1
            }
          },
          {
            "start": {},
            "end": {}
          }
        ],
        "line": 49
      },
      "3": {
        "loc": {
          "start": {
            "line": 58,
            "column": 6
          },
          "end": {
            "line": 59,
            "column": 15
          }
        },
        "type": "if",
        "locations": [
          {
            "start": {
              "line": 58,
              "column": 6
            },
            "end": {
              "line": 59,
              "column": 15
            }
          },
          {
            "start": {},
            "end": {}
          }
        ],
        "line": 58
      },
      "4": {
        "loc": {
          "start": {
            "line": 61,
            "column": 6
          },
          "end": {
            "line": 62,
            "column": 54
          }
        },
        "type": "if",
        "locations": [
          {
            "start": {
              "line": 61,
              "column": 6
            },
            "end": {
              "line": 62,
              "column": 54
            }
          },
          {
            "start": {},
            "end": {}
          }
        ],
        "line": 61
      }
    },
    "s": {
      "0": 7,
      "1": 7,
      "2": 0,
      "3": 7,
      "4": 7,
      "5": 7,
      "6": 7,
      "7": 7,
      "8": 7,
      "9": 8,
      "10": 7,
      "11": 7,
      "12": 7,
      "13": 7,
      "14": 7,
      "15": 7,
      "16": 6,
      "17": 6,
      "18": 0,
      "19": 0,
      "20": 0,
      "21": 0,
      "22": 0
    },
    "f": {
      "0": 7,
      "1": 8,
      "2": 6,
      "3": 0
    },
    "b": {
      "0": [
        7,
        0
      ],
      "1": [
        0,
        7
      ],
      "2": [
        7,
        0
      ],
      "3": [
        0,
        0
      ],
      "4": [
        0,
        0
      ]
    },
    "inputSourceMap": {
      "version": 3,
      "mappings": "AAMI,mBACE,cADF;AANJ,2BAAuB;AAAkB;AAAA;AAAA;AAAA;AAAA;AAAA;AAAA;AAAA;AAAA;AAAA;AAAA;AAAA;AAAA;AAAA;AACzC,SAASA,cAAc;AACvB,SAASC,cAAc;AAEhB,aAAMC,SAASA,MAAM;AAC1B,SACE,mCACE;AAAA,2BAAC,YAAD;AAAA;AAAA;AAAA;AAAA,WAAO;AAAA,IACP,uBAAC,UAAK,WAAU,gBAAe,IAAG,kBAChC,iCAAC,YAAD;AAAA;AAAA;AAAA;AAAA,WAAO,KADT;AAAA;AAAA;AAAA;AAAA,WAEA;AAAA,IACA,uBAAC,YAAD;AAAA;AAAA;AAAA;AAAA,WAAO;AAAA,OALT;AAAA;AAAA;AAAA;AAAA,SAMA;AAEJ;AAAEC,KAVWD;AAAM;AAAAE",
      "names": [
        "Footer",
        "Header",
        "Layout",
        "_c",
        "$RefreshReg$"
      ],
      "sources": [
        "/Users/Denis/rs/React/src/components/layout.tsx"
      ],
      "file": "/Users/Denis/rs/React/src/components/layout.tsx"
    },
    "_coverageSchema": "1a1c01bbd47fc00a2c39e90264f33305004495a9",
    "hash": "89fb4d147c67c967870c45d60245a54f8146928e"
  },
  "/Users/Denis/rs/React/src/app.tsx": {
    "path": "/Users/Denis/rs/React/src/app.tsx",
    "statementMap": {
      "0": {
        "start": {
          "line": 5,
          "column": 0
        },
        "end": {
          "line": 15,
          "column": 1
        }
      },
      "1": {
        "start": {
          "line": 6,
          "column": 2
        },
        "end": {
          "line": 8,
          "column": 3
        }
      },
      "2": {
        "start": {
          "line": 7,
          "column": 4
        },
        "end": {
          "line": 7,
          "column": 165
        }
      },
      "3": {
        "start": {
          "line": 9,
          "column": 2
        },
        "end": {
          "line": 9,
          "column": 39
        }
      },
      "4": {
        "start": {
          "line": 10,
          "column": 2
        },
        "end": {
          "line": 10,
          "column": 39
        }
      },
      "5": {
        "start": {
          "line": 11,
          "column": 2
        },
        "end": {
          "line": 13,
          "column": 4
        }
      },
      "6": {
        "start": {
          "line": 12,
          "column": 4
        },
        "end": {
          "line": 12,
          "column": 77
        }
      },
      "7": {
        "start": {
          "line": 14,
          "column": 2
        },
        "end": {
          "line": 14,
          "column": 75
        }
      },
      "8": {
        "start": {
          "line": 22,
          "column": 19
        },
        "end": {
          "line": 80,
          "column": 1
        }
      },
      "9": {
        "start": {
          "line": 23,
          "column": 2
        },
        "end": {
          "line": 79,
          "column": 4
        }
      },
      "10": {
        "start": {
          "line": 81,
          "column": 0
        },
        "end": {
          "line": 81,
          "column": 9
        }
      },
      "11": {
        "start": {
          "line": 83,
          "column": 0
        },
        "end": {
          "line": 83,
          "column": 24
        }
      },
      "12": {
        "start": {
          "line": 84,
          "column": 0
        },
        "end": {
          "line": 100,
          "column": 1
        }
      },
      "13": {
        "start": {
          "line": 85,
          "column": 2
        },
        "end": {
          "line": 85,
          "column": 39
        }
      },
      "14": {
        "start": {
          "line": 86,
          "column": 2
        },
        "end": {
          "line": 86,
          "column": 39
        }
      },
      "15": {
        "start": {
          "line": 87,
          "column": 2
        },
        "end": {
          "line": 99,
          "column": 5
        }
      },
      "16": {
        "start": {
          "line": 91,
          "column": 4
        },
        "end": {
          "line": 91,
          "column": 103
        }
      },
      "17": {
        "start": {
          "line": 92,
          "column": 4
        },
        "end": {
          "line": 98,
          "column": 7
        }
      },
      "18": {
        "start": {
          "line": 93,
          "column": 6
        },
        "end": {
          "line": 94,
          "column": 15
        }
      },
      "19": {
        "start": {
          "line": 94,
          "column": 8
        },
        "end": {
          "line": 94,
          "column": 15
        }
      },
      "20": {
        "start": {
          "line": 95,
          "column": 32
        },
        "end": {
          "line": 95,
          "column": 115
        }
      },
      "21": {
        "start": {
          "line": 96,
          "column": 6
        },
        "end": {
          "line": 97,
          "column": 54
        }
      },
      "22": {
        "start": {
          "line": 97,
          "column": 8
        },
        "end": {
          "line": 97,
          "column": 54
        }
      }
    },
    "fnMap": {
      "0": {
        "name": "(anonymous_0)",
        "decl": {
          "start": {
            "line": 11,
            "column": 24
          },
          "end": {
            "line": 11,
            "column": 25
          }
        },
        "loc": {
          "start": {
            "line": 11,
            "column": 38
          },
          "end": {
            "line": 13,
            "column": 3
          }
        },
        "line": 11
      },
      "1": {
        "name": "(anonymous_1)",
        "decl": {
          "start": {
            "line": 22,
            "column": 19
          },
          "end": {
            "line": 22,
            "column": 20
          }
        },
        "loc": {
          "start": {
            "line": 22,
            "column": 25
          },
          "end": {
            "line": 80,
            "column": 1
          }
        },
        "line": 22
      },
      "2": {
        "name": "(anonymous_2)",
        "decl": {
          "start": {
            "line": 90,
            "column": 9
          },
          "end": {
            "line": 90,
            "column": 10
          }
        },
        "loc": {
          "start": {
            "line": 90,
            "column": 29
          },
          "end": {
            "line": 99,
            "column": 3
          }
        },
        "line": 90
      },
      "3": {
        "name": "(anonymous_3)",
        "decl": {
          "start": {
            "line": 92,
            "column": 27
          },
          "end": {
            "line": 92,
            "column": 28
          }
        },
        "loc": {
          "start": {
            "line": 92,
            "column": 44
          },
          "end": {
            "line": 98,
            "column": 5
          }
        },
        "line": 92
      }
    },
    "branchMap": {
      "0": {
        "loc": {
          "start": {
            "line": 5,
            "column": 0
          },
          "end": {
            "line": 15,
            "column": 1
          }
        },
        "type": "if",
        "locations": [
          {
            "start": {
              "line": 5,
              "column": 0
            },
            "end": {
              "line": 15,
              "column": 1
            }
          },
          {
            "start": {},
            "end": {}
          }
        ],
        "line": 5
      },
      "1": {
        "loc": {
          "start": {
            "line": 6,
            "column": 2
          },
          "end": {
            "line": 8,
            "column": 3
          }
        },
        "type": "if",
        "locations": [
          {
            "start": {
              "line": 6,
              "column": 2
            },
            "end": {
              "line": 8,
              "column": 3
            }
          },
          {
            "start": {},
            "end": {}
          }
        ],
        "line": 6
      },
      "2": {
        "loc": {
          "start": {
            "line": 84,
            "column": 0
          },
          "end": {
            "line": 100,
            "column": 1
          }
        },
        "type": "if",
        "locations": [
          {
            "start": {
              "line": 84,
              "column": 0
            },
            "end": {
              "line": 100,
              "column": 1
            }
          },
          {
            "start": {},
            "end": {}
          }
        ],
        "line": 84
      },
      "3": {
        "loc": {
          "start": {
            "line": 93,
            "column": 6
          },
          "end": {
            "line": 94,
            "column": 15
          }
        },
        "type": "if",
        "locations": [
          {
            "start": {
              "line": 93,
              "column": 6
            },
            "end": {
              "line": 94,
              "column": 15
            }
          },
          {
            "start": {},
            "end": {}
          }
        ],
        "line": 93
      },
      "4": {
        "loc": {
          "start": {
            "line": 96,
            "column": 6
          },
          "end": {
            "line": 97,
            "column": 54
          }
        },
        "type": "if",
        "locations": [
          {
            "start": {
              "line": 96,
              "column": 6
            },
            "end": {
              "line": 97,
              "column": 54
            }
          },
          {
            "start": {},
            "end": {}
          }
        ],
        "line": 96
      }
    },
    "s": {
      "0": 7,
      "1": 7,
      "2": 0,
      "3": 7,
      "4": 7,
      "5": 7,
      "6": 7,
      "7": 7,
      "8": 7,
      "9": 8,
      "10": 7,
      "11": 7,
      "12": 7,
      "13": 7,
      "14": 7,
      "15": 7,
      "16": 6,
      "17": 6,
      "18": 0,
      "19": 0,
      "20": 0,
      "21": 0,
      "22": 0
    },
    "f": {
      "0": 7,
      "1": 8,
      "2": 6,
      "3": 0
    },
    "b": {
      "0": [
        7,
        0
      ],
      "1": [
        0,
        7
      ],
      "2": [
        7,
        0
      ],
      "3": [
        0,
        0
      ],
      "4": [
        0,
        0
      ]
    },
    "inputSourceMap": {
      "version": 3,
      "mappings": "AAemC;AAfnC,2BAAwBA;AAAqB;AAAkB;AAAA;AAAA;AAAA;AAAA;AAAA;AAAA;AAAA;AAAA;AAAA;AAAA;AAAA;AAAA;AAC/D,SAAQC,gBAAe;AACvB,SAAQC,iBAAgB;AACxB,SAAQC,gBAAe;AACvB,SAAQC,gBAAe;AACvB,SAAQC,cAAa;AAEd,aAAMC,MAAMA,MAAM;AACvB;AAAA;AAAA;AAAA;AAAA;AAAA;AAAA,IAMI,uBAAC,UACG,iCAAC,SAAM,MAAK,KAAI,SAAS,uBAAC,YAAD;AAAA;AAAA;AAAA;AAAA,WAAO,GAC9B;AAAA,6BAAC,SAAM,OAAK,MAAC,SAAS,uBAAC,cAAD;AAAA;AAAA;AAAA;AAAA,aAAS,KAA/B;AAAA;AAAA;AAAA;AAAA,aAAmC;AAAA,MACnC,uBAAC,SAAM,MAAK,SAAQ,SAAS,uBAAC,eAAD;AAAA;AAAA;AAAA;AAAA,aAAU,KAAvC;AAAA;AAAA;AAAA;AAAA,aAA2C;AAAA,MAC3C,uBAAC,SAAM,MAAK,QAAO,SAAS,uBAAC,cAAD;AAAA;AAAA;AAAA;AAAA,aAAS,KAArC;AAAA;AAAA;AAAA;AAAA,aAAyC;AAAA,MACzC,uBAAC,SAAM,MAAK,KAAI,SAAS,uBAAC,cAAD;AAAA;AAAA;AAAA;AAAA,aAAS,KAAlC;AAAA;AAAA;AAAA;AAAA,aAAsC;AAAA,SAJxC;AAAA;AAAA;AAAA;AAAA,WAKA,KANJ;AAAA;AAAA;AAAA;AAAA,WAOE;AAAA;AAKR;AAAEC,KAnBWD;AAAG;AAAAE",
      "names": [
        "BrowserRouter",
        "MainPage",
        "AboutPage",
        "NotFound",
        "FormPage",
        "Layout",
        "App",
        "_c",
        "$RefreshReg$"
      ],
      "sources": [
        "/Users/Denis/rs/React/src/app.tsx"
      ],
      "file": "/Users/Denis/rs/React/src/app.tsx"
    },
    "_coverageSchema": "1a1c01bbd47fc00a2c39e90264f33305004495a9",
    "hash": "1e059389e789de8eae6f3164525d3e46b1229eb9"
  },
  "/Users/Denis/rs/React/src/entry-client.tsx": {
    "path": "/Users/Denis/rs/React/src/entry-client.tsx",
    "statementMap": {
      "0": {
        "start": {
          "line": 8,
          "column": 14
        },
        "end": {
          "line": 8,
          "column": 26
        }
      },
      "1": {
        "start": {
          "line": 9,
          "column": 0
        },
        "end": {
          "line": 25,
          "column": 2
        }
      }
    },
    "fnMap": {},
    "branchMap": {},
    "s": {
      "0": 7,
      "1": 7
    },
    "f": {},
    "b": {},
    "inputSourceMap": {
      "version": 3,
      "mappings": "AAeM;AAfN,SAAwBA,qBAAqB;AAE7C,OAAOC,cAAc;AACrB,SAASC,gBAAgB;AACzB,OAAOC,gBAAgB;AACvB,SAASC,WAAW;AACpB,OAAO;AAEP,MAAMC,QAAQF,WAAU;AAExBF,SAASK;AAAAA,EACPC,SAASC,eAAe,MAAM;AAAA;AAAA,EAE9B,uBAAC,YAAS,OACR,iCAAC,iBACC,iCAAC,SAAD;AAAA;AAAA;AAAA;AAAA,SAAI,KADN;AAAA;AAAA;AAAA;AAAA,SAEA,KAHF;AAAA;AAAA;AAAA;AAAA,SAIA;AAAW",
      "names": [
        "BrowserRouter",
        "ReactDOM",
        "Provider",
        "setupStore",
        "App",
        "store",
        "hydrateRoot",
        "document",
        "getElementById"
      ],
      "sources": [
        "/Users/Denis/rs/React/src/entry-client.tsx"
      ],
      "file": "/Users/Denis/rs/React/src/entry-client.tsx"
    },
    "_coverageSchema": "1a1c01bbd47fc00a2c39e90264f33305004495a9",
    "hash": "7dfc346f462539dbe770780fa6b5be83e7ae60a4"
  },
  "/Users/Denis/rs/React/src/productItems.ts": {
    "path": "/Users/Denis/rs/React/src/productItems.ts",
    "statementMap": {},
    "fnMap": {},
    "branchMap": {},
    "s": {},
    "f": {},
    "b": {}
  },
  "/Users/Denis/rs/React/src/constants/constants.ts": {
    "path": "/Users/Denis/rs/React/src/constants/constants.ts",
    "statementMap": {},
    "fnMap": {},
    "branchMap": {},
    "s": {},
    "f": {},
    "b": {}
  },
  "/Users/Denis/rs/React/src/entry-server.tsx": {
    "path": "/Users/Denis/rs/React/src/entry-server.tsx",
    "statementMap": {},
    "fnMap": {},
    "branchMap": {},
    "s": {},
    "f": {},
    "b": {}
  },
  "/Users/Denis/rs/React/src/components/card.tsx": {
    "path": "/Users/Denis/rs/React/src/components/card.tsx",
    "statementMap": {},
    "fnMap": {},
    "branchMap": {},
    "s": {},
    "f": {},
    "b": {}
  }
}
