<?xml version="1.0" encoding="UTF-8"?>
<coverage generated="1682189581557" clover="3.2.0">
  <project timestamp="1682189581557" name="All files">
    <metrics statements="150" coveredstatements="147" conditionals="61" coveredconditionals="48" methods="57" coveredmethods="55" elements="268" coveredelements="250" complexity="0" loc="150" ncloc="150" packages="7" files="29" classes="29"/>
    <package name="src">
      <metrics statements="6" coveredstatements="6" conditionals="1" coveredconditionals="1" methods="2" coveredmethods="2"/>
      <file name="app.tsx" path="/Users/Denis/rs/React/src/app.tsx">
        <metrics statements="4" coveredstatements="4" conditionals="1" coveredconditionals="1" methods="2" coveredmethods="2"/>
        <line num="1" count="49" type="cond" truecount="1" falsecount="0"/>
        <line num="8" count="7" type="stmt"/>
        <line num="9" count="8" type="stmt"/>
        <line num="27" count="7" type="stmt"/>
      </file>
      <file name="entry-client.tsx" path="/Users/Denis/rs/React/src/entry-client.tsx">
        <metrics statements="2" coveredstatements="2" conditionals="0" coveredconditionals="0" methods="0" coveredmethods="0"/>
        <line num="9" count="7" type="stmt"/>
        <line num="11" count="7" type="stmt"/>
      </file>
      <file name="entry-server.tsx" path="/Users/Denis/rs/React/src/entry-server.tsx">
        <metrics statements="0" coveredstatements="0" conditionals="0" coveredconditionals="0" methods="0" coveredmethods="0"/>
      </file>
      <file name="productItems.ts" path="/Users/Denis/rs/React/src/productItems.ts">
        <metrics statements="0" coveredstatements="0" conditionals="0" coveredconditionals="0" methods="0" coveredmethods="0"/>
      </file>
    </package>
    <package name="src.components">
      <metrics statements="40" coveredstatements="39" conditionals="14" coveredconditionals="11" methods="20" coveredmethods="19"/>
      <file name="card.tsx" path="/Users/Denis/rs/React/src/components/card.tsx">
        <metrics statements="0" coveredstatements="0" conditionals="0" coveredconditionals="0" methods="0" coveredmethods="0"/>
      </file>
      <file name="footer.tsx" path="/Users/Denis/rs/React/src/components/footer.tsx">
        <metrics statements="4" coveredstatements="4" conditionals="1" coveredconditionals="1" methods="2" coveredmethods="2"/>
        <line num="1" count="49" type="cond" truecount="1" falsecount="0"/>
        <line num="3" count="7" type="stmt"/>
        <line num="4" count="7" type="stmt"/>
        <line num="9" count="7" type="stmt"/>
      </file>
      <file name="header.tsx" path="/Users/Denis/rs/React/src/components/header.tsx">
        <metrics statements="4" coveredstatements="4" conditionals="1" coveredconditionals="1" methods="2" coveredmethods="2"/>
        <line num="1" count="49" type="cond" truecount="1" falsecount="0"/>
        <line num="4" count="7" type="stmt"/>
        <line num="5" count="7" type="stmt"/>
        <line num="18" count="7" type="stmt"/>
      </file>
      <file name="layout.tsx" path="/Users/Denis/rs/React/src/components/layout.tsx">
        <metrics statements="4" coveredstatements="4" conditionals="1" coveredconditionals="1" methods="2" coveredmethods="2"/>
        <line num="1" count="49" type="cond" truecount="1" falsecount="0"/>
        <line num="5" count="7" type="stmt"/>
        <line num="6" count="8" type="stmt"/>
        <line num="15" count="7" type="stmt"/>
      </file>
      <file name="popUp.tsx" path="/Users/Denis/rs/React/src/components/popUp.tsx">
        <metrics statements="6" coveredstatements="5" conditionals="3" coveredconditionals="3" methods="4" coveredmethods="3"/>
        <line num="1" count="49" type="cond" truecount="1" falsecount="0"/>
        <line num="3" count="7" type="stmt"/>
        <line num="4" count="5" type="stmt"/>
        <line num="7" count="0" type="stmt"/>
        <line num="9" count="3" type="stmt"/>
        <line num="14" count="7" type="stmt"/>
      </file>
      <file name="search.tsx" path="/Users/Denis/rs/React/src/components/search.tsx">
        <metrics statements="7" coveredstatements="7" conditionals="0" coveredconditionals="0" methods="3" coveredmethods="3"/>
        <line num="6" count="12" type="stmt"/>
        <line num="7" count="12" type="stmt"/>
        <line num="8" count="12" type="stmt"/>
        <line num="10" count="12" type="stmt"/>
        <line num="11" count="1" type="stmt"/>
        <line num="14" count="12" type="stmt"/>
        <line num="29" count="7" type="stmt"/>
      </file>
      <file name="searchCard.tsx" path="/Users/Denis/rs/React/src/components/searchCard.tsx">
        <metrics statements="7" coveredstatements="7" conditionals="1" coveredconditionals="1" methods="3" coveredmethods="3"/>
        <line num="1" count="49" type="cond" truecount="1" falsecount="0"/>
        <line num="3" count="7" type="stmt"/>
        <line num="4" count="120" type="stmt"/>
        <line num="5" count="1" type="stmt"/>
        <line num="6" count="1" type="stmt"/>
        <line num="8" count="120" type="stmt"/>
        <line num="17" count="7" type="stmt"/>
      </file>
      <file name="searchCardBig.tsx" path="/Users/Denis/rs/React/src/components/searchCardBig.tsx">
        <metrics statements="5" coveredstatements="5" conditionals="6" coveredconditionals="3" methods="3" coveredmethods="3"/>
        <line num="6" count="7" type="stmt"/>
        <line num="7" count="7" type="stmt"/>
        <line num="9" count="2" type="stmt"/>
        <line num="43" count="1" type="stmt"/>
        <line num="50" count="7" type="stmt"/>
      </file>
      <file name="spinner.tsx" path="/Users/Denis/rs/React/src/components/spinner.tsx">
        <metrics statements="3" coveredstatements="3" conditionals="1" coveredconditionals="1" methods="1" coveredmethods="1"/>
        <line num="1" count="49" type="cond" truecount="1" falsecount="0"/>
        <line num="2" count="7" type="stmt"/>
        <line num="7" count="7" type="stmt"/>
      </file>
    </package>
    <package name="src.components.form">
      <metrics statements="34" coveredstatements="33" conditionals="23" coveredconditionals="14" methods="11" coveredmethods="11"/>
      <file name="countyList.ts" path="/Users/Denis/rs/React/src/components/form/countyList.ts">
        <metrics statements="1" coveredstatements="1" conditionals="0" coveredconditionals="0" methods="0" coveredmethods="0"/>
        <line num="1" count="7" type="stmt"/>
      </file>
      <file name="formCard.tsx" path="/Users/Denis/rs/React/src/components/form/formCard.tsx">
        <metrics statements="4" coveredstatements="4" conditionals="3" coveredconditionals="2" methods="2" coveredmethods="2"/>
        <line num="1" count="49" type="cond" truecount="1" falsecount="0"/>
        <line num="4" count="7" type="stmt"/>
        <line num="5" count="2" type="stmt"/>
        <line num="39" count="7" type="stmt"/>
      </file>
      <file name="formLayout.tsx" path="/Users/Denis/rs/React/src/components/form/formLayout.tsx">
        <metrics statements="19" coveredstatements="18" conditionals="8" coveredconditionals="4" methods="5" coveredmethods="5"/>
        <line num="11" count="7" type="stmt"/>
        <line num="18" count="4" type="stmt"/>
        <line num="20" count="4" type="stmt"/>
        <line num="21" count="7" type="stmt"/>
        <line num="22" count="4" type="stmt"/>
        <line num="24" count="4" type="stmt"/>
        <line num="25" count="1" type="cond" truecount="0" falsecount="1"/>
        <line num="26" count="1" type="stmt"/>
        <line num="27" count="1" type="cond" truecount="1" falsecount="1"/>
        <line num="32" count="1" type="stmt"/>
        <line num="33" count="1" type="stmt"/>
        <line num="34" count="1" type="stmt"/>
        <line num="35" count="1" type="stmt"/>
        <line num="36" count="1" type="stmt"/>
        <line num="37" count="1" type="stmt"/>
        <line num="39" count="0" type="stmt"/>
        <line num="46" count="4" type="stmt"/>
        <line num="161" count="2" type="stmt"/>
        <line num="169" count="7" type="stmt"/>
      </file>
      <file name="inputs.tsx" path="/Users/Denis/rs/React/src/components/form/inputs.tsx">
        <metrics statements="10" coveredstatements="10" conditionals="12" coveredconditionals="8" methods="4" coveredmethods="4"/>
        <line num="1" count="56" type="cond" truecount="1" falsecount="0"/>
        <line num="3" count="7" type="stmt"/>
        <line num="4" count="28" type="stmt"/>
        <line num="18" count="7" type="stmt"/>
        <line num="20" count="14" type="stmt"/>
        <line num="22" count="4" type="cond" truecount="1" falsecount="0"/>
        <line num="23" count="4" type="stmt"/>
        <line num="24" count="820" type="stmt"/>
        <line num="33" count="4" type="stmt"/>
        <line num="50" count="7" type="stmt"/>
      </file>
    </package>
    <package name="src.constants">
      <metrics statements="28" coveredstatements="28" conditionals="12" coveredconditionals="12" methods="6" coveredmethods="6"/>
      <file name="UI.ts" path="/Users/Denis/rs/React/src/constants/UI.ts">
        <metrics statements="28" coveredstatements="28" conditionals="12" coveredconditionals="12" methods="6" coveredmethods="6"/>
        <line num="1" count="7" type="cond" truecount="2" falsecount="0"/>
        <line num="2" count="7" type="stmt"/>
        <line num="3" count="7" type="stmt"/>
        <line num="4" count="7" type="stmt"/>
        <line num="7" count="7" type="cond" truecount="2" falsecount="0"/>
        <line num="8" count="7" type="stmt"/>
        <line num="9" count="7" type="stmt"/>
        <line num="10" count="7" type="stmt"/>
        <line num="11" count="7" type="stmt"/>
        <line num="12" count="7" type="stmt"/>
        <line num="13" count="7" type="stmt"/>
        <line num="16" count="7" type="cond" truecount="2" falsecount="0"/>
        <line num="17" count="7" type="stmt"/>
        <line num="18" count="7" type="stmt"/>
        <line num="19" count="7" type="stmt"/>
        <line num="22" count="7" type="cond" truecount="2" falsecount="0"/>
        <line num="23" count="7" type="stmt"/>
        <line num="26" count="7" type="cond" truecount="2" falsecount="0"/>
        <line num="27" count="7" type="stmt"/>
        <line num="28" count="7" type="stmt"/>
        <line num="29" count="7" type="stmt"/>
        <line num="30" count="7" type="stmt"/>
        <line num="33" count="7" type="cond" truecount="2" falsecount="0"/>
        <line num="34" count="7" type="stmt"/>
        <line num="35" count="7" type="stmt"/>
        <line num="36" count="7" type="stmt"/>
        <line num="37" count="7" type="stmt"/>
        <line num="38" count="7" type="stmt"/>
      </file>
      <file name="constants.ts" path="/Users/Denis/rs/React/src/constants/constants.ts">
        <metrics statements="0" coveredstatements="0" conditionals="0" coveredconditionals="0" methods="0" coveredmethods="0"/>
      </file>
    </package>
    <package name="src.pages">
      <metrics statements="21" coveredstatements="20" conditionals="11" coveredconditionals="10" methods="10" coveredmethods="9"/>
      <file name="404.tsx" path="/Users/Denis/rs/React/src/pages/404.tsx">
        <metrics statements="4" coveredstatements="3" conditionals="1" coveredconditionals="1" methods="2" coveredmethods="1"/>
        <line num="1" count="49" type="cond" truecount="1" falsecount="0"/>
        <line num="3" count="7" type="stmt"/>
        <line num="4" count="0" type="stmt"/>
        <line num="9" count="7" type="stmt"/>
      </file>
      <file name="about.tsx" path="/Users/Denis/rs/React/src/pages/about.tsx">
        <metrics statements="4" coveredstatements="4" conditionals="1" coveredconditionals="1" methods="2" coveredmethods="2"/>
        <line num="1" count="49" type="cond" truecount="1" falsecount="0"/>
        <line num="3" count="7" type="stmt"/>
        <line num="4" count="1" type="stmt"/>
        <line num="9" count="7" type="stmt"/>
      </file>
      <file name="form.tsx" path="/Users/Denis/rs/React/src/pages/form.tsx">
        <metrics statements="4" coveredstatements="4" conditionals="1" coveredconditionals="1" methods="2" coveredmethods="2"/>
        <line num="1" count="49" type="cond" truecount="1" falsecount="0"/>
        <line num="3" count="7" type="stmt"/>
        <line num="4" count="2" type="stmt"/>
        <line num="9" count="7" type="stmt"/>
      </file>
      <file name="main.tsx" path="/Users/Denis/rs/React/src/pages/main.tsx">
        <metrics statements="9" coveredstatements="9" conditionals="8" coveredconditionals="7" methods="4" coveredmethods="4"/>
        <line num="10" count="14" type="stmt"/>
        <line num="11" count="14" type="stmt"/>
        <line num="12" count="13" type="stmt"/>
        <line num="13" count="35" type="stmt"/>
        <line num="14" count="13" type="stmt"/>
        <line num="16" count="13" type="cond" truecount="2" falsecount="0"/>
        <line num="19" count="140" type="stmt"/>
        <line num="29" count="13" type="stmt"/>
        <line num="46" count="7" type="stmt"/>
      </file>
    </package>
    <package name="src.store">
      <metrics statements="20" coveredstatements="20" conditionals="0" coveredconditionals="0" methods="8" coveredmethods="8"/>
      <file name="API.ts" path="/Users/Denis/rs/React/src/store/API.ts">
        <metrics statements="6" coveredstatements="6" conditionals="0" coveredconditionals="0" methods="3" coveredmethods="3"/>
        <line num="14" count="7" type="stmt"/>
        <line num="19" count="7" type="stmt"/>
        <line num="22" count="7" type="stmt"/>
        <line num="24" count="7" type="stmt"/>
        <line num="27" count="1" type="stmt"/>
        <line num="33" count="7" type="stmt"/>
      </file>
      <file name="formSlice.ts" path="/Users/Denis/rs/React/src/store/formSlice.ts">
        <metrics statements="4" coveredstatements="4" conditionals="0" coveredconditionals="0" methods="1" coveredmethods="1"/>
        <line num="8" count="7" type="stmt"/>
        <line num="12" count="7" type="stmt"/>
        <line num="17" count="1" type="stmt"/>
        <line num="22" count="7" type="stmt"/>
      </file>
      <file name="index.ts" path="/Users/Denis/rs/React/src/store/index.ts">
        <metrics statements="4" coveredstatements="4" conditionals="0" coveredconditionals="0" methods="2" coveredmethods="2"/>
        <line num="10" count="7" type="stmt"/>
        <line num="16" count="7" type="stmt"/>
        <line num="17" count="7" type="stmt"/>
        <line num="21" count="7" type="stmt"/>
      </file>
      <file name="reduxHooks.ts" path="/Users/Denis/rs/React/src/store/reduxHooks.ts">
        <metrics statements="2" coveredstatements="2" conditionals="0" coveredconditionals="0" methods="1" coveredmethods="1"/>
        <line num="4" count="16" type="stmt"/>
        <line num="5" count="7" type="stmt"/>
      </file>
      <file name="searchSlice.ts" path="/Users/Denis/rs/React/src/store/searchSlice.ts">
        <metrics statements="4" coveredstatements="4" conditionals="0" coveredconditionals="0" methods="1" coveredmethods="1"/>
        <line num="7" count="7" type="stmt"/>
        <line num="11" count="7" type="stmt"/>
        <line num="16" count="1" type="stmt"/>
        <line num="21" count="7" type="stmt"/>
      </file>
    </package>
    <package name="src.utils">
      <metrics statements="1" coveredstatements="1" conditionals="0" coveredconditionals="0" methods="0" coveredmethods="0"/>
      <file name="api.ts" path="/Users/Denis/rs/React/src/utils/api.ts">
        <metrics statements="1" coveredstatements="1" conditionals="0" coveredconditionals="0" methods="0" coveredmethods="0"/>
        <line num="1" count="7" type="stmt"/>
      </file>
    </package>
  </project>
</coverage>
