{"/Users/Denis/rs/React/src/app.tsx": {"path":"/Users/Denis/rs/React/src/app.tsx","all":true,"statementMap":{"0":{"start":{"line":1,"column":0},"end":{"line":1,"column":34}},"1":{"start":{"line":2,"column":0},"end":{"line":2,"column":49}},"2":{"start":{"line":3,"column":0},"end":{"line":3,"column":36}},"3":{"start":{"line":4,"column":0},"end":{"line":4,"column":38}},"4":{"start":{"line":5,"column":0},"end":{"line":5,"column":35}},"5":{"start":{"line":6,"column":0},"end":{"line":6,"column":41}},"6":{"start":{"line":7,"column":0},"end":{"line":7,"column":0}},"7":{"start":{"line":8,"column":0},"end":{"line":8,"column":29}},"8":{"start":{"line":9,"column":0},"end":{"line":9,"column":12}},"9":{"start":{"line":10,"column":0},"end":{"line":10,"column":12}},"10":{"start":{"line":11,"column":0},"end":{"line":11,"column":8}},"11":{"start":{"line":12,"column":0},"end":{"line":12,"column":16}},"12":{"start":{"line":13,"column":0},"end":{"line":13,"column":47}},"13":{"start":{"line":14,"column":0},"end":{"line":14,"column":50}},"14":{"start":{"line":15,"column":0},"end":{"line":15,"column":58}},"15":{"start":{"line":16,"column":0},"end":{"line":16,"column":53}},"16":{"start":{"line":17,"column":0},"end":{"line":17,"column":18}},"17":{"start":{"line":18,"column":0},"end":{"line":18,"column":17}},"18":{"start":{"line":19,"column":0},"end":{"line":19,"column":9}},"19":{"start":{"line":20,"column":0},"end":{"line":20,"column":6}},"20":{"start":{"line":21,"column":0},"end":{"line":21,"column":3}},"21":{"start":{"line":22,"column":0},"end":{"line":22,"column":1}},"22":{"start":{"line":23,"column":0},"end":{"line":23,"column":0}},"23":{"start":{"line":24,"column":0},"end":{"line":24,"column":19}}},"s":{"0":0,"1":0,"2":0,"3":0,"4":0,"5":0,"6":0,"7":0,"8":0,"9":0,"10":0,"11":0,"12":0,"13":0,"14":0,"15":0,"16":0,"17":0,"18":0,"19":0,"20":0,"21":0,"22":0,"23":0},"branchMap":{"0":{"type":"branch","line":1,"loc":{"start":{"line":1,"column":0},"end":{"line":24,"column":19}},"locations":[{"start":{"line":1,"column":0},"end":{"line":24,"column":19}}]}},"b":{"0":[0]},"fnMap":{"0":{"name":"(empty-report)","decl":{"start":{"line":1,"column":0},"end":{"line":24,"column":19}},"loc":{"start":{"line":1,"column":0},"end":{"line":24,"column":19}},"line":1}},"f":{"0":0}}
,"/Users/Denis/rs/React/src/index.tsx": {"path":"/Users/Denis/rs/React/src/index.tsx","all":true,"statementMap":{"0":{"start":{"line":1,"column":0},"end":{"line":1,"column":26}},"1":{"start":{"line":2,"column":0},"end":{"line":2,"column":40}},"2":{"start":{"line":3,"column":0},"end":{"line":3,"column":49}},"3":{"start":{"line":4,"column":0},"end":{"line":4,"column":24}},"4":{"start":{"line":5,"column":0},"end":{"line":5,"column":29}},"5":{"start":{"line":6,"column":0},"end":{"line":6,"column":0}},"6":{"start":{"line":7,"column":0},"end":{"line":7,"column":75}},"7":{"start":{"line":8,"column":0},"end":{"line":8,"column":20}},"8":{"start":{"line":9,"column":0},"end":{"line":9,"column":19}},"9":{"start":{"line":10,"column":0},"end":{"line":10,"column":13}},"10":{"start":{"line":11,"column":0},"end":{"line":11,"column":20}},"11":{"start":{"line":12,"column":0},"end":{"line":12,"column":21}},"12":{"start":{"line":13,"column":0},"end":{"line":13,"column":2}}},"s":{"0":0,"1":0,"2":0,"3":0,"4":0,"5":0,"6":0,"7":0,"8":0,"9":0,"10":0,"11":0,"12":0},"branchMap":{"0":{"type":"branch","line":1,"loc":{"start":{"line":1,"column":0},"end":{"line":13,"column":2}},"locations":[{"start":{"line":1,"column":0},"end":{"line":13,"column":2}}]}},"b":{"0":[0]},"fnMap":{"0":{"name":"(empty-report)","decl":{"start":{"line":1,"column":0},"end":{"line":13,"column":2}},"loc":{"start":{"line":1,"column":0},"end":{"line":13,"column":2}},"line":1}},"f":{"0":0}}
,"/Users/Denis/rs/React/src/productItems.ts": {"path":"/Users/Denis/rs/React/src/productItems.ts","all":true,"statementMap":{"0":{"start":{"line":1,"column":0},"end":{"line":1,"column":29}},"1":{"start":{"line":2,"column":0},"end":{"line":2,"column":13}},"2":{"start":{"line":3,"column":0},"end":{"line":3,"column":5}},"3":{"start":{"line":4,"column":0},"end":{"line":4,"column":12}},"4":{"start":{"line":5,"column":0},"end":{"line":5,"column":24}},"5":{"start":{"line":6,"column":0},"end":{"line":6,"column":65}},"6":{"start":{"line":7,"column":0},"end":{"line":7,"column":17}},"7":{"start":{"line":8,"column":0},"end":{"line":8,"column":32}},"8":{"start":{"line":9,"column":0},"end":{"line":9,"column":19}},"9":{"start":{"line":10,"column":0},"end":{"line":10,"column":16}},"10":{"start":{"line":11,"column":0},"end":{"line":11,"column":21}},"11":{"start":{"line":12,"column":0},"end":{"line":12,"column":30}},"12":{"start":{"line":13,"column":0},"end":{"line":13,"column":73}},"13":{"start":{"line":14,"column":0},"end":{"line":14,"column":15}},"14":{"start":{"line":15,"column":0},"end":{"line":15,"column":56}},"15":{"start":{"line":16,"column":0},"end":{"line":16,"column":56}},"16":{"start":{"line":17,"column":0},"end":{"line":17,"column":64}},"17":{"start":{"line":18,"column":0},"end":{"line":18,"column":8}},"18":{"start":{"line":19,"column":0},"end":{"line":19,"column":6}},"19":{"start":{"line":20,"column":0},"end":{"line":20,"column":5}},"20":{"start":{"line":21,"column":0},"end":{"line":21,"column":12}},"21":{"start":{"line":22,"column":0},"end":{"line":22,"column":24}},"22":{"start":{"line":23,"column":0},"end":{"line":23,"column":18}},"23":{"start":{"line":24,"column":0},"end":{"line":24,"column":112}},"24":{"start":{"line":25,"column":0},"end":{"line":25,"column":17}},"25":{"start":{"line":26,"column":0},"end":{"line":26,"column":32}},"26":{"start":{"line":27,"column":0},"end":{"line":27,"column":19}},"27":{"start":{"line":28,"column":0},"end":{"line":28,"column":16}},"28":{"start":{"line":29,"column":0},"end":{"line":29,"column":21}},"29":{"start":{"line":30,"column":0},"end":{"line":30,"column":30}},"30":{"start":{"line":31,"column":0},"end":{"line":31,"column":73}},"31":{"start":{"line":32,"column":0},"end":{"line":32,"column":15}},"32":{"start":{"line":33,"column":0},"end":{"line":33,"column":56}},"33":{"start":{"line":34,"column":0},"end":{"line":34,"column":56}},"34":{"start":{"line":35,"column":0},"end":{"line":35,"column":56}},"35":{"start":{"line":36,"column":0},"end":{"line":36,"column":64}},"36":{"start":{"line":37,"column":0},"end":{"line":37,"column":8}},"37":{"start":{"line":38,"column":0},"end":{"line":38,"column":6}},"38":{"start":{"line":39,"column":0},"end":{"line":39,"column":5}},"39":{"start":{"line":40,"column":0},"end":{"line":40,"column":12}},"40":{"start":{"line":41,"column":0},"end":{"line":41,"column":34}},"41":{"start":{"line":42,"column":0},"end":{"line":42,"column":18}},"42":{"start":{"line":43,"column":0},"end":{"line":43,"column":73}},"43":{"start":{"line":44,"column":0},"end":{"line":44,"column":18}},"44":{"start":{"line":45,"column":0},"end":{"line":45,"column":32}},"45":{"start":{"line":46,"column":0},"end":{"line":46,"column":19}},"46":{"start":{"line":47,"column":0},"end":{"line":47,"column":16}},"47":{"start":{"line":48,"column":0},"end":{"line":48,"column":23}},"48":{"start":{"line":49,"column":0},"end":{"line":49,"column":30}},"49":{"start":{"line":50,"column":0},"end":{"line":50,"column":73}},"50":{"start":{"line":51,"column":0},"end":{"line":51,"column":64}},"51":{"start":{"line":52,"column":0},"end":{"line":52,"column":6}},"52":{"start":{"line":53,"column":0},"end":{"line":53,"column":5}},"53":{"start":{"line":54,"column":0},"end":{"line":54,"column":12}},"54":{"start":{"line":55,"column":0},"end":{"line":55,"column":23}},"55":{"start":{"line":56,"column":0},"end":{"line":56,"column":69}},"56":{"start":{"line":57,"column":0},"end":{"line":57,"column":17}},"57":{"start":{"line":58,"column":0},"end":{"line":58,"column":32}},"58":{"start":{"line":59,"column":0},"end":{"line":59,"column":18}},"59":{"start":{"line":60,"column":0},"end":{"line":60,"column":17}},"60":{"start":{"line":61,"column":0},"end":{"line":61,"column":20}},"61":{"start":{"line":62,"column":0},"end":{"line":62,"column":30}},"62":{"start":{"line":63,"column":0},"end":{"line":63,"column":73}},"63":{"start":{"line":64,"column":0},"end":{"line":64,"column":15}},"64":{"start":{"line":65,"column":0},"end":{"line":65,"column":56}},"65":{"start":{"line":66,"column":0},"end":{"line":66,"column":56}},"66":{"start":{"line":67,"column":0},"end":{"line":67,"column":56}},"67":{"start":{"line":68,"column":0},"end":{"line":68,"column":56}},"68":{"start":{"line":69,"column":0},"end":{"line":69,"column":64}},"69":{"start":{"line":70,"column":0},"end":{"line":70,"column":8}},"70":{"start":{"line":71,"column":0},"end":{"line":71,"column":6}},"71":{"start":{"line":72,"column":0},"end":{"line":72,"column":5}},"72":{"start":{"line":73,"column":0},"end":{"line":73,"column":12}},"73":{"start":{"line":74,"column":0},"end":{"line":74,"column":26}},"74":{"start":{"line":75,"column":0},"end":{"line":75,"column":18}},"75":{"start":{"line":76,"column":0},"end":{"line":76,"column":141}},"76":{"start":{"line":77,"column":0},"end":{"line":77,"column":17}},"77":{"start":{"line":78,"column":0},"end":{"line":78,"column":32}},"78":{"start":{"line":79,"column":0},"end":{"line":79,"column":19}},"79":{"start":{"line":80,"column":0},"end":{"line":80,"column":16}},"80":{"start":{"line":81,"column":0},"end":{"line":81,"column":22}},"81":{"start":{"line":82,"column":0},"end":{"line":82,"column":30}},"82":{"start":{"line":83,"column":0},"end":{"line":83,"column":73}},"83":{"start":{"line":84,"column":0},"end":{"line":84,"column":15}},"84":{"start":{"line":85,"column":0},"end":{"line":85,"column":56}},"85":{"start":{"line":86,"column":0},"end":{"line":86,"column":56}},"86":{"start":{"line":87,"column":0},"end":{"line":87,"column":56}},"87":{"start":{"line":88,"column":0},"end":{"line":88,"column":8}},"88":{"start":{"line":89,"column":0},"end":{"line":89,"column":6}},"89":{"start":{"line":90,"column":0},"end":{"line":90,"column":5}},"90":{"start":{"line":91,"column":0},"end":{"line":91,"column":12}},"91":{"start":{"line":92,"column":0},"end":{"line":92,"column":27}},"92":{"start":{"line":93,"column":0},"end":{"line":93,"column":18}},"93":{"start":{"line":94,"column":0},"end":{"line":94,"column":88}},"94":{"start":{"line":95,"column":0},"end":{"line":95,"column":18}},"95":{"start":{"line":96,"column":0},"end":{"line":96,"column":32}},"96":{"start":{"line":97,"column":0},"end":{"line":97,"column":19}},"97":{"start":{"line":98,"column":0},"end":{"line":98,"column":16}},"98":{"start":{"line":99,"column":0},"end":{"line":99,"column":21}},"99":{"start":{"line":100,"column":0},"end":{"line":100,"column":26}},"100":{"start":{"line":101,"column":0},"end":{"line":101,"column":73}},"101":{"start":{"line":102,"column":0},"end":{"line":102,"column":15}},"102":{"start":{"line":103,"column":0},"end":{"line":103,"column":56}},"103":{"start":{"line":104,"column":0},"end":{"line":104,"column":56}},"104":{"start":{"line":105,"column":0},"end":{"line":105,"column":56}},"105":{"start":{"line":106,"column":0},"end":{"line":106,"column":56}},"106":{"start":{"line":107,"column":0},"end":{"line":107,"column":8}},"107":{"start":{"line":108,"column":0},"end":{"line":108,"column":6}},"108":{"start":{"line":109,"column":0},"end":{"line":109,"column":5}},"109":{"start":{"line":110,"column":0},"end":{"line":110,"column":12}},"110":{"start":{"line":111,"column":0},"end":{"line":111,"column":35}},"111":{"start":{"line":112,"column":0},"end":{"line":112,"column":18}},"112":{"start":{"line":113,"column":0},"end":{"line":113,"column":93}},"113":{"start":{"line":114,"column":0},"end":{"line":114,"column":18}},"114":{"start":{"line":115,"column":0},"end":{"line":115,"column":31}},"115":{"start":{"line":116,"column":0},"end":{"line":116,"column":19}},"116":{"start":{"line":117,"column":0},"end":{"line":117,"column":16}},"117":{"start":{"line":118,"column":0},"end":{"line":118,"column":23}},"118":{"start":{"line":119,"column":0},"end":{"line":119,"column":26}},"119":{"start":{"line":120,"column":0},"end":{"line":120,"column":73}},"120":{"start":{"line":121,"column":0},"end":{"line":121,"column":15}},"121":{"start":{"line":122,"column":0},"end":{"line":122,"column":56}},"122":{"start":{"line":123,"column":0},"end":{"line":123,"column":56}},"123":{"start":{"line":124,"column":0},"end":{"line":124,"column":56}},"124":{"start":{"line":125,"column":0},"end":{"line":125,"column":64}},"125":{"start":{"line":126,"column":0},"end":{"line":126,"column":8}},"126":{"start":{"line":127,"column":0},"end":{"line":127,"column":6}},"127":{"start":{"line":128,"column":0},"end":{"line":128,"column":5}},"128":{"start":{"line":129,"column":0},"end":{"line":129,"column":12}},"129":{"start":{"line":130,"column":0},"end":{"line":130,"column":42}},"130":{"start":{"line":131,"column":0},"end":{"line":131,"column":18}},"131":{"start":{"line":132,"column":0},"end":{"line":132,"column":120}},"132":{"start":{"line":133,"column":0},"end":{"line":133,"column":18}},"133":{"start":{"line":134,"column":0},"end":{"line":134,"column":32}},"134":{"start":{"line":135,"column":0},"end":{"line":135,"column":19}},"135":{"start":{"line":136,"column":0},"end":{"line":136,"column":16}},"136":{"start":{"line":137,"column":0},"end":{"line":137,"column":33}},"137":{"start":{"line":138,"column":0},"end":{"line":138,"column":26}},"138":{"start":{"line":139,"column":0},"end":{"line":139,"column":73}},"139":{"start":{"line":140,"column":0},"end":{"line":140,"column":15}},"140":{"start":{"line":141,"column":0},"end":{"line":141,"column":56}},"141":{"start":{"line":142,"column":0},"end":{"line":142,"column":56}},"142":{"start":{"line":143,"column":0},"end":{"line":143,"column":56}},"143":{"start":{"line":144,"column":0},"end":{"line":144,"column":56}},"144":{"start":{"line":145,"column":0},"end":{"line":145,"column":64}},"145":{"start":{"line":146,"column":0},"end":{"line":146,"column":8}},"146":{"start":{"line":147,"column":0},"end":{"line":147,"column":6}},"147":{"start":{"line":148,"column":0},"end":{"line":148,"column":5}},"148":{"start":{"line":149,"column":0},"end":{"line":149,"column":12}},"149":{"start":{"line":150,"column":0},"end":{"line":150,"column":30}},"150":{"start":{"line":151,"column":0},"end":{"line":151,"column":18}},"151":{"start":{"line":152,"column":0},"end":{"line":152,"column":79}},"152":{"start":{"line":153,"column":0},"end":{"line":153,"column":18}},"153":{"start":{"line":154,"column":0},"end":{"line":154,"column":32}},"154":{"start":{"line":155,"column":0},"end":{"line":155,"column":19}},"155":{"start":{"line":156,"column":0},"end":{"line":156,"column":16}},"156":{"start":{"line":157,"column":0},"end":{"line":157,"column":23}},"157":{"start":{"line":158,"column":0},"end":{"line":158,"column":26}},"158":{"start":{"line":159,"column":0},"end":{"line":159,"column":73}},"159":{"start":{"line":160,"column":0},"end":{"line":160,"column":15}},"160":{"start":{"line":161,"column":0},"end":{"line":161,"column":56}},"161":{"start":{"line":162,"column":0},"end":{"line":162,"column":56}},"162":{"start":{"line":163,"column":0},"end":{"line":163,"column":56}},"163":{"start":{"line":164,"column":0},"end":{"line":164,"column":56}},"164":{"start":{"line":165,"column":0},"end":{"line":165,"column":64}},"165":{"start":{"line":166,"column":0},"end":{"line":166,"column":8}},"166":{"start":{"line":167,"column":0},"end":{"line":167,"column":6}},"167":{"start":{"line":168,"column":0},"end":{"line":168,"column":5}},"168":{"start":{"line":169,"column":0},"end":{"line":169,"column":13}},"169":{"start":{"line":170,"column":0},"end":{"line":170,"column":39}},"170":{"start":{"line":171,"column":0},"end":{"line":171,"column":18}},"171":{"start":{"line":172,"column":0},"end":{"line":172,"column":107}},"172":{"start":{"line":173,"column":0},"end":{"line":173,"column":18}},"173":{"start":{"line":174,"column":0},"end":{"line":174,"column":31}},"174":{"start":{"line":175,"column":0},"end":{"line":175,"column":19}},"175":{"start":{"line":176,"column":0},"end":{"line":176,"column":16}},"176":{"start":{"line":177,"column":0},"end":{"line":177,"column":27}},"177":{"start":{"line":178,"column":0},"end":{"line":178,"column":26}},"178":{"start":{"line":179,"column":0},"end":{"line":179,"column":75}},"179":{"start":{"line":180,"column":0},"end":{"line":180,"column":15}},"180":{"start":{"line":181,"column":0},"end":{"line":181,"column":57}},"181":{"start":{"line":182,"column":0},"end":{"line":182,"column":57}},"182":{"start":{"line":183,"column":0},"end":{"line":183,"column":57}},"183":{"start":{"line":184,"column":0},"end":{"line":184,"column":66}},"184":{"start":{"line":185,"column":0},"end":{"line":185,"column":8}},"185":{"start":{"line":186,"column":0},"end":{"line":186,"column":6}},"186":{"start":{"line":187,"column":0},"end":{"line":187,"column":5}},"187":{"start":{"line":188,"column":0},"end":{"line":188,"column":13}},"188":{"start":{"line":189,"column":0},"end":{"line":189,"column":27}},"189":{"start":{"line":190,"column":0},"end":{"line":190,"column":18}},"190":{"start":{"line":191,"column":0},"end":{"line":191,"column":100}},"191":{"start":{"line":192,"column":0},"end":{"line":192,"column":16}},"192":{"start":{"line":193,"column":0},"end":{"line":193,"column":30}},"193":{"start":{"line":194,"column":0},"end":{"line":194,"column":19}},"194":{"start":{"line":195,"column":0},"end":{"line":195,"column":16}},"195":{"start":{"line":196,"column":0},"end":{"line":196,"column":42}},"196":{"start":{"line":197,"column":0},"end":{"line":197,"column":29}},"197":{"start":{"line":198,"column":0},"end":{"line":198,"column":74}},"198":{"start":{"line":199,"column":0},"end":{"line":199,"column":15}},"199":{"start":{"line":200,"column":0},"end":{"line":200,"column":57}},"200":{"start":{"line":201,"column":0},"end":{"line":201,"column":57}},"201":{"start":{"line":202,"column":0},"end":{"line":202,"column":57}},"202":{"start":{"line":203,"column":0},"end":{"line":203,"column":65}},"203":{"start":{"line":204,"column":0},"end":{"line":204,"column":8}},"204":{"start":{"line":205,"column":0},"end":{"line":205,"column":6}},"205":{"start":{"line":206,"column":0},"end":{"line":206,"column":5}},"206":{"start":{"line":207,"column":0},"end":{"line":207,"column":13}},"207":{"start":{"line":208,"column":0},"end":{"line":208,"column":29}},"208":{"start":{"line":209,"column":0},"end":{"line":209,"column":78}},"209":{"start":{"line":210,"column":0},"end":{"line":210,"column":16}},"210":{"start":{"line":211,"column":0},"end":{"line":211,"column":32}},"211":{"start":{"line":212,"column":0},"end":{"line":212,"column":16}},"212":{"start":{"line":213,"column":0},"end":{"line":213,"column":16}},"213":{"start":{"line":214,"column":0},"end":{"line":214,"column":28}},"214":{"start":{"line":215,"column":0},"end":{"line":215,"column":29}},"215":{"start":{"line":216,"column":0},"end":{"line":216,"column":74}},"216":{"start":{"line":217,"column":0},"end":{"line":217,"column":15}},"217":{"start":{"line":218,"column":0},"end":{"line":218,"column":57}},"218":{"start":{"line":219,"column":0},"end":{"line":219,"column":57}},"219":{"start":{"line":220,"column":0},"end":{"line":220,"column":57}},"220":{"start":{"line":221,"column":0},"end":{"line":221,"column":57}},"221":{"start":{"line":222,"column":0},"end":{"line":222,"column":65}},"222":{"start":{"line":223,"column":0},"end":{"line":223,"column":8}},"223":{"start":{"line":224,"column":0},"end":{"line":224,"column":6}},"224":{"start":{"line":225,"column":0},"end":{"line":225,"column":5}},"225":{"start":{"line":226,"column":0},"end":{"line":226,"column":13}},"226":{"start":{"line":227,"column":0},"end":{"line":227,"column":42}},"227":{"start":{"line":228,"column":0},"end":{"line":228,"column":18}},"228":{"start":{"line":229,"column":0},"end":{"line":229,"column":110}},"229":{"start":{"line":230,"column":0},"end":{"line":230,"column":16}},"230":{"start":{"line":231,"column":0},"end":{"line":231,"column":31}},"231":{"start":{"line":232,"column":0},"end":{"line":232,"column":19}},"232":{"start":{"line":233,"column":0},"end":{"line":233,"column":16}},"233":{"start":{"line":234,"column":0},"end":{"line":234,"column":34}},"234":{"start":{"line":235,"column":0},"end":{"line":235,"column":29}},"235":{"start":{"line":236,"column":0},"end":{"line":236,"column":75}},"236":{"start":{"line":237,"column":0},"end":{"line":237,"column":15}},"237":{"start":{"line":238,"column":0},"end":{"line":238,"column":57}},"238":{"start":{"line":239,"column":0},"end":{"line":239,"column":57}},"239":{"start":{"line":240,"column":0},"end":{"line":240,"column":57}},"240":{"start":{"line":241,"column":0},"end":{"line":241,"column":57}},"241":{"start":{"line":242,"column":0},"end":{"line":242,"column":66}},"242":{"start":{"line":243,"column":0},"end":{"line":243,"column":8}},"243":{"start":{"line":244,"column":0},"end":{"line":244,"column":6}},"244":{"start":{"line":245,"column":0},"end":{"line":245,"column":5}},"245":{"start":{"line":246,"column":0},"end":{"line":246,"column":13}},"246":{"start":{"line":247,"column":0},"end":{"line":247,"column":54}},"247":{"start":{"line":248,"column":0},"end":{"line":248,"column":18}},"248":{"start":{"line":249,"column":0},"end":{"line":249,"column":120}},"249":{"start":{"line":250,"column":0},"end":{"line":250,"column":17}},"250":{"start":{"line":251,"column":0},"end":{"line":251,"column":31}},"251":{"start":{"line":252,"column":0},"end":{"line":252,"column":19}},"252":{"start":{"line":253,"column":0},"end":{"line":253,"column":17}},"253":{"start":{"line":254,"column":0},"end":{"line":254,"column":25}},"254":{"start":{"line":255,"column":0},"end":{"line":255,"column":29}},"255":{"start":{"line":256,"column":0},"end":{"line":256,"column":74}},"256":{"start":{"line":257,"column":0},"end":{"line":257,"column":15}},"257":{"start":{"line":258,"column":0},"end":{"line":258,"column":57}},"258":{"start":{"line":259,"column":0},"end":{"line":259,"column":57}},"259":{"start":{"line":260,"column":0},"end":{"line":260,"column":57}},"260":{"start":{"line":261,"column":0},"end":{"line":261,"column":65}},"261":{"start":{"line":262,"column":0},"end":{"line":262,"column":8}},"262":{"start":{"line":263,"column":0},"end":{"line":263,"column":6}},"263":{"start":{"line":264,"column":0},"end":{"line":264,"column":5}},"264":{"start":{"line":265,"column":0},"end":{"line":265,"column":13}},"265":{"start":{"line":266,"column":0},"end":{"line":266,"column":36}},"266":{"start":{"line":267,"column":0},"end":{"line":267,"column":18}},"267":{"start":{"line":268,"column":0},"end":{"line":268,"column":83}},"268":{"start":{"line":269,"column":0},"end":{"line":269,"column":16}},"269":{"start":{"line":270,"column":0},"end":{"line":270,"column":32}},"270":{"start":{"line":271,"column":0},"end":{"line":271,"column":18}},"271":{"start":{"line":272,"column":0},"end":{"line":272,"column":17}},"272":{"start":{"line":273,"column":0},"end":{"line":273,"column":31}},"273":{"start":{"line":274,"column":0},"end":{"line":274,"column":29}},"274":{"start":{"line":275,"column":0},"end":{"line":275,"column":74}},"275":{"start":{"line":276,"column":0},"end":{"line":276,"column":15}},"276":{"start":{"line":277,"column":0},"end":{"line":277,"column":57}},"277":{"start":{"line":278,"column":0},"end":{"line":278,"column":57}},"278":{"start":{"line":279,"column":0},"end":{"line":279,"column":57}},"279":{"start":{"line":280,"column":0},"end":{"line":280,"column":57}},"280":{"start":{"line":281,"column":0},"end":{"line":281,"column":65}},"281":{"start":{"line":282,"column":0},"end":{"line":282,"column":8}},"282":{"start":{"line":283,"column":0},"end":{"line":283,"column":6}},"283":{"start":{"line":284,"column":0},"end":{"line":284,"column":5}},"284":{"start":{"line":285,"column":0},"end":{"line":285,"column":13}},"285":{"start":{"line":286,"column":0},"end":{"line":286,"column":37}},"286":{"start":{"line":287,"column":0},"end":{"line":287,"column":18}},"287":{"start":{"line":288,"column":0},"end":{"line":288,"column":106}},"288":{"start":{"line":289,"column":0},"end":{"line":289,"column":16}},"289":{"start":{"line":290,"column":0},"end":{"line":290,"column":32}},"290":{"start":{"line":291,"column":0},"end":{"line":291,"column":19}},"291":{"start":{"line":292,"column":0},"end":{"line":292,"column":17}},"292":{"start":{"line":293,"column":0},"end":{"line":293,"column":29}},"293":{"start":{"line":294,"column":0},"end":{"line":294,"column":27}},"294":{"start":{"line":295,"column":0},"end":{"line":295,"column":74}},"295":{"start":{"line":296,"column":0},"end":{"line":296,"column":15}},"296":{"start":{"line":297,"column":0},"end":{"line":297,"column":57}},"297":{"start":{"line":298,"column":0},"end":{"line":298,"column":58}},"298":{"start":{"line":299,"column":0},"end":{"line":299,"column":57}},"299":{"start":{"line":300,"column":0},"end":{"line":300,"column":57}},"300":{"start":{"line":301,"column":0},"end":{"line":301,"column":65}},"301":{"start":{"line":302,"column":0},"end":{"line":302,"column":8}},"302":{"start":{"line":303,"column":0},"end":{"line":303,"column":6}},"303":{"start":{"line":304,"column":0},"end":{"line":304,"column":5}},"304":{"start":{"line":305,"column":0},"end":{"line":305,"column":13}},"305":{"start":{"line":306,"column":0},"end":{"line":306,"column":29}},"306":{"start":{"line":307,"column":0},"end":{"line":307,"column":18}},"307":{"start":{"line":308,"column":0},"end":{"line":308,"column":127}},"308":{"start":{"line":309,"column":0},"end":{"line":309,"column":16}},"309":{"start":{"line":310,"column":0},"end":{"line":310,"column":31}},"310":{"start":{"line":311,"column":0},"end":{"line":311,"column":19}},"311":{"start":{"line":312,"column":0},"end":{"line":312,"column":16}},"312":{"start":{"line":313,"column":0},"end":{"line":313,"column":26}},"313":{"start":{"line":314,"column":0},"end":{"line":314,"column":27}},"314":{"start":{"line":315,"column":0},"end":{"line":315,"column":74}},"315":{"start":{"line":316,"column":0},"end":{"line":316,"column":15}},"316":{"start":{"line":317,"column":0},"end":{"line":317,"column":57}},"317":{"start":{"line":318,"column":0},"end":{"line":318,"column":57}},"318":{"start":{"line":319,"column":0},"end":{"line":319,"column":57}},"319":{"start":{"line":320,"column":0},"end":{"line":320,"column":65}},"320":{"start":{"line":321,"column":0},"end":{"line":321,"column":8}},"321":{"start":{"line":322,"column":0},"end":{"line":322,"column":6}},"322":{"start":{"line":323,"column":0},"end":{"line":323,"column":5}},"323":{"start":{"line":324,"column":0},"end":{"line":324,"column":13}},"324":{"start":{"line":325,"column":0},"end":{"line":325,"column":42}},"325":{"start":{"line":326,"column":0},"end":{"line":326,"column":18}},"326":{"start":{"line":327,"column":0},"end":{"line":327,"column":123}},"327":{"start":{"line":328,"column":0},"end":{"line":328,"column":16}},"328":{"start":{"line":329,"column":0},"end":{"line":329,"column":31}},"329":{"start":{"line":330,"column":0},"end":{"line":330,"column":19}},"330":{"start":{"line":331,"column":0},"end":{"line":331,"column":16}},"331":{"start":{"line":332,"column":0},"end":{"line":332,"column":23}},"332":{"start":{"line":333,"column":0},"end":{"line":333,"column":27}},"333":{"start":{"line":334,"column":0},"end":{"line":334,"column":74}},"334":{"start":{"line":335,"column":0},"end":{"line":335,"column":15}},"335":{"start":{"line":336,"column":0},"end":{"line":336,"column":57}},"336":{"start":{"line":337,"column":0},"end":{"line":337,"column":57}},"337":{"start":{"line":338,"column":0},"end":{"line":338,"column":57}},"338":{"start":{"line":339,"column":0},"end":{"line":339,"column":57}},"339":{"start":{"line":340,"column":0},"end":{"line":340,"column":65}},"340":{"start":{"line":341,"column":0},"end":{"line":341,"column":8}},"341":{"start":{"line":342,"column":0},"end":{"line":342,"column":6}},"342":{"start":{"line":343,"column":0},"end":{"line":343,"column":5}},"343":{"start":{"line":344,"column":0},"end":{"line":344,"column":13}},"344":{"start":{"line":345,"column":0},"end":{"line":345,"column":34}},"345":{"start":{"line":346,"column":0},"end":{"line":346,"column":18}},"346":{"start":{"line":347,"column":0},"end":{"line":347,"column":93}},"347":{"start":{"line":348,"column":0},"end":{"line":348,"column":16}},"348":{"start":{"line":349,"column":0},"end":{"line":349,"column":32}},"349":{"start":{"line":350,"column":0},"end":{"line":350,"column":19}},"350":{"start":{"line":351,"column":0},"end":{"line":351,"column":16}},"351":{"start":{"line":352,"column":0},"end":{"line":352,"column":32}},"352":{"start":{"line":353,"column":0},"end":{"line":353,"column":27}},"353":{"start":{"line":354,"column":0},"end":{"line":354,"column":74}},"354":{"start":{"line":355,"column":0},"end":{"line":355,"column":15}},"355":{"start":{"line":356,"column":0},"end":{"line":356,"column":57}},"356":{"start":{"line":357,"column":0},"end":{"line":357,"column":57}},"357":{"start":{"line":358,"column":0},"end":{"line":358,"column":57}},"358":{"start":{"line":359,"column":0},"end":{"line":359,"column":65}},"359":{"start":{"line":360,"column":0},"end":{"line":360,"column":8}},"360":{"start":{"line":361,"column":0},"end":{"line":361,"column":6}},"361":{"start":{"line":362,"column":0},"end":{"line":362,"column":5}},"362":{"start":{"line":363,"column":0},"end":{"line":363,"column":13}},"363":{"start":{"line":364,"column":0},"end":{"line":364,"column":45}},"364":{"start":{"line":365,"column":0},"end":{"line":365,"column":18}},"365":{"start":{"line":366,"column":0},"end":{"line":366,"column":162}},"366":{"start":{"line":367,"column":0},"end":{"line":367,"column":16}},"367":{"start":{"line":368,"column":0},"end":{"line":368,"column":32}},"368":{"start":{"line":369,"column":0},"end":{"line":369,"column":19}},"369":{"start":{"line":370,"column":0},"end":{"line":370,"column":17}},"370":{"start":{"line":371,"column":0},"end":{"line":371,"column":28}},"371":{"start":{"line":372,"column":0},"end":{"line":372,"column":27}},"372":{"start":{"line":373,"column":0},"end":{"line":373,"column":74}},"373":{"start":{"line":374,"column":0},"end":{"line":374,"column":15}},"374":{"start":{"line":375,"column":0},"end":{"line":375,"column":57}},"375":{"start":{"line":376,"column":0},"end":{"line":376,"column":57}},"376":{"start":{"line":377,"column":0},"end":{"line":377,"column":57}},"377":{"start":{"line":378,"column":0},"end":{"line":378,"column":57}},"378":{"start":{"line":379,"column":0},"end":{"line":379,"column":65}},"379":{"start":{"line":380,"column":0},"end":{"line":380,"column":8}},"380":{"start":{"line":381,"column":0},"end":{"line":381,"column":6}},"381":{"start":{"line":382,"column":0},"end":{"line":382,"column":5}},"382":{"start":{"line":383,"column":0},"end":{"line":383,"column":13}},"383":{"start":{"line":384,"column":0},"end":{"line":384,"column":39}},"384":{"start":{"line":385,"column":0},"end":{"line":385,"column":79}},"385":{"start":{"line":386,"column":0},"end":{"line":386,"column":16}},"386":{"start":{"line":387,"column":0},"end":{"line":387,"column":31}},"387":{"start":{"line":388,"column":0},"end":{"line":388,"column":19}},"388":{"start":{"line":389,"column":0},"end":{"line":389,"column":17}},"389":{"start":{"line":390,"column":0},"end":{"line":390,"column":28}},"390":{"start":{"line":391,"column":0},"end":{"line":391,"column":28}},"391":{"start":{"line":392,"column":0},"end":{"line":392,"column":74}},"392":{"start":{"line":393,"column":0},"end":{"line":393,"column":15}},"393":{"start":{"line":394,"column":0},"end":{"line":394,"column":57}},"394":{"start":{"line":395,"column":0},"end":{"line":395,"column":57}},"395":{"start":{"line":396,"column":0},"end":{"line":396,"column":57}},"396":{"start":{"line":397,"column":0},"end":{"line":397,"column":8}},"397":{"start":{"line":398,"column":0},"end":{"line":398,"column":6}},"398":{"start":{"line":399,"column":0},"end":{"line":399,"column":5}},"399":{"start":{"line":400,"column":0},"end":{"line":400,"column":13}},"400":{"start":{"line":401,"column":0},"end":{"line":401,"column":39}},"401":{"start":{"line":402,"column":0},"end":{"line":402,"column":80}},"402":{"start":{"line":403,"column":0},"end":{"line":403,"column":16}},"403":{"start":{"line":404,"column":0},"end":{"line":404,"column":32}},"404":{"start":{"line":405,"column":0},"end":{"line":405,"column":19}},"405":{"start":{"line":406,"column":0},"end":{"line":406,"column":17}},"406":{"start":{"line":407,"column":0},"end":{"line":407,"column":31}},"407":{"start":{"line":408,"column":0},"end":{"line":408,"column":28}},"408":{"start":{"line":409,"column":0},"end":{"line":409,"column":74}},"409":{"start":{"line":410,"column":0},"end":{"line":410,"column":15}},"410":{"start":{"line":411,"column":0},"end":{"line":411,"column":57}},"411":{"start":{"line":412,"column":0},"end":{"line":412,"column":57}},"412":{"start":{"line":413,"column":0},"end":{"line":413,"column":57}},"413":{"start":{"line":414,"column":0},"end":{"line":414,"column":8}},"414":{"start":{"line":415,"column":0},"end":{"line":415,"column":6}},"415":{"start":{"line":416,"column":0},"end":{"line":416,"column":5}},"416":{"start":{"line":417,"column":0},"end":{"line":417,"column":13}},"417":{"start":{"line":418,"column":0},"end":{"line":418,"column":42}},"418":{"start":{"line":419,"column":0},"end":{"line":419,"column":18}},"419":{"start":{"line":420,"column":0},"end":{"line":420,"column":87}},"420":{"start":{"line":421,"column":0},"end":{"line":421,"column":16}},"421":{"start":{"line":422,"column":0},"end":{"line":422,"column":31}},"422":{"start":{"line":423,"column":0},"end":{"line":423,"column":19}},"423":{"start":{"line":424,"column":0},"end":{"line":424,"column":16}},"424":{"start":{"line":425,"column":0},"end":{"line":425,"column":33}},"425":{"start":{"line":426,"column":0},"end":{"line":426,"column":28}},"426":{"start":{"line":427,"column":0},"end":{"line":427,"column":74}},"427":{"start":{"line":428,"column":0},"end":{"line":428,"column":15}},"428":{"start":{"line":429,"column":0},"end":{"line":429,"column":57}},"429":{"start":{"line":430,"column":0},"end":{"line":430,"column":57}},"430":{"start":{"line":431,"column":0},"end":{"line":431,"column":57}},"431":{"start":{"line":432,"column":0},"end":{"line":432,"column":57}},"432":{"start":{"line":433,"column":0},"end":{"line":433,"column":65}},"433":{"start":{"line":434,"column":0},"end":{"line":434,"column":8}},"434":{"start":{"line":435,"column":0},"end":{"line":435,"column":6}},"435":{"start":{"line":436,"column":0},"end":{"line":436,"column":5}},"436":{"start":{"line":437,"column":0},"end":{"line":437,"column":13}},"437":{"start":{"line":438,"column":0},"end":{"line":438,"column":41}},"438":{"start":{"line":439,"column":0},"end":{"line":439,"column":18}},"439":{"start":{"line":440,"column":0},"end":{"line":440,"column":167}},"440":{"start":{"line":441,"column":0},"end":{"line":441,"column":16}},"441":{"start":{"line":442,"column":0},"end":{"line":442,"column":31}},"442":{"start":{"line":443,"column":0},"end":{"line":443,"column":19}},"443":{"start":{"line":444,"column":0},"end":{"line":444,"column":17}},"444":{"start":{"line":445,"column":0},"end":{"line":445,"column":21}},"445":{"start":{"line":446,"column":0},"end":{"line":446,"column":28}},"446":{"start":{"line":447,"column":0},"end":{"line":447,"column":74}},"447":{"start":{"line":448,"column":0},"end":{"line":448,"column":15}},"448":{"start":{"line":449,"column":0},"end":{"line":449,"column":57}},"449":{"start":{"line":450,"column":0},"end":{"line":450,"column":57}},"450":{"start":{"line":451,"column":0},"end":{"line":451,"column":57}},"451":{"start":{"line":452,"column":0},"end":{"line":452,"column":57}},"452":{"start":{"line":453,"column":0},"end":{"line":453,"column":65}},"453":{"start":{"line":454,"column":0},"end":{"line":454,"column":8}},"454":{"start":{"line":455,"column":0},"end":{"line":455,"column":6}},"455":{"start":{"line":456,"column":0},"end":{"line":456,"column":5}},"456":{"start":{"line":457,"column":0},"end":{"line":457,"column":13}},"457":{"start":{"line":458,"column":0},"end":{"line":458,"column":36}},"458":{"start":{"line":459,"column":0},"end":{"line":459,"column":18}},"459":{"start":{"line":460,"column":0},"end":{"line":460,"column":70}},"460":{"start":{"line":461,"column":0},"end":{"line":461,"column":16}},"461":{"start":{"line":462,"column":0},"end":{"line":462,"column":32}},"462":{"start":{"line":463,"column":0},"end":{"line":463,"column":19}},"463":{"start":{"line":464,"column":0},"end":{"line":464,"column":16}},"464":{"start":{"line":465,"column":0},"end":{"line":465,"column":24}},"465":{"start":{"line":466,"column":0},"end":{"line":466,"column":28}},"466":{"start":{"line":467,"column":0},"end":{"line":467,"column":74}},"467":{"start":{"line":468,"column":0},"end":{"line":468,"column":15}},"468":{"start":{"line":469,"column":0},"end":{"line":469,"column":57}},"469":{"start":{"line":470,"column":0},"end":{"line":470,"column":57}},"470":{"start":{"line":471,"column":0},"end":{"line":471,"column":57}},"471":{"start":{"line":472,"column":0},"end":{"line":472,"column":57}},"472":{"start":{"line":473,"column":0},"end":{"line":473,"column":65}},"473":{"start":{"line":474,"column":0},"end":{"line":474,"column":8}},"474":{"start":{"line":475,"column":0},"end":{"line":475,"column":6}},"475":{"start":{"line":476,"column":0},"end":{"line":476,"column":5}},"476":{"start":{"line":477,"column":0},"end":{"line":477,"column":13}},"477":{"start":{"line":478,"column":0},"end":{"line":478,"column":37}},"478":{"start":{"line":479,"column":0},"end":{"line":479,"column":18}},"479":{"start":{"line":480,"column":0},"end":{"line":480,"column":86}},"480":{"start":{"line":481,"column":0},"end":{"line":481,"column":16}},"481":{"start":{"line":482,"column":0},"end":{"line":482,"column":32}},"482":{"start":{"line":483,"column":0},"end":{"line":483,"column":19}},"483":{"start":{"line":484,"column":0},"end":{"line":484,"column":17}},"484":{"start":{"line":485,"column":0},"end":{"line":485,"column":26}},"485":{"start":{"line":486,"column":0},"end":{"line":486,"column":34}},"486":{"start":{"line":487,"column":0},"end":{"line":487,"column":74}},"487":{"start":{"line":488,"column":0},"end":{"line":488,"column":15}},"488":{"start":{"line":489,"column":0},"end":{"line":489,"column":57}},"489":{"start":{"line":490,"column":0},"end":{"line":490,"column":57}},"490":{"start":{"line":491,"column":0},"end":{"line":491,"column":57}},"491":{"start":{"line":492,"column":0},"end":{"line":492,"column":57}},"492":{"start":{"line":493,"column":0},"end":{"line":493,"column":57}},"493":{"start":{"line":494,"column":0},"end":{"line":494,"column":65}},"494":{"start":{"line":495,"column":0},"end":{"line":495,"column":8}},"495":{"start":{"line":496,"column":0},"end":{"line":496,"column":6}},"496":{"start":{"line":497,"column":0},"end":{"line":497,"column":5}},"497":{"start":{"line":498,"column":0},"end":{"line":498,"column":13}},"498":{"start":{"line":499,"column":0},"end":{"line":499,"column":34}},"499":{"start":{"line":500,"column":0},"end":{"line":500,"column":18}},"500":{"start":{"line":501,"column":0},"end":{"line":501,"column":121}},"501":{"start":{"line":502,"column":0},"end":{"line":502,"column":16}},"502":{"start":{"line":503,"column":0},"end":{"line":503,"column":32}},"503":{"start":{"line":504,"column":0},"end":{"line":504,"column":19}},"504":{"start":{"line":505,"column":0},"end":{"line":505,"column":16}},"505":{"start":{"line":506,"column":0},"end":{"line":506,"column":29}},"506":{"start":{"line":507,"column":0},"end":{"line":507,"column":34}},"507":{"start":{"line":508,"column":0},"end":{"line":508,"column":75}},"508":{"start":{"line":509,"column":0},"end":{"line":509,"column":15}},"509":{"start":{"line":510,"column":0},"end":{"line":510,"column":57}},"510":{"start":{"line":511,"column":0},"end":{"line":511,"column":57}},"511":{"start":{"line":512,"column":0},"end":{"line":512,"column":57}},"512":{"start":{"line":513,"column":0},"end":{"line":513,"column":57}},"513":{"start":{"line":514,"column":0},"end":{"line":514,"column":66}},"514":{"start":{"line":515,"column":0},"end":{"line":515,"column":8}},"515":{"start":{"line":516,"column":0},"end":{"line":516,"column":6}},"516":{"start":{"line":517,"column":0},"end":{"line":517,"column":5}},"517":{"start":{"line":518,"column":0},"end":{"line":518,"column":13}},"518":{"start":{"line":519,"column":0},"end":{"line":519,"column":41}},"519":{"start":{"line":520,"column":0},"end":{"line":520,"column":18}},"520":{"start":{"line":521,"column":0},"end":{"line":521,"column":101}},"521":{"start":{"line":522,"column":0},"end":{"line":522,"column":16}},"522":{"start":{"line":523,"column":0},"end":{"line":523,"column":32}},"523":{"start":{"line":524,"column":0},"end":{"line":524,"column":19}},"524":{"start":{"line":525,"column":0},"end":{"line":525,"column":16}},"525":{"start":{"line":526,"column":0},"end":{"line":526,"column":26}},"526":{"start":{"line":527,"column":0},"end":{"line":527,"column":34}},"527":{"start":{"line":528,"column":0},"end":{"line":528,"column":74}},"528":{"start":{"line":529,"column":0},"end":{"line":529,"column":15}},"529":{"start":{"line":530,"column":0},"end":{"line":530,"column":57}},"530":{"start":{"line":531,"column":0},"end":{"line":531,"column":57}},"531":{"start":{"line":532,"column":0},"end":{"line":532,"column":57}},"532":{"start":{"line":533,"column":0},"end":{"line":533,"column":57}},"533":{"start":{"line":534,"column":0},"end":{"line":534,"column":65}},"534":{"start":{"line":535,"column":0},"end":{"line":535,"column":8}},"535":{"start":{"line":536,"column":0},"end":{"line":536,"column":6}},"536":{"start":{"line":537,"column":0},"end":{"line":537,"column":5}},"537":{"start":{"line":538,"column":0},"end":{"line":538,"column":13}},"538":{"start":{"line":539,"column":0},"end":{"line":539,"column":39}},"539":{"start":{"line":540,"column":0},"end":{"line":540,"column":18}},"540":{"start":{"line":541,"column":0},"end":{"line":541,"column":119}},"541":{"start":{"line":542,"column":0},"end":{"line":542,"column":16}},"542":{"start":{"line":543,"column":0},"end":{"line":543,"column":32}},"543":{"start":{"line":544,"column":0},"end":{"line":544,"column":19}},"544":{"start":{"line":545,"column":0},"end":{"line":545,"column":15}},"545":{"start":{"line":546,"column":0},"end":{"line":546,"column":29}},"546":{"start":{"line":547,"column":0},"end":{"line":547,"column":34}},"547":{"start":{"line":548,"column":0},"end":{"line":548,"column":75}},"548":{"start":{"line":549,"column":0},"end":{"line":549,"column":15}},"549":{"start":{"line":550,"column":0},"end":{"line":550,"column":57}},"550":{"start":{"line":551,"column":0},"end":{"line":551,"column":57}},"551":{"start":{"line":552,"column":0},"end":{"line":552,"column":58}},"552":{"start":{"line":553,"column":0},"end":{"line":553,"column":58}},"553":{"start":{"line":554,"column":0},"end":{"line":554,"column":66}},"554":{"start":{"line":555,"column":0},"end":{"line":555,"column":8}},"555":{"start":{"line":556,"column":0},"end":{"line":556,"column":6}},"556":{"start":{"line":557,"column":0},"end":{"line":557,"column":5}},"557":{"start":{"line":558,"column":0},"end":{"line":558,"column":13}},"558":{"start":{"line":559,"column":0},"end":{"line":559,"column":26}},"559":{"start":{"line":560,"column":0},"end":{"line":560,"column":18}},"560":{"start":{"line":561,"column":0},"end":{"line":561,"column":92}},"561":{"start":{"line":562,"column":0},"end":{"line":562,"column":16}},"562":{"start":{"line":563,"column":0},"end":{"line":563,"column":31}},"563":{"start":{"line":564,"column":0},"end":{"line":564,"column":19}},"564":{"start":{"line":565,"column":0},"end":{"line":565,"column":16}},"565":{"start":{"line":566,"column":0},"end":{"line":566,"column":22}},"566":{"start":{"line":567,"column":0},"end":{"line":567,"column":34}},"567":{"start":{"line":568,"column":0},"end":{"line":568,"column":74}},"568":{"start":{"line":569,"column":0},"end":{"line":569,"column":15}},"569":{"start":{"line":570,"column":0},"end":{"line":570,"column":57}},"570":{"start":{"line":571,"column":0},"end":{"line":571,"column":57}},"571":{"start":{"line":572,"column":0},"end":{"line":572,"column":57}},"572":{"start":{"line":573,"column":0},"end":{"line":573,"column":65}},"573":{"start":{"line":574,"column":0},"end":{"line":574,"column":8}},"574":{"start":{"line":575,"column":0},"end":{"line":575,"column":6}},"575":{"start":{"line":576,"column":0},"end":{"line":576,"column":5}},"576":{"start":{"line":577,"column":0},"end":{"line":577,"column":13}},"577":{"start":{"line":578,"column":0},"end":{"line":578,"column":34}},"578":{"start":{"line":579,"column":0},"end":{"line":579,"column":18}},"579":{"start":{"line":580,"column":0},"end":{"line":580,"column":103}},"580":{"start":{"line":581,"column":0},"end":{"line":581,"column":16}},"581":{"start":{"line":582,"column":0},"end":{"line":582,"column":29}},"582":{"start":{"line":583,"column":0},"end":{"line":583,"column":19}},"583":{"start":{"line":584,"column":0},"end":{"line":584,"column":17}},"584":{"start":{"line":585,"column":0},"end":{"line":585,"column":33}},"585":{"start":{"line":586,"column":0},"end":{"line":586,"column":28}},"586":{"start":{"line":587,"column":0},"end":{"line":587,"column":74}},"587":{"start":{"line":588,"column":0},"end":{"line":588,"column":15}},"588":{"start":{"line":589,"column":0},"end":{"line":589,"column":57}},"589":{"start":{"line":590,"column":0},"end":{"line":590,"column":57}},"590":{"start":{"line":591,"column":0},"end":{"line":591,"column":57}},"591":{"start":{"line":592,"column":0},"end":{"line":592,"column":57}},"592":{"start":{"line":593,"column":0},"end":{"line":593,"column":65}},"593":{"start":{"line":594,"column":0},"end":{"line":594,"column":8}},"594":{"start":{"line":595,"column":0},"end":{"line":595,"column":6}},"595":{"start":{"line":596,"column":0},"end":{"line":596,"column":5}},"596":{"start":{"line":597,"column":0},"end":{"line":597,"column":13}},"597":{"start":{"line":598,"column":0},"end":{"line":598,"column":35}},"598":{"start":{"line":599,"column":0},"end":{"line":599,"column":18}},"599":{"start":{"line":600,"column":0},"end":{"line":600,"column":79}},"600":{"start":{"line":601,"column":0},"end":{"line":601,"column":16}},"601":{"start":{"line":602,"column":0},"end":{"line":602,"column":32}},"602":{"start":{"line":603,"column":0},"end":{"line":603,"column":19}},"603":{"start":{"line":604,"column":0},"end":{"line":604,"column":16}},"604":{"start":{"line":605,"column":0},"end":{"line":605,"column":31}},"605":{"start":{"line":606,"column":0},"end":{"line":606,"column":28}},"606":{"start":{"line":607,"column":0},"end":{"line":607,"column":74}},"607":{"start":{"line":608,"column":0},"end":{"line":608,"column":15}},"608":{"start":{"line":609,"column":0},"end":{"line":609,"column":57}},"609":{"start":{"line":610,"column":0},"end":{"line":610,"column":57}},"610":{"start":{"line":611,"column":0},"end":{"line":611,"column":57}},"611":{"start":{"line":612,"column":0},"end":{"line":612,"column":65}},"612":{"start":{"line":613,"column":0},"end":{"line":613,"column":8}},"613":{"start":{"line":614,"column":0},"end":{"line":614,"column":6}},"614":{"start":{"line":615,"column":0},"end":{"line":615,"column":5}},"615":{"start":{"line":616,"column":0},"end":{"line":616,"column":13}},"616":{"start":{"line":617,"column":0},"end":{"line":617,"column":37}},"617":{"start":{"line":618,"column":0},"end":{"line":618,"column":18}},"618":{"start":{"line":619,"column":0},"end":{"line":619,"column":90}},"619":{"start":{"line":620,"column":0},"end":{"line":620,"column":17}},"620":{"start":{"line":621,"column":0},"end":{"line":621,"column":29}},"621":{"start":{"line":622,"column":0},"end":{"line":622,"column":19}},"622":{"start":{"line":623,"column":0},"end":{"line":623,"column":17}},"623":{"start":{"line":624,"column":0},"end":{"line":624,"column":29}},"624":{"start":{"line":625,"column":0},"end":{"line":625,"column":28}},"625":{"start":{"line":626,"column":0},"end":{"line":626,"column":74}},"626":{"start":{"line":627,"column":0},"end":{"line":627,"column":15}},"627":{"start":{"line":628,"column":0},"end":{"line":628,"column":57}},"628":{"start":{"line":629,"column":0},"end":{"line":629,"column":57}},"629":{"start":{"line":630,"column":0},"end":{"line":630,"column":57}},"630":{"start":{"line":631,"column":0},"end":{"line":631,"column":57}},"631":{"start":{"line":632,"column":0},"end":{"line":632,"column":65}},"632":{"start":{"line":633,"column":0},"end":{"line":633,"column":8}},"633":{"start":{"line":634,"column":0},"end":{"line":634,"column":6}},"634":{"start":{"line":635,"column":0},"end":{"line":635,"column":5}},"635":{"start":{"line":636,"column":0},"end":{"line":636,"column":13}},"636":{"start":{"line":637,"column":0},"end":{"line":637,"column":29}},"637":{"start":{"line":638,"column":0},"end":{"line":638,"column":18}},"638":{"start":{"line":639,"column":0},"end":{"line":639,"column":85}},"639":{"start":{"line":640,"column":0},"end":{"line":640,"column":16}},"640":{"start":{"line":641,"column":0},"end":{"line":641,"column":28}},"641":{"start":{"line":642,"column":0},"end":{"line":642,"column":19}},"642":{"start":{"line":643,"column":0},"end":{"line":643,"column":17}},"643":{"start":{"line":644,"column":0},"end":{"line":644,"column":29}},"644":{"start":{"line":645,"column":0},"end":{"line":645,"column":28}},"645":{"start":{"line":646,"column":0},"end":{"line":646,"column":74}},"646":{"start":{"line":647,"column":0},"end":{"line":647,"column":15}},"647":{"start":{"line":648,"column":0},"end":{"line":648,"column":57}},"648":{"start":{"line":649,"column":0},"end":{"line":649,"column":57}},"649":{"start":{"line":650,"column":0},"end":{"line":650,"column":57}},"650":{"start":{"line":651,"column":0},"end":{"line":651,"column":57}},"651":{"start":{"line":652,"column":0},"end":{"line":652,"column":65}},"652":{"start":{"line":653,"column":0},"end":{"line":653,"column":8}},"653":{"start":{"line":654,"column":0},"end":{"line":654,"column":6}},"654":{"start":{"line":655,"column":0},"end":{"line":655,"column":5}},"655":{"start":{"line":656,"column":0},"end":{"line":656,"column":13}},"656":{"start":{"line":657,"column":0},"end":{"line":657,"column":31}},"657":{"start":{"line":658,"column":0},"end":{"line":658,"column":18}},"658":{"start":{"line":659,"column":0},"end":{"line":659,"column":120}},"659":{"start":{"line":660,"column":0},"end":{"line":660,"column":16}},"660":{"start":{"line":661,"column":0},"end":{"line":661,"column":31}},"661":{"start":{"line":662,"column":0},"end":{"line":662,"column":19}},"662":{"start":{"line":663,"column":0},"end":{"line":663,"column":16}},"663":{"start":{"line":664,"column":0},"end":{"line":664,"column":24}},"664":{"start":{"line":665,"column":0},"end":{"line":665,"column":28}},"665":{"start":{"line":666,"column":0},"end":{"line":666,"column":74}},"666":{"start":{"line":667,"column":0},"end":{"line":667,"column":15}},"667":{"start":{"line":668,"column":0},"end":{"line":668,"column":57}},"668":{"start":{"line":669,"column":0},"end":{"line":669,"column":57}},"669":{"start":{"line":670,"column":0},"end":{"line":670,"column":57}},"670":{"start":{"line":671,"column":0},"end":{"line":671,"column":57}},"671":{"start":{"line":672,"column":0},"end":{"line":672,"column":65}},"672":{"start":{"line":673,"column":0},"end":{"line":673,"column":8}},"673":{"start":{"line":674,"column":0},"end":{"line":674,"column":6}},"674":{"start":{"line":675,"column":0},"end":{"line":675,"column":5}},"675":{"start":{"line":676,"column":0},"end":{"line":676,"column":13}},"676":{"start":{"line":677,"column":0},"end":{"line":677,"column":35}},"677":{"start":{"line":678,"column":0},"end":{"line":678,"column":18}},"678":{"start":{"line":679,"column":0},"end":{"line":679,"column":138}},"679":{"start":{"line":680,"column":0},"end":{"line":680,"column":16}},"680":{"start":{"line":681,"column":0},"end":{"line":681,"column":32}},"681":{"start":{"line":682,"column":0},"end":{"line":682,"column":19}},"682":{"start":{"line":683,"column":0},"end":{"line":683,"column":16}},"683":{"start":{"line":684,"column":0},"end":{"line":684,"column":33}},"684":{"start":{"line":685,"column":0},"end":{"line":685,"column":23}},"685":{"start":{"line":686,"column":0},"end":{"line":686,"column":74}},"686":{"start":{"line":687,"column":0},"end":{"line":687,"column":15}},"687":{"start":{"line":688,"column":0},"end":{"line":688,"column":57}},"688":{"start":{"line":689,"column":0},"end":{"line":689,"column":58}},"689":{"start":{"line":690,"column":0},"end":{"line":690,"column":58}},"690":{"start":{"line":691,"column":0},"end":{"line":691,"column":57}},"691":{"start":{"line":692,"column":0},"end":{"line":692,"column":65}},"692":{"start":{"line":693,"column":0},"end":{"line":693,"column":8}},"693":{"start":{"line":694,"column":0},"end":{"line":694,"column":6}},"694":{"start":{"line":695,"column":0},"end":{"line":695,"column":5}},"695":{"start":{"line":696,"column":0},"end":{"line":696,"column":13}},"696":{"start":{"line":697,"column":0},"end":{"line":697,"column":41}},"697":{"start":{"line":698,"column":0},"end":{"line":698,"column":18}},"698":{"start":{"line":699,"column":0},"end":{"line":699,"column":99}},"699":{"start":{"line":700,"column":0},"end":{"line":700,"column":16}},"700":{"start":{"line":701,"column":0},"end":{"line":701,"column":32}},"701":{"start":{"line":702,"column":0},"end":{"line":702,"column":19}},"702":{"start":{"line":703,"column":0},"end":{"line":703,"column":17}},"703":{"start":{"line":704,"column":0},"end":{"line":704,"column":27}},"704":{"start":{"line":705,"column":0},"end":{"line":705,"column":23}},"705":{"start":{"line":706,"column":0},"end":{"line":706,"column":74}},"706":{"start":{"line":707,"column":0},"end":{"line":707,"column":15}},"707":{"start":{"line":708,"column":0},"end":{"line":708,"column":57}},"708":{"start":{"line":709,"column":0},"end":{"line":709,"column":57}},"709":{"start":{"line":710,"column":0},"end":{"line":710,"column":57}},"710":{"start":{"line":711,"column":0},"end":{"line":711,"column":57}},"711":{"start":{"line":712,"column":0},"end":{"line":712,"column":65}},"712":{"start":{"line":713,"column":0},"end":{"line":713,"column":8}},"713":{"start":{"line":714,"column":0},"end":{"line":714,"column":6}},"714":{"start":{"line":715,"column":0},"end":{"line":715,"column":5}},"715":{"start":{"line":716,"column":0},"end":{"line":716,"column":13}},"716":{"start":{"line":717,"column":0},"end":{"line":717,"column":43}},"717":{"start":{"line":718,"column":0},"end":{"line":718,"column":64}},"718":{"start":{"line":719,"column":0},"end":{"line":719,"column":17}},"719":{"start":{"line":720,"column":0},"end":{"line":720,"column":32}},"720":{"start":{"line":721,"column":0},"end":{"line":721,"column":18}},"721":{"start":{"line":722,"column":0},"end":{"line":722,"column":16}},"722":{"start":{"line":723,"column":0},"end":{"line":723,"column":27}},"723":{"start":{"line":724,"column":0},"end":{"line":724,"column":23}},"724":{"start":{"line":725,"column":0},"end":{"line":725,"column":74}},"725":{"start":{"line":726,"column":0},"end":{"line":726,"column":15}},"726":{"start":{"line":727,"column":0},"end":{"line":727,"column":57}},"727":{"start":{"line":728,"column":0},"end":{"line":728,"column":57}},"728":{"start":{"line":729,"column":0},"end":{"line":729,"column":57}},"729":{"start":{"line":730,"column":0},"end":{"line":730,"column":57}},"730":{"start":{"line":731,"column":0},"end":{"line":731,"column":8}},"731":{"start":{"line":732,"column":0},"end":{"line":732,"column":6}},"732":{"start":{"line":733,"column":0},"end":{"line":733,"column":5}},"733":{"start":{"line":734,"column":0},"end":{"line":734,"column":13}},"734":{"start":{"line":735,"column":0},"end":{"line":735,"column":35}},"735":{"start":{"line":736,"column":0},"end":{"line":736,"column":18}},"736":{"start":{"line":737,"column":0},"end":{"line":737,"column":131}},"737":{"start":{"line":738,"column":0},"end":{"line":738,"column":17}},"738":{"start":{"line":739,"column":0},"end":{"line":739,"column":31}},"739":{"start":{"line":740,"column":0},"end":{"line":740,"column":19}},"740":{"start":{"line":741,"column":0},"end":{"line":741,"column":16}},"741":{"start":{"line":742,"column":0},"end":{"line":742,"column":27}},"742":{"start":{"line":743,"column":0},"end":{"line":743,"column":23}},"743":{"start":{"line":744,"column":0},"end":{"line":744,"column":74}},"744":{"start":{"line":745,"column":0},"end":{"line":745,"column":15}},"745":{"start":{"line":746,"column":0},"end":{"line":746,"column":57}},"746":{"start":{"line":747,"column":0},"end":{"line":747,"column":57}},"747":{"start":{"line":748,"column":0},"end":{"line":748,"column":57}},"748":{"start":{"line":749,"column":0},"end":{"line":749,"column":57}},"749":{"start":{"line":750,"column":0},"end":{"line":750,"column":65}},"750":{"start":{"line":751,"column":0},"end":{"line":751,"column":8}},"751":{"start":{"line":752,"column":0},"end":{"line":752,"column":6}},"752":{"start":{"line":753,"column":0},"end":{"line":753,"column":5}},"753":{"start":{"line":754,"column":0},"end":{"line":754,"column":13}},"754":{"start":{"line":755,"column":0},"end":{"line":755,"column":36}},"755":{"start":{"line":756,"column":0},"end":{"line":756,"column":18}},"756":{"start":{"line":757,"column":0},"end":{"line":757,"column":131}},"757":{"start":{"line":758,"column":0},"end":{"line":758,"column":16}},"758":{"start":{"line":759,"column":0},"end":{"line":759,"column":32}},"759":{"start":{"line":760,"column":0},"end":{"line":760,"column":19}},"760":{"start":{"line":761,"column":0},"end":{"line":761,"column":16}},"761":{"start":{"line":762,"column":0},"end":{"line":762,"column":27}},"762":{"start":{"line":763,"column":0},"end":{"line":763,"column":23}},"763":{"start":{"line":764,"column":0},"end":{"line":764,"column":74}},"764":{"start":{"line":765,"column":0},"end":{"line":765,"column":15}},"765":{"start":{"line":766,"column":0},"end":{"line":766,"column":57}},"766":{"start":{"line":767,"column":0},"end":{"line":767,"column":57}},"767":{"start":{"line":768,"column":0},"end":{"line":768,"column":8}},"768":{"start":{"line":769,"column":0},"end":{"line":769,"column":6}},"769":{"start":{"line":770,"column":0},"end":{"line":770,"column":5}},"770":{"start":{"line":771,"column":0},"end":{"line":771,"column":13}},"771":{"start":{"line":772,"column":0},"end":{"line":772,"column":26}},"772":{"start":{"line":773,"column":0},"end":{"line":773,"column":79}},"773":{"start":{"line":774,"column":0},"end":{"line":774,"column":16}},"774":{"start":{"line":775,"column":0},"end":{"line":775,"column":32}},"775":{"start":{"line":776,"column":0},"end":{"line":776,"column":19}},"776":{"start":{"line":777,"column":0},"end":{"line":777,"column":16}},"777":{"start":{"line":778,"column":0},"end":{"line":778,"column":33}},"778":{"start":{"line":779,"column":0},"end":{"line":779,"column":33}},"779":{"start":{"line":780,"column":0},"end":{"line":780,"column":75}},"780":{"start":{"line":781,"column":0},"end":{"line":781,"column":15}},"781":{"start":{"line":782,"column":0},"end":{"line":782,"column":57}},"782":{"start":{"line":783,"column":0},"end":{"line":783,"column":58}},"783":{"start":{"line":784,"column":0},"end":{"line":784,"column":57}},"784":{"start":{"line":785,"column":0},"end":{"line":785,"column":57}},"785":{"start":{"line":786,"column":0},"end":{"line":786,"column":66}},"786":{"start":{"line":787,"column":0},"end":{"line":787,"column":8}},"787":{"start":{"line":788,"column":0},"end":{"line":788,"column":6}},"788":{"start":{"line":789,"column":0},"end":{"line":789,"column":5}},"789":{"start":{"line":790,"column":0},"end":{"line":790,"column":13}},"790":{"start":{"line":791,"column":0},"end":{"line":791,"column":42}},"791":{"start":{"line":792,"column":0},"end":{"line":792,"column":18}},"792":{"start":{"line":793,"column":0},"end":{"line":793,"column":75}},"793":{"start":{"line":794,"column":0},"end":{"line":794,"column":16}},"794":{"start":{"line":795,"column":0},"end":{"line":795,"column":32}},"795":{"start":{"line":796,"column":0},"end":{"line":796,"column":19}},"796":{"start":{"line":797,"column":0},"end":{"line":797,"column":17}},"797":{"start":{"line":798,"column":0},"end":{"line":798,"column":31}},"798":{"start":{"line":799,"column":0},"end":{"line":799,"column":33}},"799":{"start":{"line":800,"column":0},"end":{"line":800,"column":74}},"800":{"start":{"line":801,"column":0},"end":{"line":801,"column":15}},"801":{"start":{"line":802,"column":0},"end":{"line":802,"column":57}},"802":{"start":{"line":803,"column":0},"end":{"line":803,"column":57}},"803":{"start":{"line":804,"column":0},"end":{"line":804,"column":57}},"804":{"start":{"line":805,"column":0},"end":{"line":805,"column":57}},"805":{"start":{"line":806,"column":0},"end":{"line":806,"column":65}},"806":{"start":{"line":807,"column":0},"end":{"line":807,"column":8}},"807":{"start":{"line":808,"column":0},"end":{"line":808,"column":6}},"808":{"start":{"line":809,"column":0},"end":{"line":809,"column":5}},"809":{"start":{"line":810,"column":0},"end":{"line":810,"column":13}},"810":{"start":{"line":811,"column":0},"end":{"line":811,"column":34}},"811":{"start":{"line":812,"column":0},"end":{"line":812,"column":18}},"812":{"start":{"line":813,"column":0},"end":{"line":813,"column":88}},"813":{"start":{"line":814,"column":0},"end":{"line":814,"column":17}},"814":{"start":{"line":815,"column":0},"end":{"line":815,"column":32}},"815":{"start":{"line":816,"column":0},"end":{"line":816,"column":19}},"816":{"start":{"line":817,"column":0},"end":{"line":817,"column":17}},"817":{"start":{"line":818,"column":0},"end":{"line":818,"column":28}},"818":{"start":{"line":819,"column":0},"end":{"line":819,"column":33}},"819":{"start":{"line":820,"column":0},"end":{"line":820,"column":74}},"820":{"start":{"line":821,"column":0},"end":{"line":821,"column":15}},"821":{"start":{"line":822,"column":0},"end":{"line":822,"column":57}},"822":{"start":{"line":823,"column":0},"end":{"line":823,"column":57}},"823":{"start":{"line":824,"column":0},"end":{"line":824,"column":57}},"824":{"start":{"line":825,"column":0},"end":{"line":825,"column":57}},"825":{"start":{"line":826,"column":0},"end":{"line":826,"column":65}},"826":{"start":{"line":827,"column":0},"end":{"line":827,"column":8}},"827":{"start":{"line":828,"column":0},"end":{"line":828,"column":6}},"828":{"start":{"line":829,"column":0},"end":{"line":829,"column":5}},"829":{"start":{"line":830,"column":0},"end":{"line":830,"column":13}},"830":{"start":{"line":831,"column":0},"end":{"line":831,"column":41}},"831":{"start":{"line":832,"column":0},"end":{"line":832,"column":18}},"832":{"start":{"line":833,"column":0},"end":{"line":833,"column":118}},"833":{"start":{"line":834,"column":0},"end":{"line":834,"column":16}},"834":{"start":{"line":835,"column":0},"end":{"line":835,"column":32}},"835":{"start":{"line":836,"column":0},"end":{"line":836,"column":19}},"836":{"start":{"line":837,"column":0},"end":{"line":837,"column":15}},"837":{"start":{"line":838,"column":0},"end":{"line":838,"column":28}},"838":{"start":{"line":839,"column":0},"end":{"line":839,"column":33}},"839":{"start":{"line":840,"column":0},"end":{"line":840,"column":74}},"840":{"start":{"line":841,"column":0},"end":{"line":841,"column":15}},"841":{"start":{"line":842,"column":0},"end":{"line":842,"column":57}},"842":{"start":{"line":843,"column":0},"end":{"line":843,"column":57}},"843":{"start":{"line":844,"column":0},"end":{"line":844,"column":57}},"844":{"start":{"line":845,"column":0},"end":{"line":845,"column":57}},"845":{"start":{"line":846,"column":0},"end":{"line":846,"column":65}},"846":{"start":{"line":847,"column":0},"end":{"line":847,"column":8}},"847":{"start":{"line":848,"column":0},"end":{"line":848,"column":6}},"848":{"start":{"line":849,"column":0},"end":{"line":849,"column":5}},"849":{"start":{"line":850,"column":0},"end":{"line":850,"column":13}},"850":{"start":{"line":851,"column":0},"end":{"line":851,"column":32}},"851":{"start":{"line":852,"column":0},"end":{"line":852,"column":18}},"852":{"start":{"line":853,"column":0},"end":{"line":853,"column":106}},"853":{"start":{"line":854,"column":0},"end":{"line":854,"column":16}},"854":{"start":{"line":855,"column":0},"end":{"line":855,"column":31}},"855":{"start":{"line":856,"column":0},"end":{"line":856,"column":19}},"856":{"start":{"line":857,"column":0},"end":{"line":857,"column":16}},"857":{"start":{"line":858,"column":0},"end":{"line":858,"column":21}},"858":{"start":{"line":859,"column":0},"end":{"line":859,"column":33}},"859":{"start":{"line":860,"column":0},"end":{"line":860,"column":74}},"860":{"start":{"line":861,"column":0},"end":{"line":861,"column":15}},"861":{"start":{"line":862,"column":0},"end":{"line":862,"column":57}},"862":{"start":{"line":863,"column":0},"end":{"line":863,"column":58}},"863":{"start":{"line":864,"column":0},"end":{"line":864,"column":57}},"864":{"start":{"line":865,"column":0},"end":{"line":865,"column":57}},"865":{"start":{"line":866,"column":0},"end":{"line":866,"column":65}},"866":{"start":{"line":867,"column":0},"end":{"line":867,"column":8}},"867":{"start":{"line":868,"column":0},"end":{"line":868,"column":6}},"868":{"start":{"line":869,"column":0},"end":{"line":869,"column":5}},"869":{"start":{"line":870,"column":0},"end":{"line":870,"column":13}},"870":{"start":{"line":871,"column":0},"end":{"line":871,"column":29}},"871":{"start":{"line":872,"column":0},"end":{"line":872,"column":18}},"872":{"start":{"line":873,"column":0},"end":{"line":873,"column":82}},"873":{"start":{"line":874,"column":0},"end":{"line":874,"column":16}},"874":{"start":{"line":875,"column":0},"end":{"line":875,"column":32}},"875":{"start":{"line":876,"column":0},"end":{"line":876,"column":19}},"876":{"start":{"line":877,"column":0},"end":{"line":877,"column":16}},"877":{"start":{"line":878,"column":0},"end":{"line":878,"column":29}},"878":{"start":{"line":879,"column":0},"end":{"line":879,"column":31}},"879":{"start":{"line":880,"column":0},"end":{"line":880,"column":74}},"880":{"start":{"line":881,"column":0},"end":{"line":881,"column":15}},"881":{"start":{"line":882,"column":0},"end":{"line":882,"column":58}},"882":{"start":{"line":883,"column":0},"end":{"line":883,"column":57}},"883":{"start":{"line":884,"column":0},"end":{"line":884,"column":57}},"884":{"start":{"line":885,"column":0},"end":{"line":885,"column":57}},"885":{"start":{"line":886,"column":0},"end":{"line":886,"column":65}},"886":{"start":{"line":887,"column":0},"end":{"line":887,"column":8}},"887":{"start":{"line":888,"column":0},"end":{"line":888,"column":6}},"888":{"start":{"line":889,"column":0},"end":{"line":889,"column":5}},"889":{"start":{"line":890,"column":0},"end":{"line":890,"column":13}},"890":{"start":{"line":891,"column":0},"end":{"line":891,"column":29}},"891":{"start":{"line":892,"column":0},"end":{"line":892,"column":18}},"892":{"start":{"line":893,"column":0},"end":{"line":893,"column":84}},"893":{"start":{"line":894,"column":0},"end":{"line":894,"column":17}},"894":{"start":{"line":895,"column":0},"end":{"line":895,"column":32}},"895":{"start":{"line":896,"column":0},"end":{"line":896,"column":19}},"896":{"start":{"line":897,"column":0},"end":{"line":897,"column":16}},"897":{"start":{"line":898,"column":0},"end":{"line":898,"column":33}},"898":{"start":{"line":899,"column":0},"end":{"line":899,"column":31}},"899":{"start":{"line":900,"column":0},"end":{"line":900,"column":75}},"900":{"start":{"line":901,"column":0},"end":{"line":901,"column":15}},"901":{"start":{"line":902,"column":0},"end":{"line":902,"column":57}},"902":{"start":{"line":903,"column":0},"end":{"line":903,"column":57}},"903":{"start":{"line":904,"column":0},"end":{"line":904,"column":57}},"904":{"start":{"line":905,"column":0},"end":{"line":905,"column":66}},"905":{"start":{"line":906,"column":0},"end":{"line":906,"column":8}},"906":{"start":{"line":907,"column":0},"end":{"line":907,"column":6}},"907":{"start":{"line":908,"column":0},"end":{"line":908,"column":5}},"908":{"start":{"line":909,"column":0},"end":{"line":909,"column":13}},"909":{"start":{"line":910,"column":0},"end":{"line":910,"column":32}},"910":{"start":{"line":911,"column":0},"end":{"line":911,"column":18}},"911":{"start":{"line":912,"column":0},"end":{"line":912,"column":87}},"912":{"start":{"line":913,"column":0},"end":{"line":913,"column":16}},"913":{"start":{"line":914,"column":0},"end":{"line":914,"column":32}},"914":{"start":{"line":915,"column":0},"end":{"line":915,"column":19}},"915":{"start":{"line":916,"column":0},"end":{"line":916,"column":16}},"916":{"start":{"line":917,"column":0},"end":{"line":917,"column":34}},"917":{"start":{"line":918,"column":0},"end":{"line":918,"column":31}},"918":{"start":{"line":919,"column":0},"end":{"line":919,"column":74}},"919":{"start":{"line":920,"column":0},"end":{"line":920,"column":15}},"920":{"start":{"line":921,"column":0},"end":{"line":921,"column":57}},"921":{"start":{"line":922,"column":0},"end":{"line":922,"column":57}},"922":{"start":{"line":923,"column":0},"end":{"line":923,"column":57}},"923":{"start":{"line":924,"column":0},"end":{"line":924,"column":57}},"924":{"start":{"line":925,"column":0},"end":{"line":925,"column":65}},"925":{"start":{"line":926,"column":0},"end":{"line":926,"column":8}},"926":{"start":{"line":927,"column":0},"end":{"line":927,"column":6}},"927":{"start":{"line":928,"column":0},"end":{"line":928,"column":5}},"928":{"start":{"line":929,"column":0},"end":{"line":929,"column":13}},"929":{"start":{"line":930,"column":0},"end":{"line":930,"column":47}},"930":{"start":{"line":931,"column":0},"end":{"line":931,"column":18}},"931":{"start":{"line":932,"column":0},"end":{"line":932,"column":99}},"932":{"start":{"line":933,"column":0},"end":{"line":933,"column":16}},"933":{"start":{"line":934,"column":0},"end":{"line":934,"column":31}},"934":{"start":{"line":935,"column":0},"end":{"line":935,"column":19}},"935":{"start":{"line":936,"column":0},"end":{"line":936,"column":17}},"936":{"start":{"line":937,"column":0},"end":{"line":937,"column":30}},"937":{"start":{"line":938,"column":0},"end":{"line":938,"column":31}},"938":{"start":{"line":939,"column":0},"end":{"line":939,"column":74}},"939":{"start":{"line":940,"column":0},"end":{"line":940,"column":15}},"940":{"start":{"line":941,"column":0},"end":{"line":941,"column":57}},"941":{"start":{"line":942,"column":0},"end":{"line":942,"column":57}},"942":{"start":{"line":943,"column":0},"end":{"line":943,"column":58}},"943":{"start":{"line":944,"column":0},"end":{"line":944,"column":65}},"944":{"start":{"line":945,"column":0},"end":{"line":945,"column":8}},"945":{"start":{"line":946,"column":0},"end":{"line":946,"column":6}},"946":{"start":{"line":947,"column":0},"end":{"line":947,"column":5}},"947":{"start":{"line":948,"column":0},"end":{"line":948,"column":13}},"948":{"start":{"line":949,"column":0},"end":{"line":949,"column":27}},"949":{"start":{"line":950,"column":0},"end":{"line":950,"column":18}},"950":{"start":{"line":951,"column":0},"end":{"line":951,"column":86}},"951":{"start":{"line":952,"column":0},"end":{"line":952,"column":16}},"952":{"start":{"line":953,"column":0},"end":{"line":953,"column":32}},"953":{"start":{"line":954,"column":0},"end":{"line":954,"column":19}},"954":{"start":{"line":955,"column":0},"end":{"line":955,"column":16}},"955":{"start":{"line":956,"column":0},"end":{"line":956,"column":32}},"956":{"start":{"line":957,"column":0},"end":{"line":957,"column":31}},"957":{"start":{"line":958,"column":0},"end":{"line":958,"column":74}},"958":{"start":{"line":959,"column":0},"end":{"line":959,"column":15}},"959":{"start":{"line":960,"column":0},"end":{"line":960,"column":58}},"960":{"start":{"line":961,"column":0},"end":{"line":961,"column":57}},"961":{"start":{"line":962,"column":0},"end":{"line":962,"column":57}},"962":{"start":{"line":963,"column":0},"end":{"line":963,"column":8}},"963":{"start":{"line":964,"column":0},"end":{"line":964,"column":6}},"964":{"start":{"line":965,"column":0},"end":{"line":965,"column":5}},"965":{"start":{"line":966,"column":0},"end":{"line":966,"column":13}},"966":{"start":{"line":967,"column":0},"end":{"line":967,"column":37}},"967":{"start":{"line":968,"column":0},"end":{"line":968,"column":18}},"968":{"start":{"line":969,"column":0},"end":{"line":969,"column":137}},"969":{"start":{"line":970,"column":0},"end":{"line":970,"column":16}},"970":{"start":{"line":971,"column":0},"end":{"line":971,"column":32}},"971":{"start":{"line":972,"column":0},"end":{"line":972,"column":19}},"972":{"start":{"line":973,"column":0},"end":{"line":973,"column":17}},"973":{"start":{"line":974,"column":0},"end":{"line":974,"column":31}},"974":{"start":{"line":975,"column":0},"end":{"line":975,"column":30}},"975":{"start":{"line":976,"column":0},"end":{"line":976,"column":74}},"976":{"start":{"line":977,"column":0},"end":{"line":977,"column":15}},"977":{"start":{"line":978,"column":0},"end":{"line":978,"column":57}},"978":{"start":{"line":979,"column":0},"end":{"line":979,"column":57}},"979":{"start":{"line":980,"column":0},"end":{"line":980,"column":57}},"980":{"start":{"line":981,"column":0},"end":{"line":981,"column":65}},"981":{"start":{"line":982,"column":0},"end":{"line":982,"column":8}},"982":{"start":{"line":983,"column":0},"end":{"line":983,"column":6}},"983":{"start":{"line":984,"column":0},"end":{"line":984,"column":5}},"984":{"start":{"line":985,"column":0},"end":{"line":985,"column":13}},"985":{"start":{"line":986,"column":0},"end":{"line":986,"column":33}},"986":{"start":{"line":987,"column":0},"end":{"line":987,"column":18}},"987":{"start":{"line":988,"column":0},"end":{"line":988,"column":98}},"988":{"start":{"line":989,"column":0},"end":{"line":989,"column":16}},"989":{"start":{"line":990,"column":0},"end":{"line":990,"column":32}},"990":{"start":{"line":991,"column":0},"end":{"line":991,"column":19}},"991":{"start":{"line":992,"column":0},"end":{"line":992,"column":17}},"992":{"start":{"line":993,"column":0},"end":{"line":993,"column":25}},"993":{"start":{"line":994,"column":0},"end":{"line":994,"column":30}},"994":{"start":{"line":995,"column":0},"end":{"line":995,"column":74}},"995":{"start":{"line":996,"column":0},"end":{"line":996,"column":15}},"996":{"start":{"line":997,"column":0},"end":{"line":997,"column":57}},"997":{"start":{"line":998,"column":0},"end":{"line":998,"column":57}},"998":{"start":{"line":999,"column":0},"end":{"line":999,"column":57}},"999":{"start":{"line":1000,"column":0},"end":{"line":1000,"column":57}},"1000":{"start":{"line":1001,"column":0},"end":{"line":1001,"column":65}},"1001":{"start":{"line":1002,"column":0},"end":{"line":1002,"column":8}},"1002":{"start":{"line":1003,"column":0},"end":{"line":1003,"column":6}},"1003":{"start":{"line":1004,"column":0},"end":{"line":1004,"column":5}},"1004":{"start":{"line":1005,"column":0},"end":{"line":1005,"column":13}},"1005":{"start":{"line":1006,"column":0},"end":{"line":1006,"column":45}},"1006":{"start":{"line":1007,"column":0},"end":{"line":1007,"column":60}},"1007":{"start":{"line":1008,"column":0},"end":{"line":1008,"column":16}},"1008":{"start":{"line":1009,"column":0},"end":{"line":1009,"column":31}},"1009":{"start":{"line":1010,"column":0},"end":{"line":1010,"column":19}},"1010":{"start":{"line":1011,"column":0},"end":{"line":1011,"column":15}},"1011":{"start":{"line":1012,"column":0},"end":{"line":1012,"column":31}},"1012":{"start":{"line":1013,"column":0},"end":{"line":1013,"column":30}},"1013":{"start":{"line":1014,"column":0},"end":{"line":1014,"column":74}},"1014":{"start":{"line":1015,"column":0},"end":{"line":1015,"column":15}},"1015":{"start":{"line":1016,"column":0},"end":{"line":1016,"column":58}},"1016":{"start":{"line":1017,"column":0},"end":{"line":1017,"column":57}},"1017":{"start":{"line":1018,"column":0},"end":{"line":1018,"column":57}},"1018":{"start":{"line":1019,"column":0},"end":{"line":1019,"column":57}},"1019":{"start":{"line":1020,"column":0},"end":{"line":1020,"column":65}},"1020":{"start":{"line":1021,"column":0},"end":{"line":1021,"column":8}},"1021":{"start":{"line":1022,"column":0},"end":{"line":1022,"column":6}},"1022":{"start":{"line":1023,"column":0},"end":{"line":1023,"column":5}},"1023":{"start":{"line":1024,"column":0},"end":{"line":1024,"column":13}},"1024":{"start":{"line":1025,"column":0},"end":{"line":1025,"column":44}},"1025":{"start":{"line":1026,"column":0},"end":{"line":1026,"column":18}},"1026":{"start":{"line":1027,"column":0},"end":{"line":1027,"column":155}},"1027":{"start":{"line":1028,"column":0},"end":{"line":1028,"column":16}},"1028":{"start":{"line":1029,"column":0},"end":{"line":1029,"column":32}},"1029":{"start":{"line":1030,"column":0},"end":{"line":1030,"column":19}},"1030":{"start":{"line":1031,"column":0},"end":{"line":1031,"column":17}},"1031":{"start":{"line":1032,"column":0},"end":{"line":1032,"column":29}},"1032":{"start":{"line":1033,"column":0},"end":{"line":1033,"column":30}},"1033":{"start":{"line":1034,"column":0},"end":{"line":1034,"column":74}},"1034":{"start":{"line":1035,"column":0},"end":{"line":1035,"column":15}},"1035":{"start":{"line":1036,"column":0},"end":{"line":1036,"column":57}},"1036":{"start":{"line":1037,"column":0},"end":{"line":1037,"column":57}},"1037":{"start":{"line":1038,"column":0},"end":{"line":1038,"column":57}},"1038":{"start":{"line":1039,"column":0},"end":{"line":1039,"column":57}},"1039":{"start":{"line":1040,"column":0},"end":{"line":1040,"column":65}},"1040":{"start":{"line":1041,"column":0},"end":{"line":1041,"column":8}},"1041":{"start":{"line":1042,"column":0},"end":{"line":1042,"column":6}},"1042":{"start":{"line":1043,"column":0},"end":{"line":1043,"column":5}},"1043":{"start":{"line":1044,"column":0},"end":{"line":1044,"column":13}},"1044":{"start":{"line":1045,"column":0},"end":{"line":1045,"column":51}},"1045":{"start":{"line":1046,"column":0},"end":{"line":1046,"column":73}},"1046":{"start":{"line":1047,"column":0},"end":{"line":1047,"column":16}},"1047":{"start":{"line":1048,"column":0},"end":{"line":1048,"column":32}},"1048":{"start":{"line":1049,"column":0},"end":{"line":1049,"column":18}},"1049":{"start":{"line":1050,"column":0},"end":{"line":1050,"column":17}},"1050":{"start":{"line":1051,"column":0},"end":{"line":1051,"column":29}},"1051":{"start":{"line":1052,"column":0},"end":{"line":1052,"column":30}},"1052":{"start":{"line":1053,"column":0},"end":{"line":1053,"column":74}},"1053":{"start":{"line":1054,"column":0},"end":{"line":1054,"column":15}},"1054":{"start":{"line":1055,"column":0},"end":{"line":1055,"column":57}},"1055":{"start":{"line":1056,"column":0},"end":{"line":1056,"column":58}},"1056":{"start":{"line":1057,"column":0},"end":{"line":1057,"column":57}},"1057":{"start":{"line":1058,"column":0},"end":{"line":1058,"column":57}},"1058":{"start":{"line":1059,"column":0},"end":{"line":1059,"column":65}},"1059":{"start":{"line":1060,"column":0},"end":{"line":1060,"column":8}},"1060":{"start":{"line":1061,"column":0},"end":{"line":1061,"column":6}},"1061":{"start":{"line":1062,"column":0},"end":{"line":1062,"column":5}},"1062":{"start":{"line":1063,"column":0},"end":{"line":1063,"column":13}},"1063":{"start":{"line":1064,"column":0},"end":{"line":1064,"column":38}},"1064":{"start":{"line":1065,"column":0},"end":{"line":1065,"column":18}},"1065":{"start":{"line":1066,"column":0},"end":{"line":1066,"column":75}},"1066":{"start":{"line":1067,"column":0},"end":{"line":1067,"column":16}},"1067":{"start":{"line":1068,"column":0},"end":{"line":1068,"column":32}},"1068":{"start":{"line":1069,"column":0},"end":{"line":1069,"column":19}},"1069":{"start":{"line":1070,"column":0},"end":{"line":1070,"column":15}},"1070":{"start":{"line":1071,"column":0},"end":{"line":1071,"column":24}},"1071":{"start":{"line":1072,"column":0},"end":{"line":1072,"column":29}},"1072":{"start":{"line":1073,"column":0},"end":{"line":1073,"column":74}},"1073":{"start":{"line":1074,"column":0},"end":{"line":1074,"column":15}},"1074":{"start":{"line":1075,"column":0},"end":{"line":1075,"column":57}},"1075":{"start":{"line":1076,"column":0},"end":{"line":1076,"col
[...]
,"/Users/Denis/rs/React/src/components/footer.tsx": {"path":"/Users/Denis/rs/React/src/components/footer.tsx","all":true,"statementMap":{"0":{"start":{"line":1,"column":0},"end":{"line":1,"column":34}},"1":{"start":{"line":2,"column":0},"end":{"line":2,"column":32}},"2":{"start":{"line":3,"column":0},"end":{"line":3,"column":12}},"3":{"start":{"line":4,"column":0},"end":{"line":4,"column":12}},"4":{"start":{"line":5,"column":0},"end":{"line":5,"column":30}},"5":{"start":{"line":6,"column":0},"end":{"line":6,"column":49}},"6":{"start":{"line":7,"column":0},"end":{"line":7,"column":12}},"7":{"start":{"line":8,"column":0},"end":{"line":8,"column":6}},"8":{"start":{"line":9,"column":0},"end":{"line":9,"column":3}},"9":{"start":{"line":10,"column":0},"end":{"line":10,"column":1}},"10":{"start":{"line":11,"column":0},"end":{"line":11,"column":0}},"11":{"start":{"line":12,"column":0},"end":{"line":12,"column":22}}},"s":{"0":0,"1":0,"2":0,"3":0,"4":0,"5":0,"6":0,"7":0,"8":0,"9":0,"10":0,"11":0},"branchMap":{"0":{"type":"branch","line":1,"loc":{"start":{"line":1,"column":0},"end":{"line":12,"column":22}},"locations":[{"start":{"line":1,"column":0},"end":{"line":12,"column":22}}]}},"b":{"0":[0]},"fnMap":{"0":{"name":"(empty-report)","decl":{"start":{"line":1,"column":0},"end":{"line":12,"column":22}},"loc":{"start":{"line":1,"column":0},"end":{"line":12,"column":22}},"line":1}},"f":{"0":0}}
,"/Users/Denis/rs/React/src/components/header.tsx": {"path":"/Users/Denis/rs/React/src/components/header.tsx","all":true,"statementMap":{"0":{"start":{"line":1,"column":0},"end":{"line":1,"column":26}},"1":{"start":{"line":2,"column":0},"end":{"line":2,"column":34}},"2":{"start":{"line":3,"column":0},"end":{"line":3,"column":55}},"3":{"start":{"line":4,"column":0},"end":{"line":4,"column":33}},"4":{"start":{"line":5,"column":0},"end":{"line":5,"column":35}},"5":{"start":{"line":6,"column":0},"end":{"line":6,"column":36}},"6":{"start":{"line":7,"column":0},"end":{"line":7,"column":0}},"7":{"start":{"line":8,"column":0},"end":{"line":8,"column":39}},"8":{"start":{"line":9,"column":0},"end":{"line":9,"column":12}},"9":{"start":{"line":10,"column":0},"end":{"line":10,"column":12}},"10":{"start":{"line":11,"column":0},"end":{"line":11,"column":8}},"11":{"start":{"line":12,"column":0},"end":{"line":12,"column":35}},"12":{"start":{"line":13,"column":0},"end":{"line":13,"column":31}},"13":{"start":{"line":14,"column":0},"end":{"line":14,"column":42}},"14":{"start":{"line":15,"column":0},"end":{"line":15,"column":18}},"15":{"start":{"line":16,"column":0},"end":{"line":16,"column":19}},"16":{"start":{"line":17,"column":0},"end":{"line":17,"column":47}},"17":{"start":{"line":18,"column":0},"end":{"line":18,"column":19}},"18":{"start":{"line":19,"column":0},"end":{"line":19,"column":19}},"19":{"start":{"line":20,"column":0},"end":{"line":20,"column":16}},"20":{"start":{"line":21,"column":0},"end":{"line":21,"column":17}},"21":{"start":{"line":22,"column":0},"end":{"line":22,"column":16}},"22":{"start":{"line":23,"column":0},"end":{"line":23,"column":47}},"23":{"start":{"line":24,"column":0},"end":{"line":24,"column":53}},"24":{"start":{"line":25,"column":0},"end":{"line":25,"column":51}},"25":{"start":{"line":26,"column":0},"end":{"line":26,"column":17}},"26":{"start":{"line":27,"column":0},"end":{"line":27,"column":9}},"27":{"start":{"line":28,"column":0},"end":{"line":28,"column":9}},"28":{"start":{"line":29,"column":0},"end":{"line":29,"column":6}},"29":{"start":{"line":30,"column":0},"end":{"line":30,"column":3}},"30":{"start":{"line":31,"column":0},"end":{"line":31,"column":1}}},"s":{"0":0,"1":0,"2":0,"3":0,"4":0,"5":0,"6":0,"7":0,"8":0,"9":0,"10":0,"11":0,"12":0,"13":0,"14":0,"15":0,"16":0,"17":0,"18":0,"19":0,"20":0,"21":0,"22":0,"23":0,"24":0,"25":0,"26":0,"27":0,"28":0,"29":0,"30":0},"branchMap":{"0":{"type":"branch","line":1,"loc":{"start":{"line":1,"column":0},"end":{"line":31,"column":1}},"locations":[{"start":{"line":1,"column":0},"end":{"line":31,"column":1}}]}},"b":{"0":[0]},"fnMap":{"0":{"name":"(empty-report)","decl":{"start":{"line":1,"column":0},"end":{"line":31,"column":1}},"loc":{"start":{"line":1,"column":0},"end":{"line":31,"column":1}},"line":1}},"f":{"0":0}}
,"/Users/Denis/rs/React/src/components/layout.tsx": {"path":"/Users/Denis/rs/React/src/components/layout.tsx","all":true,"statementMap":{"0":{"start":{"line":1,"column":0},"end":{"line":1,"column":34}},"1":{"start":{"line":2,"column":0},"end":{"line":2,"column":51}},"2":{"start":{"line":3,"column":0},"end":{"line":3,"column":0}},"3":{"start":{"line":4,"column":0},"end":{"line":4,"column":39}},"4":{"start":{"line":5,"column":0},"end":{"line":5,"column":12}},"5":{"start":{"line":6,"column":0},"end":{"line":6,"column":12}},"6":{"start":{"line":7,"column":0},"end":{"line":7,"column":8}},"7":{"start":{"line":8,"column":0},"end":{"line":8,"column":35}},"8":{"start":{"line":9,"column":0},"end":{"line":9,"column":47}},"9":{"start":{"line":10,"column":0},"end":{"line":10,"column":16}},"10":{"start":{"line":11,"column":0},"end":{"line":11,"column":20}},"11":{"start":{"line":12,"column":0},"end":{"line":12,"column":52}},"12":{"start":{"line":13,"column":0},"end":{"line":13,"column":17}},"13":{"start":{"line":14,"column":0},"end":{"line":14,"column":20}},"14":{"start":{"line":15,"column":0},"end":{"line":15,"column":17}},"15":{"start":{"line":16,"column":0},"end":{"line":16,"column":34}},"16":{"start":{"line":17,"column":0},"end":{"line":17,"column":20}},"17":{"start":{"line":18,"column":0},"end":{"line":18,"column":15}},"18":{"start":{"line":19,"column":0},"end":{"line":19,"column":25}},"19":{"start":{"line":20,"column":0},"end":{"line":20,"column":9}},"20":{"start":{"line":21,"column":0},"end":{"line":21,"column":6}},"21":{"start":{"line":22,"column":0},"end":{"line":22,"column":3}},"22":{"start":{"line":23,"column":0},"end":{"line":23,"column":1}},"23":{"start":{"line":24,"column":0},"end":{"line":24,"column":0}},"24":{"start":{"line":25,"column":0},"end":{"line":25,"column":22}}},"s":{"0":0,"1":0,"2":0,"3":0,"4":0,"5":0,"6":0,"7":0,"8":0,"9":0,"10":0,"11":0,"12":0,"13":0,"14":0,"15":0,"16":0,"17":0,"18":0,"19":0,"20":0,"21":0,"22":0,"23":0,"24":0},"branchMap":{"0":{"type":"branch","line":1,"loc":{"start":{"line":1,"column":0},"end":{"line":25,"column":22}},"locations":[{"start":{"line":1,"column":0},"end":{"line":25,"column":22}}]}},"b":{"0":[0]},"fnMap":{"0":{"name":"(empty-report)","decl":{"start":{"line":1,"column":0},"end":{"line":25,"column":22}},"loc":{"start":{"line":1,"column":0},"end":{"line":25,"column":22}},"line":1}},"f":{"0":0}}
,"/Users/Denis/rs/React/src/components/search.tsx": {"path":"/Users/Denis/rs/React/src/components/search.tsx","all":true,"statementMap":{"0":{"start":{"line":1,"column":0},"end":{"line":1,"column":47}},"1":{"start":{"line":2,"column":0},"end":{"line":2,"column":70}},"2":{"start":{"line":3,"column":0},"end":{"line":3,"column":30}},"3":{"start":{"line":4,"column":0},"end":{"line":4,"column":17}},"4":{"start":{"line":5,"column":0},"end":{"line":5,"column":47}},"5":{"start":{"line":6,"column":0},"end":{"line":6,"column":49}},"6":{"start":{"line":7,"column":0},"end":{"line":7,"column":22}},"7":{"start":{"line":8,"column":0},"end":{"line":8,"column":3}},"8":{"start":{"line":9,"column":0},"end":{"line":9,"column":0}},"9":{"start":{"line":10,"column":0},"end":{"line":10,"column":48}},"10":{"start":{"line":11,"column":0},"end":{"line":11,"column":60}},"11":{"start":{"line":12,"column":0},"end":{"line":12,"column":29}},"12":{"start":{"line":13,"column":0},"end":{"line":13,"column":31}},"13":{"start":{"line":14,"column":0},"end":{"line":14,"column":42}},"14":{"start":{"line":15,"column":0},"end":{"line":15,"column":36}},"15":{"start":{"line":16,"column":0},"end":{"line":16,"column":4}},"16":{"start":{"line":17,"column":0},"end":{"line":17,"column":0}},"17":{"start":{"line":18,"column":0},"end":{"line":18,"column":12}},"18":{"start":{"line":19,"column":0},"end":{"line":19,"column":12}},"19":{"start":{"line":20,"column":0},"end":{"line":20,"column":36}},"20":{"start":{"line":21,"column":0},"end":{"line":21,"column":30}},"21":{"start":{"line":22,"column":0},"end":{"line":22,"column":16}},"22":{"start":{"line":23,"column":0},"end":{"line":23,"column":46}},"23":{"start":{"line":24,"column":0},"end":{"line":24,"column":23}},"24":{"start":{"line":25,"column":0},"end":{"line":25,"column":41}},"25":{"start":{"line":26,"column":0},"end":{"line":26,"column":60}},"26":{"start":{"line":27,"column":0},"end":{"line":27,"column":12}},"27":{"start":{"line":28,"column":0},"end":{"line":28,"column":33}},"28":{"start":{"line":29,"column":0},"end":{"line":29,"column":14}},"29":{"start":{"line":30,"column":0},"end":{"line":30,"column":12}},"30":{"start":{"line":31,"column":0},"end":{"line":31,"column":6}},"31":{"start":{"line":32,"column":0},"end":{"line":32,"column":3}},"32":{"start":{"line":33,"column":0},"end":{"line":33,"column":1}},"33":{"start":{"line":34,"column":0},"end":{"line":34,"column":0}},"34":{"start":{"line":35,"column":0},"end":{"line":35,"column":26}}},"s":{"0":0,"1":0,"2":0,"3":0,"4":0,"5":0,"6":0,"7":0,"8":0,"9":0,"10":0,"11":0,"12":0,"13":0,"14":0,"15":0,"16":0,"17":0,"18":0,"19":0,"20":0,"21":0,"22":0,"23":0,"24":0,"25":0,"26":0,"27":0,"28":0,"29":0,"30":0,"31":0,"32":0,"33":0,"34":0},"branchMap":{"0":{"type":"branch","line":1,"loc":{"start":{"line":1,"column":0},"end":{"line":35,"column":26}},"locations":[{"start":{"line":1,"column":0},"end":{"line":35,"column":26}}]}},"b":{"0":[0]},"fnMap":{"0":{"name":"(empty-report)","decl":{"start":{"line":1,"column":0},"end":{"line":35,"column":26}},"loc":{"start":{"line":1,"column":0},"end":{"line":35,"column":26}},"line":1}},"f":{"0":0}}
,"/Users/Denis/rs/React/src/constants/constants.ts": {"path":"/Users/Denis/rs/React/src/constants/constants.ts","all":true,"statementMap":{"0":{"start":{"line":1,"column":0},"end":{"line":1,"column":27}},"1":{"start":{"line":2,"column":0},"end":{"line":2,"column":14}},"2":{"start":{"line":3,"column":0},"end":{"line":3,"column":17}},"3":{"start":{"line":4,"column":0},"end":{"line":4,"column":23}},"4":{"start":{"line":5,"column":0},"end":{"line":5,"column":17}},"5":{"start":{"line":6,"column":0},"end":{"line":6,"column":30}},"6":{"start":{"line":7,"column":0},"end":{"line":7,"column":18}},"7":{"start":{"line":8,"column":0},"end":{"line":8,"column":17}},"8":{"start":{"line":9,"column":0},"end":{"line":9,"column":17}},"9":{"start":{"line":10,"column":0},"end":{"line":10,"column":20}},"10":{"start":{"line":11,"column":0},"end":{"line":11,"column":21}},"11":{"start":{"line":12,"column":0},"end":{"line":12,"column":19}},"12":{"start":{"line":13,"column":0},"end":{"line":13,"column":17}},"13":{"start":{"line":14,"column":0},"end":{"line":14,"column":1}}},"s":{"0":0,"1":0,"2":0,"3":0,"4":0,"5":0,"6":0,"7":0,"8":0,"9":0,"10":0,"11":0,"12":0,"13":0},"branchMap":{"0":{"type":"branch","line":1,"loc":{"start":{"line":1,"column":0},"end":{"line":14,"column":1}},"locations":[{"start":{"line":1,"column":0},"end":{"line":14,"column":1}}]}},"b":{"0":[0]},"fnMap":{"0":{"name":"(empty-report)","decl":{"start":{"line":1,"column":0},"end":{"line":14,"column":1}},"loc":{"start":{"line":1,"column":0},"end":{"line":14,"column":1}},"line":1}},"f":{"0":0}}
,"/Users/Denis/rs/React/src/constants/function.ts": {"path":"/Users/Denis/rs/React/src/constants/function.ts","all":true,"statementMap":{"0":{"start":{"line":1,"column":0},"end":{"line":1,"column":55}},"1":{"start":{"line":2,"column":0},"end":{"line":2,"column":29}},"2":{"start":{"line":3,"column":0},"end":{"line":3,"column":18}},"3":{"start":{"line":4,"column":0},"end":{"line":4,"column":6}},"4":{"start":{"line":5,"column":0},"end":{"line":5,"column":52}},"5":{"start":{"line":6,"column":0},"end":{"line":6,"column":17}},"6":{"start":{"line":7,"column":0},"end":{"line":7,"column":42}},"7":{"start":{"line":8,"column":0},"end":{"line":8,"column":3}},"8":{"start":{"line":9,"column":0},"end":{"line":9,"column":17}},"9":{"start":{"line":10,"column":0},"end":{"line":10,"column":1}},"10":{"start":{"line":11,"column":0},"end":{"line":11,"column":0}},"11":{"start":{"line":12,"column":0},"end":{"line":12,"column":58}},"12":{"start":{"line":13,"column":0},"end":{"line":13,"column":29}},"13":{"start":{"line":14,"column":0},"end":{"line":14,"column":18}},"14":{"start":{"line":15,"column":0},"end":{"line":15,"column":3}},"15":{"start":{"line":16,"column":0},"end":{"line":16,"column":55}},"16":{"start":{"line":17,"column":0},"end":{"line":17,"column":17}},"17":{"start":{"line":18,"column":0},"end":{"line":18,"column":42}},"18":{"start":{"line":19,"column":0},"end":{"line":19,"column":3}},"19":{"start":{"line":20,"column":0},"end":{"line":20,"column":17}},"20":{"start":{"line":21,"column":0},"end":{"line":21,"column":1}}},"s":{"0":0,"1":0,"2":0,"3":0,"4":0,"5":0,"6":0,"7":0,"8":0,"9":0,"10":0,"11":0,"12":0,"13":0,"14":0,"15":0,"16":0,"17":0,"18":0,"19":0,"20":0},"branchMap":{"0":{"type":"branch","line":1,"loc":{"start":{"line":1,"column":0},"end":{"line":21,"column":1}},"locations":[{"start":{"line":1,"column":0},"end":{"line":21,"column":1}}]}},"b":{"0":[0]},"fnMap":{"0":{"name":"(empty-report)","decl":{"start":{"line":1,"column":0},"end":{"line":21,"column":1}},"loc":{"start":{"line":1,"column":0},"end":{"line":21,"column":1}},"line":1}},"f":{"0":0}}
,"/Users/Denis/rs/React/src/pages/404.tsx": {"path":"/Users/Denis/rs/React/src/pages/404.tsx","all":true,"statementMap":{"0":{"start":{"line":1,"column":0},"end":{"line":1,"column":34}},"1":{"start":{"line":2,"column":0},"end":{"line":2,"column":0}},"2":{"start":{"line":3,"column":0},"end":{"line":3,"column":35}},"3":{"start":{"line":4,"column":0},"end":{"line":4,"column":12}},"4":{"start":{"line":5,"column":0},"end":{"line":5,"column":12}},"5":{"start":{"line":6,"column":0},"end":{"line":6,"column":28}},"6":{"start":{"line":7,"column":0},"end":{"line":7,"column":51}},"7":{"start":{"line":8,"column":0},"end":{"line":8,"column":12}},"8":{"start":{"line":9,"column":0},"end":{"line":9,"column":6}},"9":{"start":{"line":10,"column":0},"end":{"line":10,"column":3}},"10":{"start":{"line":11,"column":0},"end":{"line":11,"column":1}},"11":{"start":{"line":12,"column":0},"end":{"line":12,"column":0}},"12":{"start":{"line":13,"column":0},"end":{"line":13,"column":25}}},"s":{"0":0,"1":0,"2":0,"3":0,"4":0,"5":0,"6":0,"7":0,"8":0,"9":0,"10":0,"11":0,"12":0},"branchMap":{"0":{"type":"branch","line":1,"loc":{"start":{"line":1,"column":0},"end":{"line":13,"column":25}},"locations":[{"start":{"line":1,"column":0},"end":{"line":13,"column":25}}]}},"b":{"0":[0]},"fnMap":{"0":{"name":"(empty-report)","decl":{"start":{"line":1,"column":0},"end":{"line":13,"column":25}},"loc":{"start":{"line":1,"column":0},"end":{"line":13,"column":25}},"line":1}},"f":{"0":0}}
,"/Users/Denis/rs/React/src/pages/about.tsx": {"path":"/Users/Denis/rs/React/src/pages/about.tsx","all":true,"statementMap":{"0":{"start":{"line":1,"column":0},"end":{"line":1,"column":34}},"1":{"start":{"line":2,"column":0},"end":{"line":2,"column":0}},"2":{"start":{"line":3,"column":0},"end":{"line":3,"column":35}},"3":{"start":{"line":4,"column":0},"end":{"line":4,"column":12}},"4":{"start":{"line":5,"column":0},"end":{"line":5,"column":12}},"5":{"start":{"line":6,"column":0},"end":{"line":6,"column":28}},"6":{"start":{"line":7,"column":0},"end":{"line":7,"column":65}},"7":{"start":{"line":8,"column":0},"end":{"line":8,"column":12}},"8":{"start":{"line":9,"column":0},"end":{"line":9,"column":6}},"9":{"start":{"line":10,"column":0},"end":{"line":10,"column":3}},"10":{"start":{"line":11,"column":0},"end":{"line":11,"column":1}},"11":{"start":{"line":12,"column":0},"end":{"line":12,"column":0}},"12":{"start":{"line":13,"column":0},"end":{"line":13,"column":25}}},"s":{"0":0,"1":0,"2":0,"3":0,"4":0,"5":0,"6":0,"7":0,"8":0,"9":0,"10":0,"11":0,"12":0},"branchMap":{"0":{"type":"branch","line":1,"loc":{"start":{"line":1,"column":0},"end":{"line":13,"column":25}},"locations":[{"start":{"line":1,"column":0},"end":{"line":13,"column":25}}]}},"b":{"0":[0]},"fnMap":{"0":{"name":"(empty-report)","decl":{"start":{"line":1,"column":0},"end":{"line":13,"column":25}},"loc":{"start":{"line":1,"column":0},"end":{"line":13,"column":25}},"line":1}},"f":{"0":0}}
,"/Users/Denis/rs/React/src/pages/main.tsx": {"path":"/Users/Denis/rs/React/src/pages/main.tsx","all":true,"statementMap":{"0":{"start":{"line":1,"column":0},"end":{"line":1,"column":34}},"1":{"start":{"line":2,"column":0},"end":{"line":2,"column":47}},"2":{"start":{"line":3,"column":0},"end":{"line":3,"column":38}},"3":{"start":{"line":4,"column":0},"end":{"line":4,"column":46}},"4":{"start":{"line":5,"column":0},"end":{"line":5,"column":34}},"5":{"start":{"line":6,"column":0},"end":{"line":6,"column":47}},"6":{"start":{"line":7,"column":0},"end":{"line":7,"column":44}},"7":{"start":{"line":8,"column":0},"end":{"line":8,"column":5}},"8":{"start":{"line":9,"column":0},"end":{"line":9,"column":0}},"9":{"start":{"line":10,"column":0},"end":{"line":10,"column":12}},"10":{"start":{"line":11,"column":0},"end":{"line":11,"column":12}},"11":{"start":{"line":12,"column":0},"end":{"line":12,"column":28}},"12":{"start":{"line":13,"column":0},"end":{"line":13,"column":22}},"13":{"start":{"line":14,"column":0},"end":{"line":14,"column":69}},"14":{"start":{"line":15,"column":0},"end":{"line":15,"column":12}},"15":{"start":{"line":16,"column":0},"end":{"line":16,"column":6}},"16":{"start":{"line":17,"column":0},"end":{"line":17,"column":3}},"17":{"start":{"line":18,"column":0},"end":{"line":18,"column":1}},"18":{"start":{"line":19,"column":0},"end":{"line":19,"column":0}},"19":{"start":{"line":20,"column":0},"end":{"line":20,"column":24}}},"s":{"0":0,"1":0,"2":0,"3":0,"4":0,"5":0,"6":0,"7":0,"8":0,"9":0,"10":0,"11":0,"12":0,"13":0,"14":0,"15":0,"16":0,"17":0,"18":0,"19":0},"branchMap":{"0":{"type":"branch","line":1,"loc":{"start":{"line":1,"column":0},"end":{"line":20,"column":24}},"locations":[{"start":{"line":1,"column":0},"end":{"line":20,"column":24}}]}},"b":{"0":[0]},"fnMap":{"0":{"name":"(empty-report)","decl":{"start":{"line":1,"column":0},"end":{"line":20,"column":24}},"loc":{"start":{"line":1,"column":0},"end":{"line":20,"column":24}},"line":1}},"f":{"0":0}}
}
